[ 2018-07-26T12:42:03+08:00 ] 127.0.0.1 /Public/Uploads/img/20180718/5b4eeec4799e5.jpg
INFO: [ app_init ] --START--
INFO: Run Behavior\BuildLiteBehavior [ RunTime:0.000042s ]
INFO: [ app_init ] --END-- [ RunTime:0.000899s ]
ERR: 无法加载模块:Public

[ 2018-07-26T12:42:03+08:00 ] 127.0.0.1 /Public/Uploads/img/20180722/5b549ac4496d4.jpg
INFO: [ app_init ] --START--
INFO: Run Behavior\BuildLiteBehavior [ RunTime:0.000044s ]
INFO: [ app_init ] --END-- [ RunTime:0.000792s ]
ERR: 无法加载模块:Public

[ 2018-07-26T12:42:03+08:00 ] 127.0.0.1 /Public/Uploads/img/20180723/5b555b67ef59c.jpg
INFO: [ app_init ] --START--
INFO: Run Behavior\BuildLiteBehavior [ RunTime:0.000115s ]
INFO: [ app_init ] --END-- [ RunTime:0.001034s ]
ERR: 无法加载模块:Public

[ 2018-07-26T12:42:03+08:00 ] 127.0.0.1 /Public/Uploads/img/20180722/5b549afbb143e.jpg
INFO: [ app_init ] --START--
INFO: Run Behavior\BuildLiteBehavior [ RunTime:0.000041s ]
INFO: [ app_init ] --END-- [ RunTime:0.000841s ]
ERR: 无法加载模块:Public

[ 2018-07-26T12:42:15+08:00 ] 127.0.0.1 /Public/Uploads/img/20180718/5b4eeec4799e5.jpg
INFO: [ app_init ] --START--
INFO: Run Behavior\BuildLiteBehavior [ RunTime:0.000051s ]
INFO: [ app_init ] --END-- [ RunTime:0.001043s ]
ERR: 无法加载模块:Public

[ 2018-07-26T12:42:25+08:00 ] 127.0.0.1 /Public/Uploads/img/20180722/5b549ac4496d4.jpg
INFO: [ app_init ] --START--
INFO: Run Behavior\BuildLiteBehavior [ RunTime:0.000177s ]
INFO: [ app_init ] --END-- [ RunTime:0.002267s ]
ERR: 无法加载模块:Public

[ 2018-07-26T12:42:26+08:00 ] 127.0.0.1 /Public/Uploads/img/20180722/5b549afbb143e.jpg
INFO: [ app_init ] --START--
INFO: Run Behavior\BuildLiteBehavior [ RunTime:0.000251s ]
INFO: [ app_init ] --END-- [ RunTime:0.003535s ]
ERR: 无法加载模块:Public

[ 2018-07-26T12:42:26+08:00 ] 127.0.0.1 /Public/Uploads/img/20180723/5b555b67ef59c.jpg
INFO: [ app_init ] --START--
INFO: Run Behavior\BuildLiteBehavior [ RunTime:0.000046s ]
INFO: [ app_init ] --END-- [ RunTime:0.004283s ]
ERR: 无法加载模块:Public

[ 2018-07-26T12:42:33+08:00 ] 127.0.0.1 /Public/Uploads/img/20180722/5b549ac4496d4.jpg
INFO: [ app_init ] --START--
INFO: Run Behavior\BuildLiteBehavior [ RunTime:0.000168s ]
INFO: [ app_init ] --END-- [ RunTime:0.001447s ]
ERR: 无法加载模块:Public

[ 2018-07-26T12:42:38+08:00 ] 127.0.0.1 /Public/Uploads/img/20180722/5b549ac4496d4.jpg
INFO: [ app_init ] --START--
INFO: Run Behavior\BuildLiteBehavior [ RunTime:0.000029s ]
INFO: [ app_init ] --END-- [ RunTime:0.000587s ]
ERR: 无法加载模块:Public

[ 2018-07-26T12:42:41+08:00 ] 127.0.0.1 /Public/Uploads/img/20180722/5b549ac4496d4.jpg
INFO: [ app_init ] --START--
INFO: Run Behavior\BuildLiteBehavior [ RunTime:0.000030s ]
INFO: [ app_init ] --END-- [ RunTime:0.000611s ]
ERR: 无法加载模块:Public

[ 2018-07-26T12:42:47+08:00 ] 127.0.0.1 /Public/Uploads/img/20180722/5b549ac4496d4.jpg
INFO: [ app_init ] --START--
INFO: Run Behavior\BuildLiteBehavior [ RunTime:0.000030s ]
INFO: [ app_init ] --END-- [ RunTime:0.000769s ]
ERR: 无法加载模块:Public

[ 2018-07-26T12:42:51+08:00 ] 127.0.0.1 /Public/Uploads/img/20180722/5b549afbb143e.jpg
INFO: [ app_init ] --START--
INFO: Run Behavior\BuildLiteBehavior [ RunTime:0.000262s ]
INFO: [ app_init ] --END-- [ RunTime:0.013660s ]
ERR: 无法加载模块:Public

[ 2018-07-26T12:42:51+08:00 ] 127.0.0.1 /Public/Uploads/img/20180723/5b555b67ef59c.jpg
INFO: [ app_init ] --START--
INFO: Run Behavior\BuildLiteBehavior [ RunTime:0.000049s ]
INFO: [ app_init ] --END-- [ RunTime:0.000941s ]
ERR: 无法加载模块:Public

