[ 2018-07-10T11:00:30+08:00 ] 127.0.0.1 /admin
INFO: [ app_init ] --START--
INFO: Run Behavior\BuildLiteBehavior [ RunTime:0.000035s ]
INFO: [ app_init ] --END-- [ RunTime:0.001611s ]
INFO: [ app_begin ] --START--
INFO: Run Behavior\ReadHtmlCacheBehavior [ RunTime:0.001407s ]
INFO: [ app_begin ] --END-- [ RunTime:0.001570s ]
SQL: SELECT COUNT(*) AS tp_count FROM `xman_auth_rule` WHERE `status` = 1 AND `name` = 'admin/index/index' LIMIT 1   [ RunTime:0.0008s ]
SQL: SHOW COLUMNS FROM `xman_auth_group_access` [ RunTime:0.0181s ]
SQL: SELECT `uid`,`group_id`,`title`,`rules` FROM xman_auth_group_access a INNER JOIN xman_auth_group g on a.group_id=g.id  WHERE ( a.uid='2' and g.status='1' )  [ RunTime:0.0009s ]
SQL: SELECT * FROM `xman_auth_menus` WHERE `pid` = 0  [ RunTime:0.0009s ]
SQL: SELECT * FROM `xman_admin_user` WHERE `id` = 2 LIMIT 1   [ RunTime:0.0025s ]
INFO: [ view_parse ] --START--
INFO: [ template_filter ] --START--
INFO: Run Behavior\ContentReplaceBehavior [ RunTime:0.000140s ]
INFO: [ template_filter ] --END-- [ RunTime:0.000334s ]
INFO: Run Behavior\ParseTemplateBehavior [ RunTime:0.020076s ]
INFO: [ view_parse ] --END-- [ RunTime:0.020431s ]
INFO: [ view_filter ] --START--
INFO: Run Behavior\WriteHtmlCacheBehavior [ RunTime:0.000916s ]
INFO: [ view_filter ] --END-- [ RunTime:0.001058s ]
INFO: [ app_end ] --START--
INFO: Run Behavior\ShowPageTraceBehavior [ RunTime:0.001620s ]
INFO: [ app_end ] --END-- [ RunTime:0.001820s ]

[ 2018-07-10T11:00:32+08:00 ] 127.0.0.1 /admin/index/getmenu/id/1
INFO: [ app_init ] --START--
INFO: Run Behavior\BuildLiteBehavior [ RunTime:0.000030s ]
INFO: [ app_init ] --END-- [ RunTime:0.000610s ]
INFO: [ app_begin ] --START--
INFO: Run Behavior\ReadHtmlCacheBehavior [ RunTime:0.001002s ]
INFO: [ app_begin ] --END-- [ RunTime:0.001127s ]
SQL: SELECT COUNT(*) AS tp_count FROM `xman_auth_rule` WHERE `status` = 1 AND `name` = 'admin/index/getmenu' LIMIT 1   [ RunTime:0.0005s ]
SQL: SHOW COLUMNS FROM `xman_auth_group_access` [ RunTime:0.0178s ]
SQL: SELECT `uid`,`group_id`,`title`,`rules` FROM xman_auth_group_access a INNER JOIN xman_auth_group g on a.group_id=g.id  WHERE ( a.uid='2' and g.status='1' )  [ RunTime:0.0006s ]
SQL: SELECT a.*,r.name as href,r.is_url FROM xman_auth_menus as a left JOIN xman_auth_rule as r on r.id=a.rule_id  WHERE a.pid = '1'  [ RunTime:0.0006s ]
SQL: SELECT a.*,r.name as href FROM xman_auth_menus as a left JOIN xman_auth_rule as r on r.id=a.rule_id  WHERE a.pid = '9'  [ RunTime:0.0006s ]
SQL: SELECT a.*,r.name as href FROM xman_auth_menus as a left JOIN xman_auth_rule as r on r.id=a.rule_id  WHERE a.pid = '10'  [ RunTime:0.0003s ]
SQL: SELECT a.*,r.name as href FROM xman_auth_menus as a left JOIN xman_auth_rule as r on r.id=a.rule_id  WHERE a.pid = '11'  [ RunTime:0.0003s ]

