[ 2018-07-04T17:23:23+08:00 ] 127.0.0.1 /admin
INFO: [ app_init ] --START--
INFO: Run Behavior\BuildLiteBehavior [ RunTime:0.000042s ]
INFO: [ app_init ] --END-- [ RunTime:0.001406s ]
INFO: [ app_begin ] --START--
INFO: Run Behavior\ReadHtmlCacheBehavior [ RunTime:0.001804s ]
INFO: [ app_begin ] --END-- [ RunTime:0.002086s ]

[ 2018-07-04T17:23:23+08:00 ] 127.0.0.1 /admin
INFO: [ app_init ] --START--
INFO: Run Behavior\BuildLiteBehavior [ RunTime:0.000049s ]
INFO: [ app_init ] --END-- [ RunTime:0.000901s ]
INFO: [ app_begin ] --START--
INFO: Run Behavior\ReadHtmlCacheBehavior [ RunTime:0.002474s ]
INFO: [ app_begin ] --END-- [ RunTime:0.002707s ]

[ 2018-07-04T17:23:23+08:00 ] 127.0.0.1 /index.php/admin/login/index/jumpLink/http%253A%252F%252F127.0.0.24%252Fadmin.html
INFO: [ app_init ] --START--
INFO: Run Behavior\BuildLiteBehavior [ RunTime:0.000039s ]
INFO: [ app_init ] --END-- [ RunTime:0.000706s ]
INFO: [ app_begin ] --START--
INFO: Run Behavior\ReadHtmlCacheBehavior [ RunTime:0.000866s ]
INFO: [ app_begin ] --END-- [ RunTime:0.001000s ]
INFO: [ view_parse ] --START--
INFO: [ template_filter ] --START--
INFO: Run Behavior\ContentReplaceBehavior [ RunTime:0.000076s ]
INFO: [ template_filter ] --END-- [ RunTime:0.000201s ]
INFO: Run Behavior\ParseTemplateBehavior [ RunTime:0.012363s ]
INFO: [ view_parse ] --END-- [ RunTime:0.012551s ]
INFO: [ view_filter ] --START--
INFO: Run Behavior\WriteHtmlCacheBehavior [ RunTime:0.000923s ]
INFO: [ view_filter ] --END-- [ RunTime:0.001075s ]
INFO: [ app_end ] --START--
INFO: Run Behavior\ShowPageTraceBehavior [ RunTime:0.002614s ]
INFO: [ app_end ] --END-- [ RunTime:0.002864s ]

[ 2018-07-04T17:23:24+08:00 ] 127.0.0.1 /admin/login/getCodeImg?imageH=35&imageW=115&length=4&fontSize=17
INFO: [ app_init ] --START--
INFO: Run Behavior\BuildLiteBehavior [ RunTime:0.000185s ]
INFO: [ app_init ] --END-- [ RunTime:0.003952s ]
INFO: [ app_begin ] --START--
INFO: Run Behavior\ReadHtmlCacheBehavior [ RunTime:0.001544s ]
INFO: [ app_begin ] --END-- [ RunTime:0.001760s ]
INFO: [ app_end ] --START--
INFO: Run Behavior\ShowPageTraceBehavior [ RunTime:0.001961s ]
INFO: [ app_end ] --END-- [ RunTime:0.002199s ]

[ 2018-07-04T17:23:30+08:00 ] 127.0.0.1 /admin/login/getCodeImg?imageH=35&imageW=115&length=4&fontSize=17&rand=Wed%20Jul%2004%202018%2017:23:30%20GMT+0800%20(%E4%B8%AD%E5%9B%BD%E6%A0%87%E5%87%86%E6%97%B6%E9%97%B4)
INFO: [ app_init ] --START--
INFO: Run Behavior\BuildLiteBehavior [ RunTime:0.000040s ]
INFO: [ app_init ] --END-- [ RunTime:0.001039s ]
INFO: [ app_begin ] --START--
INFO: Run Behavior\ReadHtmlCacheBehavior [ RunTime:0.002223s ]
INFO: [ app_begin ] --END-- [ RunTime:0.002458s ]
INFO: [ app_end ] --START--
INFO: Run Behavior\ShowPageTraceBehavior [ RunTime:0.001207s ]
INFO: [ app_end ] --END-- [ RunTime:0.001369s ]

[ 2018-07-04T17:23:38+08:00 ] 127.0.0.1 /admin/login/getCodeImg?imageH=35&imageW=115&length=4&fontSize=17&rand=Wed%20Jul%2004%202018%2017:23:38%20GMT+0800%20(%E4%B8%AD%E5%9B%BD%E6%A0%87%E5%87%86%E6%97%B6%E9%97%B4)
INFO: [ app_init ] --START--
INFO: Run Behavior\BuildLiteBehavior [ RunTime:0.000055s ]
INFO: [ app_init ] --END-- [ RunTime:0.001922s ]
INFO: [ app_begin ] --START--
INFO: Run Behavior\ReadHtmlCacheBehavior [ RunTime:0.001094s ]
INFO: [ app_begin ] --END-- [ RunTime:0.001331s ]
INFO: [ app_end ] --START--
INFO: Run Behavior\ShowPageTraceBehavior [ RunTime:0.001015s ]
INFO: [ app_end ] --END-- [ RunTime:0.001172s ]

[ 2018-07-04T17:23:38+08:00 ] 127.0.0.1 /admin/login/check
INFO: [ app_init ] --START--
INFO: Run Behavior\BuildLiteBehavior [ RunTime:0.000035s ]
INFO: [ app_init ] --END-- [ RunTime:0.000680s ]
INFO: [ app_begin ] --START--
INFO: Run Behavior\ReadHtmlCacheBehavior [ RunTime:0.001963s ]
INFO: [ app_begin ] --END-- [ RunTime:0.002158s ]

[ 2018-07-04T17:23:44+08:00 ] 127.0.0.1 /admin/login/check
INFO: [ app_init ] --START--
INFO: Run Behavior\BuildLiteBehavior [ RunTime:0.000297s ]
INFO: [ app_init ] --END-- [ RunTime:0.001551s ]
INFO: [ app_begin ] --START--
INFO: Run Behavior\ReadHtmlCacheBehavior [ RunTime:0.002297s ]
INFO: [ app_begin ] --END-- [ RunTime:0.002574s ]
SQL: SELECT * FROM `xman_admin_user` WHERE `username` = 'admin11' LIMIT 1   [ RunTime:0.0162s ]
SQL: SELECT * FROM `xman_auth_group_access` WHERE `uid` = 2  [ RunTime:0.0041s ]

[ 2018-07-04T17:23:44+08:00 ] 127.0.0.1 /admin/login/getCodeImg?imageH=35&imageW=115&length=4&fontSize=17&rand=Wed%20Jul%2004%202018%2017:23:44%20GMT+0800%20(%E4%B8%AD%E5%9B%BD%E6%A0%87%E5%87%86%E6%97%B6%E9%97%B4)
INFO: [ app_init ] --START--
INFO: Run Behavior\BuildLiteBehavior [ RunTime:0.000042s ]
INFO: [ app_init ] --END-- [ RunTime:0.000925s ]
INFO: [ app_begin ] --START--
INFO: Run Behavior\ReadHtmlCacheBehavior [ RunTime:0.001848s ]
INFO: [ app_begin ] --END-- [ RunTime:0.002096s ]
INFO: [ app_end ] --START--
INFO: Run Behavior\ShowPageTraceBehavior [ RunTime:0.001604s ]
INFO: [ app_end ] --END-- [ RunTime:0.001789s ]

[ 2018-07-04T17:23:45+08:00 ] 127.0.0.1 /admin
INFO: [ app_init ] --START--
INFO: Run Behavior\BuildLiteBehavior [ RunTime:0.000027s ]
INFO: [ app_init ] --END-- [ RunTime:0.000760s ]
INFO: [ app_begin ] --START--
INFO: Run Behavior\ReadHtmlCacheBehavior [ RunTime:0.001451s ]
INFO: [ app_begin ] --END-- [ RunTime:0.001606s ]
SQL: SELECT COUNT(*) AS tp_count FROM `xman_auth_rule` WHERE `status` = 1 AND `name` = 'admin/index/index' LIMIT 1   [ RunTime:0.0073s ]
SQL: SHOW COLUMNS FROM `xman_auth_group_access` [ RunTime:0.0191s ]
SQL: SELECT `uid`,`group_id`,`title`,`rules` FROM xman_auth_group_access a INNER JOIN xman_auth_group g on a.group_id=g.id  WHERE ( a.uid='2' and g.status='1' )  [ RunTime:0.0033s ]
SQL: SELECT * FROM `xman_auth_menus` WHERE `pid` = 0  [ RunTime:0.0041s ]
SQL: SELECT * FROM `xman_admin_user` WHERE `id` = 2 LIMIT 1   [ RunTime:0.0004s ]
INFO: [ view_parse ] --START--
INFO: [ template_filter ] --START--
INFO: Run Behavior\ContentReplaceBehavior [ RunTime:0.000135s ]
INFO: [ template_filter ] --END-- [ RunTime:0.000268s ]
INFO: Run Behavior\ParseTemplateBehavior [ RunTime:0.021065s ]
INFO: [ view_parse ] --END-- [ RunTime:0.021255s ]
INFO: [ view_filter ] --START--
INFO: Run Behavior\WriteHtmlCacheBehavior [ RunTime:0.000763s ]
INFO: [ view_filter ] --END-- [ RunTime:0.000922s ]
INFO: [ app_end ] --START--
INFO: Run Behavior\ShowPageTraceBehavior [ RunTime:0.001511s ]
INFO: [ app_end ] --END-- [ RunTime:0.001697s ]

[ 2018-07-04T17:23:47+08:00 ] 127.0.0.1 /admin/index/getmenu/id/1
INFO: [ app_init ] --START--
INFO: Run Behavior\BuildLiteBehavior [ RunTime:0.000028s ]
INFO: [ app_init ] --END-- [ RunTime:0.000605s ]
INFO: [ app_begin ] --START--
INFO: Run Behavior\ReadHtmlCacheBehavior [ RunTime:0.001433s ]
INFO: [ app_begin ] --END-- [ RunTime:0.001618s ]
SQL: SELECT COUNT(*) AS tp_count FROM `xman_auth_rule` WHERE `status` = 1 AND `name` = 'admin/index/getmenu' LIMIT 1   [ RunTime:0.0003s ]
SQL: SHOW COLUMNS FROM `xman_auth_group_access` [ RunTime:0.0134s ]
SQL: SELECT `uid`,`group_id`,`title`,`rules` FROM xman_auth_group_access a INNER JOIN xman_auth_group g on a.group_id=g.id  WHERE ( a.uid='2' and g.status='1' )  [ RunTime:0.0007s ]
SQL: SELECT a.*,r.name as href,r.is_url FROM xman_auth_menus as a left JOIN xman_auth_rule as r on r.id=a.rule_id  WHERE a.pid = '1'  [ RunTime:0.0008s ]
SQL: SELECT a.*,r.name as href FROM xman_auth_menus as a left JOIN xman_auth_rule as r on r.id=a.rule_id  WHERE a.pid = '9'  [ RunTime:0.0003s ]
SQL: SELECT a.*,r.name as href FROM xman_auth_menus as a left JOIN xman_auth_rule as r on r.id=a.rule_id  WHERE a.pid = '10'  [ RunTime:0.0003s ]
SQL: SELECT a.*,r.name as href FROM xman_auth_menus as a left JOIN xman_auth_rule as r on r.id=a.rule_id  WHERE a.pid = '11'  [ RunTime:0.0004s ]

[ 2018-07-04T17:23:51+08:00 ] 127.0.0.1 /admin/index/getmenu/id/3
INFO: [ app_init ] --START--
INFO: Run Behavior\BuildLiteBehavior [ RunTime:0.000024s ]
INFO: [ app_init ] --END-- [ RunTime:0.000679s ]
INFO: [ app_begin ] --START--
INFO: Run Behavior\ReadHtmlCacheBehavior [ RunTime:0.001242s ]
INFO: [ app_begin ] --END-- [ RunTime:0.001402s ]
SQL: SELECT COUNT(*) AS tp_count FROM `xman_auth_rule` WHERE `status` = 1 AND `name` = 'admin/index/getmenu' LIMIT 1   [ RunTime:0.0004s ]
SQL: SHOW COLUMNS FROM `xman_auth_group_access` [ RunTime:0.0265s ]
SQL: SELECT `uid`,`group_id`,`title`,`rules` FROM xman_auth_group_access a INNER JOIN xman_auth_group g on a.group_id=g.id  WHERE ( a.uid='2' and g.status='1' )  [ RunTime:0.0005s ]
SQL: SELECT a.*,r.name as href,r.is_url FROM xman_auth_menus as a left JOIN xman_auth_rule as r on r.id=a.rule_id  WHERE a.pid = '3'  [ RunTime:0.0006s ]
SQL: SELECT a.*,r.name as href FROM xman_auth_menus as a left JOIN xman_auth_rule as r on r.id=a.rule_id  WHERE a.pid = '5'  [ RunTime:0.0004s ]
SQL: SELECT a.*,r.name as href FROM xman_auth_menus as a left JOIN xman_auth_rule as r on r.id=a.rule_id  WHERE a.pid = '18'  [ RunTime:0.0004s ]
SQL: SELECT a.*,r.name as href FROM xman_auth_menus as a left JOIN xman_auth_rule as r on r.id=a.rule_id  WHERE a.pid = '19'  [ RunTime:0.0003s ]
SQL: SELECT a.*,r.name as href FROM xman_auth_menus as a left JOIN xman_auth_rule as r on r.id=a.rule_id  WHERE a.pid = '20'  [ RunTime:0.0003s ]
SQL: SELECT a.*,r.name as href FROM xman_auth_menus as a left JOIN xman_auth_rule as r on r.id=a.rule_id  WHERE a.pid = '21'  [ RunTime:0.0003s ]
SQL: SELECT a.*,r.name as href FROM xman_auth_menus as a left JOIN xman_auth_rule as r on r.id=a.rule_id  WHERE a.pid = '22'  [ RunTime:0.0004s ]

[ 2018-07-04T17:23:52+08:00 ] 127.0.0.1 /admin/auth/rule
INFO: [ app_init ] --START--
INFO: Run Behavior\BuildLiteBehavior [ RunTime:0.000040s ]
INFO: [ app_init ] --END-- [ RunTime:0.000707s ]
INFO: [ app_begin ] --START--
INFO: Run Behavior\ReadHtmlCacheBehavior [ RunTime:0.001060s ]
INFO: [ app_begin ] --END-- [ RunTime:0.001192s ]
SQL: SELECT COUNT(*) AS tp_count FROM `xman_auth_rule` WHERE `status` = 1 AND `name` = 'admin/auth/rule' LIMIT 1   [ RunTime:0.0008s ]
SQL: SHOW COLUMNS FROM `xman_auth_group_access` [ RunTime:0.0171s ]
SQL: SELECT `uid`,`group_id`,`title`,`rules` FROM xman_auth_group_access a INNER JOIN xman_auth_group g on a.group_id=g.id  WHERE ( a.uid='2' and g.status='1' )  [ RunTime:0.0007s ]
SQL: SHOW COLUMNS FROM `xman_auth_rule` [ RunTime:0.0173s ]
SQL: SELECT `condition`,`name` FROM `xman_auth_rule` WHERE `id` IN ('1','2','5','6','10','11','12','13','14','15','16','17','18','19','20','21','22','23','24','25','26','27','28','29','30','31','32','37','38','39','40','41','42','43','44','45','46','47','57') AND `type` = 1 AND `status` = 1  [ RunTime:0.0006s ]
SQL: SELECT `title`,`id`,`pid` FROM `xman_auth_rule` WHERE `status` = 1  [ RunTime:0.0005s ]
NOTIC: [8] Undefined index: weight C:\E\PHPIDE\VertrigoServ\www\xinyadmin\ThinkPHP\Library\Org\Util\Data.class.php 第 130 行.
NOTIC: [8] Undefined index: weight C:\E\PHPIDE\VertrigoServ\www\xinyadmin\ThinkPHP\Library\Org\Util\Data.class.php 第 133 行.
NOTIC: [8] Undefined index: weight C:\E\PHPIDE\VertrigoServ\www\xinyadmin\ThinkPHP\Library\Org\Util\Data.class.php 第 133 行.
NOTIC: [8] Undefined index: weight C:\E\PHPIDE\VertrigoServ\www\xinyadmin\ThinkPHP\Library\Org\Util\Data.class.php 第 133 行.
NOTIC: [8] Undefined index: weight C:\E\PHPIDE\VertrigoServ\www\xinyadmin\ThinkPHP\Library\Org\Util\Data.class.php 第 136 行.
NOTIC: [8] Undefined index: weight C:\E\PHPIDE\VertrigoServ\www\xinyadmin\ThinkPHP\Library\Org\Util\Data.class.php 第 136 行.
NOTIC: [8] Undefined index: weight C:\E\PHPIDE\VertrigoServ\www\xinyadmin\ThinkPHP\Library\Org\Util\Data.class.php 第 130 行.
NOTIC: [8] Undefined index: weight C:\E\PHPIDE\VertrigoServ\www\xinyadmin\ThinkPHP\Library\Org\Util\Data.class.php 第 133 行.
NOTIC: [8] Undefined index: weight C:\E\PHPIDE\VertrigoServ\www\xinyadmin\ThinkPHP\Library\Org\Util\Data.class.php 第 133 行.
NOTIC: [8] Undefined index: weight C:\E\PHPIDE\VertrigoServ\www\xinyadmin\ThinkPHP\Library\Org\Util\Data.class.php 第 130 行.
NOTIC: [8] Undefined index: weight C:\E\PHPIDE\VertrigoServ\www\xinyadmin\ThinkPHP\Library\Org\Util\Data.class.php 第 133 行.
NOTIC: [8] Undefined index: weight C:\E\PHPIDE\VertrigoServ\www\xinyadmin\ThinkPHP\Library\Org\Util\Data.class.php 第 133 行.
NOTIC: [8] Undefined index: weight C:\E\PHPIDE\VertrigoServ\www\xinyadmin\ThinkPHP\Library\Org\Util\Data.class.php 第 133 行.
NOTIC: [8] Undefined index: weight C:\E\PHPIDE\VertrigoServ\www\xinyadmin\ThinkPHP\Library\Org\Util\Data.class.php 第 133 行.
NOTIC: [8] Undefined index: weight C:\E\PHPIDE\VertrigoServ\www\xinyadmin\ThinkPHP\Library\Org\Util\Data.class.php 第 133 行.
NOTIC: [8] Undefined index: weight C:\E\PHPIDE\VertrigoServ\www\xinyadmin\ThinkPHP\Library\Org\Util\Data.class.php 第 136 行.
NOTIC: [8] Undefined index: weight C:\E\PHPIDE\VertrigoServ\www\xinyadmin\ThinkPHP\Library\Org\Util\Data.class.php 第 136 行.
NOTIC: [8] Undefined index: weight C:\E\PHPIDE\VertrigoServ\www\xinyadmin\ThinkPHP\Library\Org\Util\Data.class.php 第 136 行.
NOTIC: [8] Undefined index: weight C:\E\PHPIDE\VertrigoServ\www\xinyadmin\ThinkPHP\Library\Org\Util\Data.class.php 第 133 行.
NOTIC: [8] Undefined index: weight C:\E\PHPIDE\VertrigoServ\www\xinyadmin\ThinkPHP\Library\Org\Util\Data.class.php 第 136 行.
NOTIC: [8] Undefined index: weight C:\E\PHPIDE\VertrigoServ\www\xinyadmin\ThinkPHP\Library\Org\Util\Data.class.php 第 136 行.
NOTIC: [8] Undefined index: weight C:\E\PHPIDE\VertrigoServ\www\xinyadmin\ThinkPHP\Library\Org\Util\Data.class.php 第 136 行.
NOTIC: [8] Undefined index: weight C:\E\PHPIDE\VertrigoServ\www\xinyadmin\ThinkPHP\Library\Org\Util\Data.class.php 第 136 行.
NOTIC: [8] Undefined index: weight C:\E\PHPIDE\VertrigoServ\www\xinyadmin\ThinkPHP\Library\Org\Util\Data.class.php 第 130 行.
NOTIC: [8] Undefined index: weight C:\E\PHPIDE\VertrigoServ\www\xinyadmin\ThinkPHP\Library\Org\Util\Data.class.php 第 133 行.
NOTIC: [8] Undefined index: weight C:\E\PHPIDE\VertrigoServ\www\xinyadmin\ThinkPHP\Library\Org\Util\Data.class.php 第 133 行.
NOTIC: [8] Undefined index: weight C:\E\PHPIDE\VertrigoServ\www\xinyadmin\ThinkPHP\Library\Org\Util\Data.class.php 第 133 行.
INFO: [ view_parse ] --START--
INFO: [ template_filter ] --START--
INFO: Run Behavior\ContentReplaceBehavior [ RunTime:0.000141s ]
INFO: [ template_filter ] --END-- [ RunTime:0.000283s ]
INFO: Run Behavior\ParseTemplateBehavior [ RunTime:0.018570s ]
INFO: [ view_parse ] --END-- [ RunTime:0.018724s ]
INFO: [ view_filter ] --START--
INFO: Run Behavior\WriteHtmlCacheBehavior [ RunTime:0.000751s ]
INFO: [ view_filter ] --END-- [ RunTime:0.000875s ]
INFO: [ app_end ] --START--
INFO: Run Behavior\ShowPageTraceBehavior [ RunTime:0.001544s ]
INFO: [ app_end ] --END-- [ RunTime:0.001739s ]

[ 2018-07-04T17:23:53+08:00 ] 127.0.0.1 /admin/auth/rule
INFO: [ app_init ] --START--
INFO: Run Behavior\BuildLiteBehavior [ RunTime:0.000031s ]
INFO: [ app_init ] --END-- [ RunTime:0.003794s ]
INFO: [ app_begin ] --START--
INFO: Run Behavior\ReadHtmlCacheBehavior [ RunTime:0.001647s ]
INFO: [ app_begin ] --END-- [ RunTime:0.002103s ]
SQL: SELECT COUNT(*) AS tp_count FROM `xman_auth_rule` WHERE `status` = 1 AND `name` = 'admin/auth/rule' LIMIT 1   [ RunTime:0.0004s ]
SQL: SHOW COLUMNS FROM `xman_auth_group_access` [ RunTime:0.0138s ]
SQL: SELECT `uid`,`group_id`,`title`,`rules` FROM xman_auth_group_access a INNER JOIN xman_auth_group g on a.group_id=g.id  WHERE ( a.uid='2' and g.status='1' )  [ RunTime:0.0004s ]
SQL: SHOW COLUMNS FROM `xman_auth_rule` [ RunTime:0.0161s ]
SQL: SELECT `condition`,`name` FROM `xman_auth_rule` WHERE `id` IN ('1','2','5','6','10','11','12','13','14','15','16','17','18','19','20','21','22','23','24','25','26','27','28','29','30','31','32','37','38','39','40','41','42','43','44','45','46','47','57') AND `type` = 1 AND `status` = 1  [ RunTime:0.0007s ]
NOTIC: [8] Undefined index: keyword C:\E\PHPIDE\VertrigoServ\www\xinyadmin\Application\Admin\Controller\AuthController.class.php 第 49 行.
SQL: SELECT * FROM `xman_auth_rule` WHERE (  1  )  [ RunTime:0.0007s ]
SQL: SELECT COUNT(*) AS tp_count FROM `xman_auth_rule` WHERE (  1  ) LIMIT 1   [ RunTime:0.0005s ]
NOTIC: [8] Undefined index: weight C:\E\PHPIDE\VertrigoServ\www\xinyadmin\ThinkPHP\Library\Org\Util\Data.class.php 第 130 行.
NOTIC: [8] Undefined index: weight C:\E\PHPIDE\VertrigoServ\www\xinyadmin\ThinkPHP\Library\Org\Util\Data.class.php 第 133 行.
NOTIC: [8] Undefined index: weight C:\E\PHPIDE\VertrigoServ\www\xinyadmin\ThinkPHP\Library\Org\Util\Data.class.php 第 133 行.
NOTIC: [8] Undefined index: weight C:\E\PHPIDE\VertrigoServ\www\xinyadmin\ThinkPHP\Library\Org\Util\Data.class.php 第 133 行.
NOTIC: [8] Undefined index: weight C:\E\PHPIDE\VertrigoServ\www\xinyadmin\ThinkPHP\Library\Org\Util\Data.class.php 第 136 行.
NOTIC: [8] Undefined index: weight C:\E\PHPIDE\VertrigoServ\www\xinyadmin\ThinkPHP\Library\Org\Util\Data.class.php 第 136 行.
NOTIC: [8] Undefined index: weight C:\E\PHPIDE\VertrigoServ\www\xinyadmin\ThinkPHP\Library\Org\Util\Data.class.php 第 130 行.
NOTIC: [8] Undefined index: weight C:\E\PHPIDE\VertrigoServ\www\xinyadmin\ThinkPHP\Library\Org\Util\Data.class.php 第 133 行.
NOTIC: [8] Undefined index: weight C:\E\PHPIDE\VertrigoServ\www\xinyadmin\ThinkPHP\Library\Org\Util\Data.class.php 第 133 行.
NOTIC: [8] Undefined index: weight C:\E\PHPIDE\VertrigoServ\www\xinyadmin\ThinkPHP\Library\Org\Util\Data.class.php 第 130 行.
NOTIC: [8] Undefined index: weight C:\E\PHPIDE\VertrigoServ\www\xinyadmin\ThinkPHP\Library\Org\Util\Data.class.php 第 133 行.
NOTIC: [8] Undefined index: weight C:\E\PHPIDE\VertrigoServ\www\xinyadmin\ThinkPHP\Library\Org\Util\Data.class.php 第 133 行.
NOTIC: [8] Undefined index: weight C:\E\PHPIDE\VertrigoServ\www\xinyadmin\ThinkPHP\Library\Org\Util\Data.class.php 第 133 行.
NOTIC: [8] Undefined index: weight C:\E\PHPIDE\VertrigoServ\www\xinyadmin\ThinkPHP\Library\Org\Util\Data.class.php 第 133 行.
NOTIC: [8] Undefined index: weight C:\E\PHPIDE\VertrigoServ\www\xinyadmin\ThinkPHP\Library\Org\Util\Data.class.php 第 133 行.
NOTIC: [8] Undefined index: weight C:\E\PHPIDE\VertrigoServ\www\xinyadmin\ThinkPHP\Library\Org\Util\Data.class.php 第 136 行.
NOTIC: [8] Undefined index: weight C:\E\PHPIDE\VertrigoServ\www\xinyadmin\ThinkPHP\Library\Org\Util\Data.class.php 第 136 行.
NOTIC: [8] Undefined index: weight C:\E\PHPIDE\VertrigoServ\www\xinyadmin\ThinkPHP\Library\Org\Util\Data.class.php 第 136 行.
NOTIC: [8] Undefined index: weight C:\E\PHPIDE\VertrigoServ\www\xinyadmin\ThinkPHP\Library\Org\Util\Data.class.php 第 133 行.
NOTIC: [8] Undefined index: weight C:\E\PHPIDE\VertrigoServ\www\xinyadmin\ThinkPHP\Library\Org\Util\Data.class.php 第 136 行.
NOTIC: [8] Undefined index: weight C:\E\PHPIDE\VertrigoServ\www\xinyadmin\ThinkPHP\Library\Org\Util\Data.class.php 第 136 行.
NOTIC: [8] Undefined index: weight C:\E\PHPIDE\VertrigoServ\www\xinyadmin\ThinkPHP\Library\Org\Util\Data.class.php 第 136 行.
NOTIC: [8] Undefined index: weight C:\E\PHPIDE\VertrigoServ\www\xinyadmin\ThinkPHP\Library\Org\Util\Data.class.php 第 136 行.
NOTIC: [8] Undefined index: weight C:\E\PHPIDE\VertrigoServ\www\xinyadmin\ThinkPHP\Library\Org\Util\Data.class.php 第 130 行.
NOTIC: [8] Undefined index: weight C:\E\PHPIDE\VertrigoServ\www\xinyadmin\ThinkPHP\Library\Org\Util\Data.class.php 第 133 行.
NOTIC: [8] Undefined index: weight C:\E\PHPIDE\VertrigoServ\www\xinyadmin\ThinkPHP\Library\Org\Util\Data.class.php 第 133 行.
NOTIC: [8] Undefined index: weight C:\E\PHPIDE\VertrigoServ\www\xinyadmin\ThinkPHP\Library\Org\Util\Data.class.php 第 133 行.

[ 2018-07-04T17:23:55+08:00 ] 127.0.0.1 /admin/auth/group
INFO: [ app_init ] --START--
INFO: Run Behavior\BuildLiteBehavior [ RunTime:0.000027s ]
INFO: [ app_init ] --END-- [ RunTime:0.000576s ]
INFO: [ app_begin ] --START--
INFO: Run Behavior\ReadHtmlCacheBehavior [ RunTime:0.000919s ]
INFO: [ app_begin ] --END-- [ RunTime:0.001080s ]
SQL: SELECT COUNT(*) AS tp_count FROM `xman_auth_rule` WHERE `status` = 1 AND `name` = 'admin/auth/group' LIMIT 1   [ RunTime:0.0010s ]
SQL: SHOW COLUMNS FROM `xman_auth_group_access` [ RunTime:0.0193s ]
SQL: SELECT `uid`,`group_id`,`title`,`rules` FROM xman_auth_group_access a INNER JOIN xman_auth_group g on a.group_id=g.id  WHERE ( a.uid='2' and g.status='1' )  [ RunTime:0.0005s ]
SQL: SHOW COLUMNS FROM `xman_auth_rule` [ RunTime:0.0182s ]
SQL: SELECT `condition`,`name` FROM `xman_auth_rule` WHERE `id` IN ('1','2','5','6','10','11','12','13','14','15','16','17','18','19','20','21','22','23','24','25','26','27','28','29','30','31','32','37','38','39','40','41','42','43','44','45','46','47','57') AND `type` = 1 AND `status` = 1  [ RunTime:0.0006s ]
INFO: [ view_parse ] --START--
INFO: [ template_filter ] --START--
INFO: Run Behavior\ContentReplaceBehavior [ RunTime:0.000097s ]
INFO: [ template_filter ] --END-- [ RunTime:0.000224s ]
INFO: Run Behavior\ParseTemplateBehavior [ RunTime:0.017267s ]
INFO: [ view_parse ] --END-- [ RunTime:0.017559s ]
INFO: [ view_filter ] --START--
INFO: Run Behavior\WriteHtmlCacheBehavior [ RunTime:0.001903s ]
INFO: [ view_filter ] --END-- [ RunTime:0.002067s ]
INFO: [ app_end ] --START--
INFO: Run Behavior\ShowPageTraceBehavior [ RunTime:0.001469s ]
INFO: [ app_end ] --END-- [ RunTime:0.001722s ]

[ 2018-07-04T17:23:55+08:00 ] 127.0.0.1 /admin/auth/group
INFO: [ app_init ] --START--
INFO: Run Behavior\BuildLiteBehavior [ RunTime:0.000046s ]
INFO: [ app_init ] --END-- [ RunTime:0.001065s ]
INFO: [ app_begin ] --START--
INFO: Run Behavior\ReadHtmlCacheBehavior [ RunTime:0.000916s ]
INFO: [ app_begin ] --END-- [ RunTime:0.001039s ]
SQL: SELECT COUNT(*) AS tp_count FROM `xman_auth_rule` WHERE `status` = 1 AND `name` = 'admin/auth/group' LIMIT 1   [ RunTime:0.0006s ]
SQL: SHOW COLUMNS FROM `xman_auth_group_access` [ RunTime:0.0142s ]
SQL: SELECT `uid`,`group_id`,`title`,`rules` FROM xman_auth_group_access a INNER JOIN xman_auth_group g on a.group_id=g.id  WHERE ( a.uid='2' and g.status='1' )  [ RunTime:0.0006s ]
SQL: SHOW COLUMNS FROM `xman_auth_rule` [ RunTime:0.0108s ]
SQL: SELECT `condition`,`name` FROM `xman_auth_rule` WHERE `id` IN ('1','2','5','6','10','11','12','13','14','15','16','17','18','19','20','21','22','23','24','25','26','27','28','29','30','31','32','37','38','39','40','41','42','43','44','45','46','47','57') AND `type` = 1 AND `status` = 1  [ RunTime:0.0006s ]
NOTIC: [8] Undefined index: keyword C:\E\PHPIDE\VertrigoServ\www\xinyadmin\Application\Admin\Controller\AuthController.class.php 第 209 行.
SQL: SELECT * FROM `xman_auth_group` WHERE (  1  ) ORDER BY id asc LIMIT 0,10   [ RunTime:0.0004s ]
SQL: SELECT COUNT(*) AS tp_count FROM `xman_auth_group` WHERE (  1  ) LIMIT 1   [ RunTime:0.0002s ]

[ 2018-07-04T17:23:56+08:00 ] 127.0.0.1 /admin/auth/admin_user
INFO: [ app_init ] --START--
INFO: Run Behavior\BuildLiteBehavior [ RunTime:0.000038s ]
INFO: [ app_init ] --END-- [ RunTime:0.000780s ]
INFO: [ app_begin ] --START--
INFO: Run Behavior\ReadHtmlCacheBehavior [ RunTime:0.002833s ]
INFO: [ app_begin ] --END-- [ RunTime:0.003330s ]
SQL: SELECT COUNT(*) AS tp_count FROM `xman_auth_rule` WHERE `status` = 1 AND `name` = 'admin/auth/admin_user' LIMIT 1   [ RunTime:0.0016s ]
SQL: SHOW COLUMNS FROM `xman_auth_group_access` [ RunTime:0.0241s ]
SQL: SELECT `uid`,`group_id`,`title`,`rules` FROM xman_auth_group_access a INNER JOIN xman_auth_group g on a.group_id=g.id  WHERE ( a.uid='2' and g.status='1' )  [ RunTime:0.0005s ]
SQL: SHOW COLUMNS FROM `xman_auth_rule` [ RunTime:0.0165s ]
SQL: SELECT `condition`,`name` FROM `xman_auth_rule` WHERE `id` IN ('1','2','5','6','10','11','12','13','14','15','16','17','18','19','20','21','22','23','24','25','26','27','28','29','30','31','32','37','38','39','40','41','42','43','44','45','46','47','57') AND `type` = 1 AND `status` = 1  [ RunTime:0.0006s ]
INFO: [ view_parse ] --START--
INFO: [ template_filter ] --START--
INFO: Run Behavior\ContentReplaceBehavior [ RunTime:0.000095s ]
INFO: [ template_filter ] --END-- [ RunTime:0.000226s ]
INFO: Run Behavior\ParseTemplateBehavior [ RunTime:0.015895s ]
INFO: [ view_parse ] --END-- [ RunTime:0.016033s ]
INFO: [ view_filter ] --START--
INFO: Run Behavior\WriteHtmlCacheBehavior [ RunTime:0.000913s ]
INFO: [ view_filter ] --END-- [ RunTime:0.001030s ]
INFO: [ app_end ] --START--
INFO: Run Behavior\ShowPageTraceBehavior [ RunTime:0.001358s ]
INFO: [ app_end ] --END-- [ RunTime:0.001578s ]

[ 2018-07-04T17:23:57+08:00 ] 127.0.0.1 /admin/auth/admin_user
INFO: [ app_init ] --START--
INFO: Run Behavior\BuildLiteBehavior [ RunTime:0.000028s ]
INFO: [ app_init ] --END-- [ RunTime:0.000554s ]
INFO: [ app_begin ] --START--
INFO: Run Behavior\ReadHtmlCacheBehavior [ RunTime:0.000910s ]
INFO: [ app_begin ] --END-- [ RunTime:0.001030s ]
SQL: SELECT COUNT(*) AS tp_count FROM `xman_auth_rule` WHERE `status` = 1 AND `name` = 'admin/auth/admin_user' LIMIT 1   [ RunTime:0.0003s ]
SQL: SHOW COLUMNS FROM `xman_auth_group_access` [ RunTime:0.0144s ]
SQL: SELECT `uid`,`group_id`,`title`,`rules` FROM xman_auth_group_access a INNER JOIN xman_auth_group g on a.group_id=g.id  WHERE ( a.uid='2' and g.status='1' )  [ RunTime:0.0004s ]
SQL: SHOW COLUMNS FROM `xman_auth_rule` [ RunTime:0.0177s ]
SQL: SELECT `condition`,`name` FROM `xman_auth_rule` WHERE `id` IN ('1','2','5','6','10','11','12','13','14','15','16','17','18','19','20','21','22','23','24','25','26','27','28','29','30','31','32','37','38','39','40','41','42','43','44','45','46','47','57') AND `type` = 1 AND `status` = 1  [ RunTime:0.0005s ]
NOTIC: [8] Undefined index: keyword C:\E\PHPIDE\VertrigoServ\www\xinyadmin\Application\Admin\Controller\AuthController.class.php 第 352 行.
SQL: SELECT * FROM `xman_admin_user` WHERE (  1  ) ORDER BY id asc LIMIT 0,10   [ RunTime:0.0008s ]
SQL: SELECT ag.title FROM xman_auth_group_access as ga INNER JOIN xman_auth_group as ag on ag.id=ga.group_id  WHERE `uid` = '1'  [ RunTime:0.0007s ]
SQL: SELECT ag.title FROM xman_auth_group_access as ga INNER JOIN xman_auth_group as ag on ag.id=ga.group_id  WHERE `uid` = '2'  [ RunTime:0.0005s ]
SQL: SELECT ag.title FROM xman_auth_group_access as ga INNER JOIN xman_auth_group as ag on ag.id=ga.group_id  WHERE `uid` = '16'  [ RunTime:0.0003s ]
SQL: SELECT ag.title FROM xman_auth_group_access as ga INNER JOIN xman_auth_group as ag on ag.id=ga.group_id  WHERE `uid` = '19'  [ RunTime:0.0004s ]
SQL: SELECT COUNT(*) AS tp_count FROM `xman_admin_user` WHERE (  1  ) LIMIT 1   [ RunTime:0.0002s ]

[ 2018-07-04T17:24:00+08:00 ] 127.0.0.1 /admin/auth/edit_group/id/4
INFO: [ app_init ] --START--
INFO: Run Behavior\BuildLiteBehavior [ RunTime:0.000027s ]
INFO: [ app_init ] --END-- [ RunTime:0.000689s ]
INFO: [ app_begin ] --START--
INFO: Run Behavior\ReadHtmlCacheBehavior [ RunTime:0.001090s ]
INFO: [ app_begin ] --END-- [ RunTime:0.001224s ]
SQL: SELECT COUNT(*) AS tp_count FROM `xman_auth_rule` WHERE `status` = 1 AND `name` = 'admin/auth/edit_group' LIMIT 1   [ RunTime:0.0004s ]
SQL: SHOW COLUMNS FROM `xman_auth_group_access` [ RunTime:0.0153s ]
SQL: SELECT `uid`,`group_id`,`title`,`rules` FROM xman_auth_group_access a INNER JOIN xman_auth_group g on a.group_id=g.id  WHERE ( a.uid='2' and g.status='1' )  [ RunTime:0.0042s ]
SQL: SHOW COLUMNS FROM `xman_auth_rule` [ RunTime:0.0129s ]
SQL: SELECT `condition`,`name` FROM `xman_auth_rule` WHERE `id` IN ('1','2','5','6','10','11','12','13','14','15','16','17','18','19','20','21','22','23','24','25','26','27','28','29','30','31','32','37','38','39','40','41','42','43','44','45','46','47','57') AND `type` = 1 AND `status` = 1  [ RunTime:0.0014s ]
SQL: SELECT * FROM `xman_auth_group` WHERE `id` = 4 LIMIT 1   [ RunTime:0.0006s ]
SQL: SELECT * FROM `xman_auth_rule` WHERE `status` = 1  [ RunTime:0.0006s ]
INFO: [ view_parse ] --START--
INFO: [ template_filter ] --START--
INFO: Run Behavior\ContentReplaceBehavior [ RunTime:0.000084s ]
INFO: [ template_filter ] --END-- [ RunTime:0.000238s ]
INFO: Run Behavior\ParseTemplateBehavior [ RunTime:0.014011s ]
INFO: [ view_parse ] --END-- [ RunTime:0.014169s ]
INFO: [ view_filter ] --START--
INFO: Run Behavior\WriteHtmlCacheBehavior [ RunTime:0.000929s ]
INFO: [ view_filter ] --END-- [ RunTime:0.001052s ]
INFO: [ app_end ] --START--
INFO: Run Behavior\ShowPageTraceBehavior [ RunTime:0.001641s ]
INFO: [ app_end ] --END-- [ RunTime:0.001842s ]

[ 2018-07-04T17:24:12+08:00 ] 127.0.0.1 /admin/auth/menus
INFO: [ app_init ] --START--
INFO: Run Behavior\BuildLiteBehavior [ RunTime:0.000027s ]
INFO: [ app_init ] --END-- [ RunTime:0.000826s ]
INFO: [ app_begin ] --START--
INFO: Run Behavior\ReadHtmlCacheBehavior [ RunTime:0.001527s ]
INFO: [ app_begin ] --END-- [ RunTime:0.002125s ]
SQL: SELECT COUNT(*) AS tp_count FROM `xman_auth_rule` WHERE `status` = 1 AND `name` = 'admin/auth/menus' LIMIT 1   [ RunTime:0.0017s ]
SQL: SHOW COLUMNS FROM `xman_auth_group_access` [ RunTime:0.0175s ]
SQL: SELECT `uid`,`group_id`,`title`,`rules` FROM xman_auth_group_access a INNER JOIN xman_auth_group g on a.group_id=g.id  WHERE ( a.uid='2' and g.status='1' )  [ RunTime:0.0045s ]
SQL: SHOW COLUMNS FROM `xman_auth_rule` [ RunTime:0.0172s ]
SQL: SELECT `condition`,`name` FROM `xman_auth_rule` WHERE `id` IN ('1','2','5','6','10','11','12','13','14','15','16','17','18','19','20','21','22','23','24','25','26','27','28','29','30','31','32','37','38','39','40','41','42','43','44','45','46','47','57') AND `type` = 1 AND `status` = 1  [ RunTime:0.0006s ]
INFO: [ view_parse ] --START--
INFO: [ template_filter ] --START--
INFO: Run Behavior\ContentReplaceBehavior [ RunTime:0.000099s ]
INFO: [ template_filter ] --END-- [ RunTime:0.000231s ]
INFO: Run Behavior\ParseTemplateBehavior [ RunTime:0.015149s ]
INFO: [ view_parse ] --END-- [ RunTime:0.015290s ]
INFO: [ view_filter ] --START--
INFO: Run Behavior\WriteHtmlCacheBehavior [ RunTime:0.000743s ]
INFO: [ view_filter ] --END-- [ RunTime:0.000856s ]
INFO: [ app_end ] --START--
INFO: Run Behavior\ShowPageTraceBehavior [ RunTime:0.001600s ]
INFO: [ app_end ] --END-- [ RunTime:0.001807s ]

[ 2018-07-04T17:24:13+08:00 ] 127.0.0.1 /admin/auth/menus
INFO: [ app_init ] --START--
INFO: Run Behavior\BuildLiteBehavior [ RunTime:0.000066s ]
INFO: [ app_init ] --END-- [ RunTime:0.000942s ]
INFO: [ app_begin ] --START--
INFO: Run Behavior\ReadHtmlCacheBehavior [ RunTime:0.001348s ]
INFO: [ app_begin ] --END-- [ RunTime:0.001509s ]
SQL: SELECT COUNT(*) AS tp_count FROM `xman_auth_rule` WHERE `status` = 1 AND `name` = 'admin/auth/menus' LIMIT 1   [ RunTime:0.0005s ]
SQL: SHOW COLUMNS FROM `xman_auth_group_access` [ RunTime:0.0185s ]
SQL: SELECT `uid`,`group_id`,`title`,`rules` FROM xman_auth_group_access a INNER JOIN xman_auth_group g on a.group_id=g.id  WHERE ( a.uid='2' and g.status='1' )  [ RunTime:0.0004s ]
SQL: SHOW COLUMNS FROM `xman_auth_rule` [ RunTime:0.0170s ]
SQL: SELECT `condition`,`name` FROM `xman_auth_rule` WHERE `id` IN ('1','2','5','6','10','11','12','13','14','15','16','17','18','19','20','21','22','23','24','25','26','27','28','29','30','31','32','37','38','39','40','41','42','43','44','45','46','47','57') AND `type` = 1 AND `status` = 1  [ RunTime:0.0005s ]
SQL: SELECT a.*,r.name as link FROM xman_auth_menus a left JOIN xman_auth_rule as r on r.id=a.rule_id   [ RunTime:0.0005s ]

