[ 2018-08-15T22:04:24+08:00 ] 127.0.0.1 /admin/auth/menus
NOTIC: [2] mkdir(): File exists C:\E\PHPIDE\VertrigoServ\www\xinyadmin\ThinkPHP\Library\Think\Build.class.php 第 110 行.
INFO: [ app_init ] --START--
INFO: Run Behavior\BuildLiteBehavior [ RunTime:0.000029s ]
INFO: [ app_init ] --END-- [ RunTime:0.000367s ]
INFO: [ app_begin ] --START--
INFO: Run Behavior\ReadHtmlCacheBehavior [ RunTime:0.002199s ]
INFO: [ app_begin ] --END-- [ RunTime:0.002410s ]
SQL: SELECT COUNT(*) AS tp_count FROM `xman_auth_rule` WHERE `status` = 1 AND `name` = 'admin/auth/menus' LIMIT 1   [ RunTime:0.0004s ]
SQL: SHOW COLUMNS FROM `xman_auth_group_access` [ RunTime:0.0133s ]
SQL: SELECT `uid`,`group_id`,`title`,`rules` FROM xman_auth_group_access a INNER JOIN xman_auth_group g on a.group_id=g.id  WHERE ( a.uid='2' and g.status='1' )  [ RunTime:0.0005s ]
SQL: SHOW COLUMNS FROM `xman_auth_rule` [ RunTime:0.0171s ]
SQL: SELECT `condition`,`name` FROM `xman_auth_rule` WHERE `id` IN ('27','16','31','20','21','29','11','12','63','64','65','66','67','68','17','1','2','5','6','10','18','41','42','43','32','37','38','39','40','19','44','45','46','47','48','50','79','80','81','82','124','125','126','127','132','133','134','135') AND `type` = 1 AND `status` = 1  [ RunTime:0.0005s ]
INFO: [ view_parse ] --START--
INFO: [ template_filter ] --START--
INFO: Run Behavior\ContentReplaceBehavior [ RunTime:0.000174s ]
INFO: [ template_filter ] --END-- [ RunTime:0.000371s ]
INFO: Run Behavior\ParseTemplateBehavior [ RunTime:0.015633s ]
INFO: [ view_parse ] --END-- [ RunTime:0.015866s ]
INFO: [ view_filter ] --START--
INFO: Run Behavior\WriteHtmlCacheBehavior [ RunTime:0.001434s ]
INFO: [ view_filter ] --END-- [ RunTime:0.001580s ]
INFO: [ app_end ] --START--
INFO: Run Behavior\ShowPageTraceBehavior [ RunTime:0.001890s ]
INFO: [ app_end ] --END-- [ RunTime:0.002072s ]

[ 2018-08-15T22:04:25+08:00 ] 127.0.0.1 /admin/auth/menus
INFO: [ app_init ] --START--
INFO: Run Behavior\BuildLiteBehavior [ RunTime:0.000045s ]
INFO: [ app_init ] --END-- [ RunTime:0.001064s ]
INFO: [ app_begin ] --START--
INFO: Run Behavior\ReadHtmlCacheBehavior [ RunTime:0.002943s ]
INFO: [ app_begin ] --END-- [ RunTime:0.003195s ]
SQL: SELECT COUNT(*) AS tp_count FROM `xman_auth_rule` WHERE `status` = 1 AND `name` = 'admin/auth/menus' LIMIT 1   [ RunTime:0.0003s ]
SQL: SHOW COLUMNS FROM `xman_auth_group_access` [ RunTime:0.0110s ]
SQL: SELECT `uid`,`group_id`,`title`,`rules` FROM xman_auth_group_access a INNER JOIN xman_auth_group g on a.group_id=g.id  WHERE ( a.uid='2' and g.status='1' )  [ RunTime:0.0004s ]
SQL: SHOW COLUMNS FROM `xman_auth_rule` [ RunTime:0.0160s ]
SQL: SELECT `condition`,`name` FROM `xman_auth_rule` WHERE `id` IN ('27','16','31','20','21','29','11','12','63','64','65','66','67','68','17','1','2','5','6','10','18','41','42','43','32','37','38','39','40','19','44','45','46','47','48','50','79','80','81','82','124','125','126','127','132','133','134','135') AND `type` = 1 AND `status` = 1  [ RunTime:0.0006s ]
SQL: SELECT a.*,r.name as link FROM xman_auth_menus a left JOIN xman_auth_rule as r on r.id=a.rule_id   [ RunTime:0.0006s ]
NOTIC: [8] Undefined index: weight C:\E\PHPIDE\VertrigoServ\www\xinyadmin\ThinkPHP\Library\Org\Util\Data.class.php 第 130 行.
NOTIC: [8] Undefined index: weight C:\E\PHPIDE\VertrigoServ\www\xinyadmin\ThinkPHP\Library\Org\Util\Data.class.php 第 133 行.
NOTIC: [8] Undefined index: weight C:\E\PHPIDE\VertrigoServ\www\xinyadmin\ThinkPHP\Library\Org\Util\Data.class.php 第 133 行.
NOTIC: [8] Undefined index: weight C:\E\PHPIDE\VertrigoServ\www\xinyadmin\ThinkPHP\Library\Org\Util\Data.class.php 第 133 行.
NOTIC: [8] Undefined index: weight C:\E\PHPIDE\VertrigoServ\www\xinyadmin\ThinkPHP\Library\Org\Util\Data.class.php 第 136 行.
NOTIC: [8] Undefined index: weight C:\E\PHPIDE\VertrigoServ\www\xinyadmin\ThinkPHP\Library\Org\Util\Data.class.php 第 136 行.
NOTIC: [8] Undefined index: weight C:\E\PHPIDE\VertrigoServ\www\xinyadmin\ThinkPHP\Library\Org\Util\Data.class.php 第 133 行.
NOTIC: [8] Undefined index: weight C:\E\PHPIDE\VertrigoServ\www\xinyadmin\ThinkPHP\Library\Org\Util\Data.class.php 第 130 行.
NOTIC: [8] Undefined index: weight C:\E\PHPIDE\VertrigoServ\www\xinyadmin\ThinkPHP\Library\Org\Util\Data.class.php 第 133 行.
NOTIC: [8] Undefined index: weight C:\E\PHPIDE\VertrigoServ\www\xinyadmin\ThinkPHP\Library\Org\Util\Data.class.php 第 133 行.
NOTIC: [8] Undefined index: weight C:\E\PHPIDE\VertrigoServ\www\xinyadmin\ThinkPHP\Library\Org\Util\Data.class.php 第 133 行.
NOTIC: [8] Undefined index: weight C:\E\PHPIDE\VertrigoServ\www\xinyadmin\ThinkPHP\Library\Org\Util\Data.class.php 第 136 行.
NOTIC: [8] Undefined index: weight C:\E\PHPIDE\VertrigoServ\www\xinyadmin\ThinkPHP\Library\Org\Util\Data.class.php 第 136 行.
NOTIC: [8] Undefined index: weight C:\E\PHPIDE\VertrigoServ\www\xinyadmin\ThinkPHP\Library\Org\Util\Data.class.php 第 136 行.
NOTIC: [8] Undefined index: weight C:\E\PHPIDE\VertrigoServ\www\xinyadmin\ThinkPHP\Library\Org\Util\Data.class.php 第 133 行.
NOTIC: [8] Undefined index: weight C:\E\PHPIDE\VertrigoServ\www\xinyadmin\ThinkPHP\Library\Org\Util\Data.class.php 第 136 行.
NOTIC: [8] Undefined index: weight C:\E\PHPIDE\VertrigoServ\www\xinyadmin\ThinkPHP\Library\Org\Util\Data.class.php 第 136 行.
NOTIC: [8] Undefined index: weight C:\E\PHPIDE\VertrigoServ\www\xinyadmin\ThinkPHP\Library\Org\Util\Data.class.php 第 136 行.
NOTIC: [8] Undefined index: weight C:\E\PHPIDE\VertrigoServ\www\xinyadmin\ThinkPHP\Library\Org\Util\Data.class.php 第 133 行.
NOTIC: [8] Undefined index: weight C:\E\PHPIDE\VertrigoServ\www\xinyadmin\ThinkPHP\Library\Org\Util\Data.class.php 第 133 行.

[ 2018-08-15T22:04:25+08:00 ] 127.0.0.1 /admin/auth/add_menu/pid/0
INFO: [ app_init ] --START--
INFO: Run Behavior\BuildLiteBehavior [ RunTime:0.000070s ]
INFO: [ app_init ] --END-- [ RunTime:0.001511s ]
INFO: [ app_begin ] --START--
INFO: Run Behavior\ReadHtmlCacheBehavior [ RunTime:0.001052s ]
INFO: [ app_begin ] --END-- [ RunTime:0.001187s ]
SQL: SELECT COUNT(*) AS tp_count FROM `xman_auth_rule` WHERE `status` = 1 AND `name` = 'admin/auth/add_menu' LIMIT 1   [ RunTime:0.0003s ]
SQL: SHOW COLUMNS FROM `xman_auth_group_access` [ RunTime:0.0119s ]
SQL: SELECT `uid`,`group_id`,`title`,`rules` FROM xman_auth_group_access a INNER JOIN xman_auth_group g on a.group_id=g.id  WHERE ( a.uid='2' and g.status='1' )  [ RunTime:0.0005s ]
SQL: SHOW COLUMNS FROM `xman_auth_rule` [ RunTime:0.0146s ]
SQL: SELECT `condition`,`name` FROM `xman_auth_rule` WHERE `id` IN ('27','16','31','20','21','29','11','12','63','64','65','66','67','68','17','1','2','5','6','10','18','41','42','43','32','37','38','39','40','19','44','45','46','47','48','50','79','80','81','82','124','125','126','127','132','133','134','135') AND `type` = 1 AND `status` = 1  [ RunTime:0.0007s ]
SQL: SELECT * FROM `xman_auth_rule`  [ RunTime:0.0007s ]
NOTIC: [8] Undefined index: weight C:\E\PHPIDE\VertrigoServ\www\xinyadmin\ThinkPHP\Library\Org\Util\Data.class.php 第 130 行.
NOTIC: [8] Undefined index: weight C:\E\PHPIDE\VertrigoServ\www\xinyadmin\ThinkPHP\Library\Org\Util\Data.class.php 第 133 行.
NOTIC: [8] Undefined index: weight C:\E\PHPIDE\VertrigoServ\www\xinyadmin\ThinkPHP\Library\Org\Util\Data.class.php 第 133 行.
NOTIC: [8] Undefined index: weight C:\E\PHPIDE\VertrigoServ\www\xinyadmin\ThinkPHP\Library\Org\Util\Data.class.php 第 136 行.
NOTIC: [8] Undefined index: weight C:\E\PHPIDE\VertrigoServ\www\xinyadmin\ThinkPHP\Library\Org\Util\Data.class.php 第 136 行.
NOTIC: [8] Undefined index: weight C:\E\PHPIDE\VertrigoServ\www\xinyadmin\ThinkPHP\Library\Org\Util\Data.class.php 第 130 行.
NOTIC: [8] Undefined index: weight C:\E\PHPIDE\VertrigoServ\www\xinyadmin\ThinkPHP\Library\Org\Util\Data.class.php 第 133 行.
NOTIC: [8] Undefined index: weight C:\E\PHPIDE\VertrigoServ\www\xinyadmin\ThinkPHP\Library\Org\Util\Data.class.php 第 133 行.
NOTIC: [8] Undefined index: weight C:\E\PHPIDE\VertrigoServ\www\xinyadmin\ThinkPHP\Library\Org\Util\Data.class.php 第 136 行.
NOTIC: [8] Undefined index: weight C:\E\PHPIDE\VertrigoServ\www\xinyadmin\ThinkPHP\Library\Org\Util\Data.class.php 第 136 行.
NOTIC: [8] Undefined index: weight C:\E\PHPIDE\VertrigoServ\www\xinyadmin\ThinkPHP\Library\Org\Util\Data.class.php 第 136 行.
NOTIC: [8] Undefined index: weight C:\E\PHPIDE\VertrigoServ\www\xinyadmin\ThinkPHP\Library\Org\Util\Data.class.php 第 133 行.
NOTIC: [8] Undefined index: weight C:\E\PHPIDE\VertrigoServ\www\xinyadmin\ThinkPHP\Library\Org\Util\Data.class.php 第 136 行.
NOTIC: [8] Undefined index: weight C:\E\PHPIDE\VertrigoServ\www\xinyadmin\ThinkPHP\Library\Org\Util\Data.class.php 第 136 行.
NOTIC: [8] Undefined index: weight C:\E\PHPIDE\VertrigoServ\www\xinyadmin\ThinkPHP\Library\Org\Util\Data.class.php 第 136 行.
NOTIC: [8] Undefined index: weight C:\E\PHPIDE\VertrigoServ\www\xinyadmin\ThinkPHP\Library\Org\Util\Data.class.php 第 133 行.
NOTIC: [8] Undefined index: weight C:\E\PHPIDE\VertrigoServ\www\xinyadmin\ThinkPHP\Library\Org\Util\Data.class.php 第 136 行.
NOTIC: [8] Undefined index: weight C:\E\PHPIDE\VertrigoServ\www\xinyadmin\ThinkPHP\Library\Org\Util\Data.class.php 第 136 行.
NOTIC: [8] Undefined index: weight C:\E\PHPIDE\VertrigoServ\www\xinyadmin\ThinkPHP\Library\Org\Util\Data.class.php 第 136 行.
NOTIC: [8] Undefined index: weight C:\E\PHPIDE\VertrigoServ\www\xinyadmin\ThinkPHP\Library\Org\Util\Data.class.php 第 136 行.
NOTIC: [8] Undefined index: weight C:\E\PHPIDE\VertrigoServ\www\xinyadmin\ThinkPHP\Library\Org\Util\Data.class.php 第 133 行.
NOTIC: [8] Undefined index: weight C:\E\PHPIDE\VertrigoServ\www\xinyadmin\ThinkPHP\Library\Org\Util\Data.class.php 第 136 行.
NOTIC: [8] Undefined index: weight C:\E\PHPIDE\VertrigoServ\www\xinyadmin\ThinkPHP\Library\Org\Util\Data.class.php 第 130 行.
NOTIC: [8] Undefined index: weight C:\E\PHPIDE\VertrigoServ\www\xinyadmin\ThinkPHP\Library\Org\Util\Data.class.php 第 133 行.
NOTIC: [8] Undefined index: weight C:\E\PHPIDE\VertrigoServ\www\xinyadmin\ThinkPHP\Library\Org\Util\Data.class.php 第 133 行.
NOTIC: [8] Undefined index: weight C:\E\PHPIDE\VertrigoServ\www\xinyadmin\ThinkPHP\Library\Org\Util\Data.class.php 第 133 行.
NOTIC: [8] Undefined index: weight C:\E\PHPIDE\VertrigoServ\www\xinyadmin\ThinkPHP\Library\Org\Util\Data.class.php 第 130 行.
NOTIC: [8] Undefined index: weight C:\E\PHPIDE\VertrigoServ\www\xinyadmin\ThinkPHP\Library\Org\Util\Data.class.php 第 133 行.
NOTIC: [8] Undefined index: weight C:\E\PHPIDE\VertrigoServ\www\xinyadmin\ThinkPHP\Library\Org\Util\Data.class.php 第 133 行.
NOTIC: [8] Undefined index: weight C:\E\PHPIDE\VertrigoServ\www\xinyadmin\ThinkPHP\Library\Org\Util\Data.class.php 第 133 行.
NOTIC: [8] Undefined index: weight C:\E\PHPIDE\VertrigoServ\www\xinyadmin\ThinkPHP\Library\Org\Util\Data.class.php 第 130 行.
NOTIC: [8] Undefined index: weight C:\E\PHPIDE\VertrigoServ\www\xinyadmin\ThinkPHP\Library\Org\Util\Data.class.php 第 133 行.
NOTIC: [8] Undefined index: weight C:\E\PHPIDE\VertrigoServ\www\xinyadmin\ThinkPHP\Library\Org\Util\Data.class.php 第 133 行.
NOTIC: [8] Undefined index: weight C:\E\PHPIDE\VertrigoServ\www\xinyadmin\ThinkPHP\Library\Org\Util\Data.class.php 第 133 行.
INFO: [ view_parse ] --START--
INFO: [ template_filter ] --START--
INFO: Run Behavior\ContentReplaceBehavior [ RunTime:0.000075s ]
INFO: [ template_filter ] --END-- [ RunTime:0.000200s ]
NOTIC: [8] Undefined variable: icons C:\E\PHPIDE\VertrigoServ\www\xinyadmin\Application\Runtime\Cache\Admin\d9064b93d3eb0a53d1cfadc29e32c52f.php 第 99 行.
INFO: Run Behavior\ParseTemplateBehavior [ RunTime:0.014845s ]
INFO: [ view_parse ] --END-- [ RunTime:0.015042s ]
INFO: [ view_filter ] --START--
INFO: Run Behavior\WriteHtmlCacheBehavior [ RunTime:0.000728s ]
INFO: [ view_filter ] --END-- [ RunTime:0.000844s ]
INFO: [ app_end ] --START--
INFO: Run Behavior\ShowPageTraceBehavior [ RunTime:0.001917s ]
INFO: [ app_end ] --END-- [ RunTime:0.002138s ]

[ 2018-08-15T22:04:51+08:00 ] 127.0.0.1 /admin/auth/edit_menu/id/10
INFO: [ app_init ] --START--
INFO: Run Behavior\BuildLiteBehavior [ RunTime:0.000046s ]
INFO: [ app_init ] --END-- [ RunTime:0.003963s ]
INFO: [ app_begin ] --START--
INFO: Run Behavior\ReadHtmlCacheBehavior [ RunTime:0.001578s ]
INFO: [ app_begin ] --END-- [ RunTime:0.001807s ]
SQL: SELECT COUNT(*) AS tp_count FROM `xman_auth_rule` WHERE `status` = 1 AND `name` = 'admin/auth/edit_menu' LIMIT 1   [ RunTime:0.0004s ]
SQL: SHOW COLUMNS FROM `xman_auth_group_access` [ RunTime:0.0117s ]
SQL: SELECT `uid`,`group_id`,`title`,`rules` FROM xman_auth_group_access a INNER JOIN xman_auth_group g on a.group_id=g.id  WHERE ( a.uid='2' and g.status='1' )  [ RunTime:0.0005s ]
SQL: SHOW COLUMNS FROM `xman_auth_rule` [ RunTime:0.0135s ]
SQL: SELECT `condition`,`name` FROM `xman_auth_rule` WHERE `id` IN ('27','16','31','20','21','29','11','12','63','64','65','66','67','68','17','1','2','5','6','10','18','41','42','43','32','37','38','39','40','19','44','45','46','47','48','50','79','80','81','82','124','125','126','127','132','133','134','135') AND `type` = 1 AND `status` = 1  [ RunTime:0.0008s ]
SQL: SELECT * FROM `xman_auth_menus` WHERE `id` = 10 LIMIT 1   [ RunTime:0.0005s ]
SQL: SELECT `id`,`name`,`pid` FROM `xman_auth_menus`  [ RunTime:0.0004s ]
NOTIC: [8] Undefined index: weight C:\E\PHPIDE\VertrigoServ\www\xinyadmin\ThinkPHP\Library\Org\Util\Data.class.php 第 130 行.
NOTIC: [8] Undefined index: weight C:\E\PHPIDE\VertrigoServ\www\xinyadmin\ThinkPHP\Library\Org\Util\Data.class.php 第 133 行.
NOTIC: [8] Undefined index: weight C:\E\PHPIDE\VertrigoServ\www\xinyadmin\ThinkPHP\Library\Org\Util\Data.class.php 第 133 行.
NOTIC: [8] Undefined index: weight C:\E\PHPIDE\VertrigoServ\www\xinyadmin\ThinkPHP\Library\Org\Util\Data.class.php 第 133 行.
NOTIC: [8] Undefined index: weight C:\E\PHPIDE\VertrigoServ\www\xinyadmin\ThinkPHP\Library\Org\Util\Data.class.php 第 136 行.
NOTIC: [8] Undefined index: weight C:\E\PHPIDE\VertrigoServ\www\xinyadmin\ThinkPHP\Library\Org\Util\Data.class.php 第 136 行.
NOTIC: [8] Undefined index: weight C:\E\PHPIDE\VertrigoServ\www\xinyadmin\ThinkPHP\Library\Org\Util\Data.class.php 第 133 行.
NOTIC: [8] Undefined index: weight C:\E\PHPIDE\VertrigoServ\www\xinyadmin\ThinkPHP\Library\Org\Util\Data.class.php 第 130 行.
NOTIC: [8] Undefined index: weight C:\E\PHPIDE\VertrigoServ\www\xinyadmin\ThinkPHP\Library\Org\Util\Data.class.php 第 133 行.
NOTIC: [8] Undefined index: weight C:\E\PHPIDE\VertrigoServ\www\xinyadmin\ThinkPHP\Library\Org\Util\Data.class.php 第 133 行.
NOTIC: [8] Undefined index: weight C:\E\PHPIDE\VertrigoServ\www\xinyadmin\ThinkPHP\Library\Org\Util\Data.class.php 第 133 行.
NOTIC: [8] Undefined index: weight C:\E\PHPIDE\VertrigoServ\www\xinyadmin\ThinkPHP\Library\Org\Util\Data.class.php 第 136 行.
NOTIC: [8] Undefined index: weight C:\E\PHPIDE\VertrigoServ\www\xinyadmin\ThinkPHP\Library\Org\Util\Data.class.php 第 136 行.
NOTIC: [8] Undefined index: weight C:\E\PHPIDE\VertrigoServ\www\xinyadmin\ThinkPHP\Library\Org\Util\Data.class.php 第 136 行.
NOTIC: [8] Undefined index: weight C:\E\PHPIDE\VertrigoServ\www\xinyadmin\ThinkPHP\Library\Org\Util\Data.class.php 第 133 行.
NOTIC: [8] Undefined index: weight C:\E\PHPIDE\VertrigoServ\www\xinyadmin\ThinkPHP\Library\Org\Util\Data.class.php 第 136 行.
NOTIC: [8] Undefined index: weight C:\E\PHPIDE\VertrigoServ\www\xinyadmin\ThinkPHP\Library\Org\Util\Data.class.php 第 136 行.
NOTIC: [8] Undefined index: weight C:\E\PHPIDE\VertrigoServ\www\xinyadmin\ThinkPHP\Library\Org\Util\Data.class.php 第 136 行.
NOTIC: [8] Undefined index: weight C:\E\PHPIDE\VertrigoServ\www\xinyadmin\ThinkPHP\Library\Org\Util\Data.class.php 第 133 行.
NOTIC: [8] Undefined index: weight C:\E\PHPIDE\VertrigoServ\www\xinyadmin\ThinkPHP\Library\Org\Util\Data.class.php 第 133 行.
SQL: SELECT * FROM `xman_auth_rule`  [ RunTime:0.0005s ]
NOTIC: [8] Undefined index: weight C:\E\PHPIDE\VertrigoServ\www\xinyadmin\ThinkPHP\Library\Org\Util\Data.class.php 第 130 行.
NOTIC: [8] Undefined index: weight C:\E\PHPIDE\VertrigoServ\www\xinyadmin\ThinkPHP\Library\Org\Util\Data.class.php 第 133 行.
NOTIC: [8] Undefined index: weight C:\E\PHPIDE\VertrigoServ\www\xinyadmin\ThinkPHP\Library\Org\Util\Data.class.php 第 133 行.
NOTIC: [8] Undefined index: weight C:\E\PHPIDE\VertrigoServ\www\xinyadmin\ThinkPHP\Library\Org\Util\Data.class.php 第 136 行.
NOTIC: [8] Undefined index: weight C:\E\PHPIDE\VertrigoServ\www\xinyadmin\ThinkPHP\Library\Org\Util\Data.class.php 第 136 行.
NOTIC: [8] Undefined index: weight C:\E\PHPIDE\VertrigoServ\www\xinyadmin\ThinkPHP\Library\Org\Util\Data.class.php 第 130 行.
NOTIC: [8] Undefined index: weight C:\E\PHPIDE\VertrigoServ\www\xinyadmin\ThinkPHP\Library\Org\Util\Data.class.php 第 133 行.
NOTIC: [8] Undefined index: weight C:\E\PHPIDE\VertrigoServ\www\xinyadmin\ThinkPHP\Library\Org\Util\Data.class.php 第 133 行.
NOTIC: [8] Undefined index: weight C:\E\PHPIDE\VertrigoServ\www\xinyadmin\ThinkPHP\Library\Org\Util\Data.class.php 第 136 行.
NOTIC: [8] Undefined index: weight C:\E\PHPIDE\VertrigoServ\www\xinyadmin\ThinkPHP\Library\Org\Util\Data.class.php 第 136 行.
NOTIC: [8] Undefined index: weight C:\E\PHPIDE\VertrigoServ\www\xinyadmin\ThinkPHP\Library\Org\Util\Data.class.php 第 136 行.
NOTIC: [8] Undefined index: weight C:\E\PHPIDE\VertrigoServ\www\xinyadmin\ThinkPHP\Library\Org\Util\Data.class.php 第 133 行.
NOTIC: [8] Undefined index: weight C:\E\PHPIDE\VertrigoServ\www\xinyadmin\ThinkPHP\Library\Org\Util\Data.class.php 第 136 行.
NOTIC: [8] Undefined index: weight C:\E\PHPIDE\VertrigoServ\www\xinyadmin\ThinkPHP\Library\Org\Util\Data.class.php 第 136 行.
NOTIC: [8] Undefined index: weight C:\E\PHPIDE\VertrigoServ\www\xinyadmin\ThinkPHP\Library\Org\Util\Data.class.php 第 136 行.
NOTIC: [8] Undefined index: weight C:\E\PHPIDE\VertrigoServ\www\xinyadmin\ThinkPHP\Library\Org\Util\Data.class.php 第 133 行.
NOTIC: [8] Undefined index: weight C:\E\PHPIDE\VertrigoServ\www\xinyadmin\ThinkPHP\Library\Org\Util\Data.class.php 第 136 行.
NOTIC: [8] Undefined index: weight C:\E\PHPIDE\VertrigoServ\www\xinyadmin\ThinkPHP\Library\Org\Util\Data.class.php 第 136 行.
NOTIC: [8] Undefined index: weight C:\E\PHPIDE\VertrigoServ\www\xinyadmin\ThinkPHP\Library\Org\Util\Data.class.php 第 136 行.
NOTIC: [8] Undefined index: weight C:\E\PHPIDE\VertrigoServ\www\xinyadmin\ThinkPHP\Library\Org\Util\Data.class.php 第 136 行.
NOTIC: [8] Undefined index: weight C:\E\PHPIDE\VertrigoServ\www\xinyadmin\ThinkPHP\Library\Org\Util\Data.class.php 第 133 行.
NOTIC: [8] Undefined index: weight C:\E\PHPIDE\VertrigoServ\www\xinyadmin\ThinkPHP\Library\Org\Util\Data.class.php 第 136 行.
NOTIC: [8] Undefined index: weight C:\E\PHPIDE\VertrigoServ\www\xinyadmin\ThinkPHP\Library\Org\Util\Data.class.php 第 130 行.
NOTIC: [8] Undefined index: weight C:\E\PHPIDE\VertrigoServ\www\xinyadmin\ThinkPHP\Library\Org\Util\Data.class.php 第 133 行.
NOTIC: [8] Undefined index: weight C:\E\PHPIDE\VertrigoServ\www\xinyadmin\ThinkPHP\Library\Org\Util\Data.class.php 第 133 行.
NOTIC: [8] Undefined index: weight C:\E\PHPIDE\VertrigoServ\www\xinyadmin\ThinkPHP\Library\Org\Util\Data.class.php 第 133 行.
NOTIC: [8] Undefined index: weight C:\E\PHPIDE\VertrigoServ\www\xinyadmin\ThinkPHP\Library\Org\Util\Data.class.php 第 130 行.
NOTIC: [8] Undefined index: weight C:\E\PHPIDE\VertrigoServ\www\xinyadmin\ThinkPHP\Library\Org\Util\Data.class.php 第 133 行.
NOTIC: [8] Undefined index: weight C:\E\PHPIDE\VertrigoServ\www\xinyadmin\ThinkPHP\Library\Org\Util\Data.class.php 第 133 行.
NOTIC: [8] Undefined index: weight C:\E\PHPIDE\VertrigoServ\www\xinyadmin\ThinkPHP\Library\Org\Util\Data.class.php 第 133 行.
NOTIC: [8] Undefined index: weight C:\E\PHPIDE\VertrigoServ\www\xinyadmin\ThinkPHP\Library\Org\Util\Data.class.php 第 130 行.
NOTIC: [8] Undefined index: weight C:\E\PHPIDE\VertrigoServ\www\xinyadmin\ThinkPHP\Library\Org\Util\Data.class.php 第 133 行.
NOTIC: [8] Undefined index: weight C:\E\PHPIDE\VertrigoServ\www\xinyadmin\ThinkPHP\Library\Org\Util\Data.class.php 第 133 行.
NOTIC: [8] Undefined index: weight C:\E\PHPIDE\VertrigoServ\www\xinyadmin\ThinkPHP\Library\Org\Util\Data.class.php 第 133 行.
INFO: [ view_parse ] --START--
INFO: [ template_filter ] --START--
INFO: Run Behavior\ContentReplaceBehavior [ RunTime:0.000149s ]
INFO: [ template_filter ] --END-- [ RunTime:0.000368s ]
NOTIC: [8] Undefined index: pid C:\E\PHPIDE\VertrigoServ\www\xinyadmin\Application\Runtime\Cache\Admin\6e33c92fc99c506f8569139da43382af.php 第 19 行.
NOTIC: [8] Undefined index: weight C:\E\PHPIDE\VertrigoServ\www\xinyadmin\Application\Runtime\Cache\Admin\6e33c92fc99c506f8569139da43382af.php 第 88 行.
INFO: Run Behavior\ParseTemplateBehavior [ RunTime:0.021202s ]
INFO: [ view_parse ] --END-- [ RunTime:0.021380s ]
INFO: [ view_filter ] --START--
INFO: Run Behavior\WriteHtmlCacheBehavior [ RunTime:0.001192s ]
INFO: [ view_filter ] --END-- [ RunTime:0.001381s ]
INFO: [ app_end ] --START--
INFO: Run Behavior\ShowPageTraceBehavior [ RunTime:0.001377s ]
INFO: [ app_end ] --END-- [ RunTime:0.001609s ]

