[ 2018-07-09T22:30:53+08:00 ] 127.0.0.1 /admin
INFO: [ app_init ] --START--
INFO: Run Behavior\BuildLiteBehavior [ RunTime:0.000045s ]
INFO: [ app_init ] --END-- [ RunTime:0.001359s ]
INFO: [ app_begin ] --START--
INFO: Run Behavior\ReadHtmlCacheBehavior [ RunTime:0.002084s ]
INFO: [ app_begin ] --END-- [ RunTime:0.002312s ]

[ 2018-07-09T22:30:54+08:00 ] 127.0.0.1 /index.php/admin/login/index/jumpLink/http%253A%252F%252F127.0.0.24%252Fadmin.html
INFO: [ app_init ] --START--
INFO: Run Behavior\BuildLiteBehavior [ RunTime:0.000045s ]
INFO: [ app_init ] --END-- [ RunTime:0.000854s ]
INFO: [ app_begin ] --START--
INFO: Run Behavior\ReadHtmlCacheBehavior [ RunTime:0.001155s ]
INFO: [ app_begin ] --END-- [ RunTime:0.001378s ]
INFO: [ view_parse ] --START--
INFO: [ template_filter ] --START--
INFO: Run Behavior\ContentReplaceBehavior [ RunTime:0.000163s ]
INFO: [ template_filter ] --END-- [ RunTime:0.000365s ]
INFO: Run Behavior\ParseTemplateBehavior [ RunTime:0.014852s ]
INFO: [ view_parse ] --END-- [ RunTime:0.015078s ]
INFO: [ view_filter ] --START--
INFO: Run Behavior\WriteHtmlCacheBehavior [ RunTime:0.002091s ]
INFO: [ view_filter ] --END-- [ RunTime:0.002278s ]
INFO: [ app_end ] --START--
INFO: Run Behavior\ShowPageTraceBehavior [ RunTime:0.001902s ]
INFO: [ app_end ] --END-- [ RunTime:0.002101s ]

[ 2018-07-09T22:30:55+08:00 ] 127.0.0.1 /admin/login/getCodeImg?imageH=35&imageW=115&length=4&fontSize=17
INFO: [ app_init ] --START--
INFO: Run Behavior\BuildLiteBehavior [ RunTime:0.000131s ]
INFO: [ app_init ] --END-- [ RunTime:0.001557s ]
INFO: [ app_begin ] --START--
INFO: Run Behavior\ReadHtmlCacheBehavior [ RunTime:0.001156s ]
INFO: [ app_begin ] --END-- [ RunTime:0.001370s ]
INFO: [ app_end ] --START--
INFO: Run Behavior\ShowPageTraceBehavior [ RunTime:0.001585s ]
INFO: [ app_end ] --END-- [ RunTime:0.001943s ]

[ 2018-07-09T22:31:08+08:00 ] 127.0.0.1 /admin/login/getCodeImg?imageH=35&imageW=115&length=4&fontSize=17&rand=Mon%20Jul%2009%202018%2022:31:08%20GMT+0800%20(%E4%B8%AD%E5%9B%BD%E6%A0%87%E5%87%86%E6%97%B6%E9%97%B4)
INFO: [ app_init ] --START--
INFO: Run Behavior\BuildLiteBehavior [ RunTime:0.000045s ]
INFO: [ app_init ] --END-- [ RunTime:0.001007s ]
INFO: [ app_begin ] --START--
INFO: Run Behavior\ReadHtmlCacheBehavior [ RunTime:0.001448s ]
INFO: [ app_begin ] --END-- [ RunTime:0.001686s ]
INFO: [ app_end ] --START--
INFO: Run Behavior\ShowPageTraceBehavior [ RunTime:0.001630s ]
INFO: [ app_end ] --END-- [ RunTime:0.001862s ]

[ 2018-07-09T22:31:08+08:00 ] 127.0.0.1 /admin/login/check
INFO: [ app_init ] --START--
INFO: Run Behavior\BuildLiteBehavior [ RunTime:0.000043s ]
INFO: [ app_init ] --END-- [ RunTime:0.001394s ]
INFO: [ app_begin ] --START--
INFO: Run Behavior\ReadHtmlCacheBehavior [ RunTime:0.002076s ]
INFO: [ app_begin ] --END-- [ RunTime:0.003106s ]

[ 2018-07-09T22:31:31+08:00 ] 127.0.0.1 /admin/login/check
INFO: [ app_init ] --START--
INFO: Run Behavior\BuildLiteBehavior [ RunTime:0.000046s ]
INFO: [ app_init ] --END-- [ RunTime:0.001270s ]
INFO: [ app_begin ] --START--
INFO: Run Behavior\ReadHtmlCacheBehavior [ RunTime:0.002267s ]
INFO: [ app_begin ] --END-- [ RunTime:0.002701s ]

[ 2018-07-09T22:31:31+08:00 ] 127.0.0.1 /admin/login/getCodeImg?imageH=35&imageW=115&length=4&fontSize=17&rand=Mon%20Jul%2009%202018%2022:31:30%20GMT+0800%20(%E4%B8%AD%E5%9B%BD%E6%A0%87%E5%87%86%E6%97%B6%E9%97%B4)
INFO: [ app_init ] --START--
INFO: Run Behavior\BuildLiteBehavior [ RunTime:0.000050s ]
INFO: [ app_init ] --END-- [ RunTime:0.003337s ]
INFO: [ app_begin ] --START--
INFO: Run Behavior\ReadHtmlCacheBehavior [ RunTime:0.076187s ]
INFO: [ app_begin ] --END-- [ RunTime:0.076537s ]
INFO: [ app_end ] --START--
INFO: Run Behavior\ShowPageTraceBehavior [ RunTime:0.081533s ]
INFO: [ app_end ] --END-- [ RunTime:0.081789s ]

[ 2018-07-09T22:31:33+08:00 ] 127.0.0.1 /admin/login/getCodeImg?imageH=35&imageW=115&length=4&fontSize=17&rand=Mon%20Jul%2009%202018%2022:31:32%20GMT+0800%20(%E4%B8%AD%E5%9B%BD%E6%A0%87%E5%87%86%E6%97%B6%E9%97%B4)
INFO: [ app_init ] --START--
INFO: Run Behavior\BuildLiteBehavior [ RunTime:0.000089s ]
INFO: [ app_init ] --END-- [ RunTime:0.005970s ]
INFO: [ app_begin ] --START--
INFO: Run Behavior\ReadHtmlCacheBehavior [ RunTime:0.002476s ]
INFO: [ app_begin ] --END-- [ RunTime:0.002889s ]
INFO: [ app_end ] --START--
INFO: Run Behavior\ShowPageTraceBehavior [ RunTime:0.006239s ]
INFO: [ app_end ] --END-- [ RunTime:0.006473s ]

[ 2018-07-09T22:31:38+08:00 ] 127.0.0.1 /admin/login/check
INFO: [ app_init ] --START--
INFO: Run Behavior\BuildLiteBehavior [ RunTime:0.000043s ]
INFO: [ app_init ] --END-- [ RunTime:0.000995s ]
INFO: [ app_begin ] --START--
INFO: Run Behavior\ReadHtmlCacheBehavior [ RunTime:0.006889s ]
INFO: [ app_begin ] --END-- [ RunTime:0.007511s ]
SQL: SELECT * FROM `xman_admin_user` WHERE `username` = 'admin' LIMIT 1   [ RunTime:0.0121s ]

[ 2018-07-09T22:31:38+08:00 ] 127.0.0.1 /admin/login/getCodeImg?imageH=35&imageW=115&length=4&fontSize=17&rand=Mon%20Jul%2009%202018%2022:31:37%20GMT+0800%20(%E4%B8%AD%E5%9B%BD%E6%A0%87%E5%87%86%E6%97%B6%E9%97%B4)
INFO: [ app_init ] --START--
INFO: Run Behavior\BuildLiteBehavior [ RunTime:0.000044s ]
INFO: [ app_init ] --END-- [ RunTime:0.001641s ]
INFO: [ app_begin ] --START--
INFO: Run Behavior\ReadHtmlCacheBehavior [ RunTime:0.002135s ]
INFO: [ app_begin ] --END-- [ RunTime:0.002449s ]
INFO: [ app_end ] --START--
INFO: Run Behavior\ShowPageTraceBehavior [ RunTime:0.001519s ]
INFO: [ app_end ] --END-- [ RunTime:0.001750s ]

[ 2018-07-09T22:31:43+08:00 ] 127.0.0.1 /admin/login/getCodeImg?imageH=35&imageW=115&length=4&fontSize=17&rand=Mon%20Jul%2009%202018%2022:31:43%20GMT+0800%20(%E4%B8%AD%E5%9B%BD%E6%A0%87%E5%87%86%E6%97%B6%E9%97%B4)
INFO: [ app_init ] --START--
INFO: Run Behavior\BuildLiteBehavior [ RunTime:0.000049s ]
INFO: [ app_init ] --END-- [ RunTime:0.003733s ]
INFO: [ app_begin ] --START--
INFO: Run Behavior\ReadHtmlCacheBehavior [ RunTime:0.001758s ]
INFO: [ app_begin ] --END-- [ RunTime:0.002060s ]
INFO: [ app_end ] --START--
INFO: Run Behavior\ShowPageTraceBehavior [ RunTime:0.004017s ]
INFO: [ app_end ] --END-- [ RunTime:0.004820s ]

[ 2018-07-09T22:31:50+08:00 ] 127.0.0.1 /admin/login/check
INFO: [ app_init ] --START--
INFO: Run Behavior\BuildLiteBehavior [ RunTime:0.000045s ]
INFO: [ app_init ] --END-- [ RunTime:0.000877s ]
INFO: [ app_begin ] --START--
INFO: Run Behavior\ReadHtmlCacheBehavior [ RunTime:0.001153s ]
INFO: [ app_begin ] --END-- [ RunTime:0.001355s ]
SQL: SELECT * FROM `xman_admin_user` WHERE `username` = 'admin11' LIMIT 1   [ RunTime:0.0005s ]
SQL: SELECT * FROM `xman_auth_group_access` WHERE `uid` = 2  [ RunTime:0.0059s ]

[ 2018-07-09T22:31:50+08:00 ] 127.0.0.1 /admin/login/getCodeImg?imageH=35&imageW=115&length=4&fontSize=17&rand=Mon%20Jul%2009%202018%2022:31:50%20GMT+0800%20(%E4%B8%AD%E5%9B%BD%E6%A0%87%E5%87%86%E6%97%B6%E9%97%B4)
INFO: [ app_init ] --START--
INFO: Run Behavior\BuildLiteBehavior [ RunTime:0.000066s ]
INFO: [ app_init ] --END-- [ RunTime:0.000903s ]
INFO: [ app_begin ] --START--
INFO: Run Behavior\ReadHtmlCacheBehavior [ RunTime:0.001565s ]
INFO: [ app_begin ] --END-- [ RunTime:0.001789s ]
INFO: [ app_end ] --START--
INFO: Run Behavior\ShowPageTraceBehavior [ RunTime:0.002362s ]
INFO: [ app_end ] --END-- [ RunTime:0.002619s ]

[ 2018-07-09T22:31:51+08:00 ] 127.0.0.1 /admin
INFO: [ app_init ] --START--
INFO: Run Behavior\BuildLiteBehavior [ RunTime:0.000069s ]
INFO: [ app_init ] --END-- [ RunTime:0.005792s ]
INFO: [ app_begin ] --START--
INFO: Run Behavior\ReadHtmlCacheBehavior [ RunTime:0.001359s ]
INFO: [ app_begin ] --END-- [ RunTime:0.001644s ]
SQL: SELECT COUNT(*) AS tp_count FROM `xman_auth_rule` WHERE `status` = 1 AND `name` = 'admin/index/index' LIMIT 1   [ RunTime:0.0038s ]
SQL: SHOW COLUMNS FROM `xman_auth_group_access` [ RunTime:0.0185s ]
SQL: SELECT `uid`,`group_id`,`title`,`rules` FROM xman_auth_group_access a INNER JOIN xman_auth_group g on a.group_id=g.id  WHERE ( a.uid='2' and g.status='1' )  [ RunTime:0.0049s ]
SQL: SELECT * FROM `xman_auth_menus` WHERE `pid` = 0  [ RunTime:0.0028s ]
SQL: SELECT * FROM `xman_admin_user` WHERE `id` = 2 LIMIT 1   [ RunTime:0.0006s ]
INFO: [ view_parse ] --START--
INFO: [ template_filter ] --START--
INFO: Run Behavior\ContentReplaceBehavior [ RunTime:0.000154s ]
INFO: [ template_filter ] --END-- [ RunTime:0.000364s ]
INFO: Run Behavior\ParseTemplateBehavior [ RunTime:0.034840s ]
INFO: [ view_parse ] --END-- [ RunTime:0.035683s ]
INFO: [ view_filter ] --START--
INFO: Run Behavior\WriteHtmlCacheBehavior [ RunTime:0.001754s ]
INFO: [ view_filter ] --END-- [ RunTime:0.002030s ]
INFO: [ app_end ] --START--
INFO: Run Behavior\ShowPageTraceBehavior [ RunTime:0.002148s ]
INFO: [ app_end ] --END-- [ RunTime:0.002379s ]

[ 2018-07-09T22:31:53+08:00 ] 127.0.0.1 /admin/index/getmenu/id/1
INFO: [ app_init ] --START--
INFO: Run Behavior\BuildLiteBehavior [ RunTime:0.000049s ]
INFO: [ app_init ] --END-- [ RunTime:0.002292s ]
INFO: [ app_begin ] --START--
INFO: Run Behavior\ReadHtmlCacheBehavior [ RunTime:0.001225s ]
INFO: [ app_begin ] --END-- [ RunTime:0.001414s ]
SQL: SELECT COUNT(*) AS tp_count FROM `xman_auth_rule` WHERE `status` = 1 AND `name` = 'admin/index/getmenu' LIMIT 1   [ RunTime:0.0006s ]
SQL: SHOW COLUMNS FROM `xman_auth_group_access` [ RunTime:0.0187s ]
SQL: SELECT `uid`,`group_id`,`title`,`rules` FROM xman_auth_group_access a INNER JOIN xman_auth_group g on a.group_id=g.id  WHERE ( a.uid='2' and g.status='1' )  [ RunTime:0.0020s ]
SQL: SELECT a.*,r.name as href,r.is_url FROM xman_auth_menus as a left JOIN xman_auth_rule as r on r.id=a.rule_id  WHERE a.pid = '1'  [ RunTime:0.0009s ]
SQL: SELECT a.*,r.name as href FROM xman_auth_menus as a left JOIN xman_auth_rule as r on r.id=a.rule_id  WHERE a.pid = '9'  [ RunTime:0.0006s ]
SQL: SELECT a.*,r.name as href FROM xman_auth_menus as a left JOIN xman_auth_rule as r on r.id=a.rule_id  WHERE a.pid = '10'  [ RunTime:0.0006s ]
SQL: SELECT a.*,r.name as href FROM xman_auth_menus as a left JOIN xman_auth_rule as r on r.id=a.rule_id  WHERE a.pid = '11'  [ RunTime:0.0006s ]

[ 2018-07-09T22:31:56+08:00 ] 127.0.0.1 /admin/index/getmenu/id/2
INFO: [ app_init ] --START--
INFO: Run Behavior\BuildLiteBehavior [ RunTime:0.000045s ]
INFO: [ app_init ] --END-- [ RunTime:0.000698s ]
INFO: [ app_begin ] --START--
INFO: Run Behavior\ReadHtmlCacheBehavior [ RunTime:0.001013s ]
INFO: [ app_begin ] --END-- [ RunTime:0.001126s ]
SQL: SELECT COUNT(*) AS tp_count FROM `xman_auth_rule` WHERE `status` = 1 AND `name` = 'admin/index/getmenu' LIMIT 1   [ RunTime:0.0005s ]
SQL: SHOW COLUMNS FROM `xman_auth_group_access` [ RunTime:0.0204s ]
SQL: SELECT `uid`,`group_id`,`title`,`rules` FROM xman_auth_group_access a INNER JOIN xman_auth_group g on a.group_id=g.id  WHERE ( a.uid='2' and g.status='1' )  [ RunTime:0.0004s ]
SQL: SELECT a.*,r.name as href,r.is_url FROM xman_auth_menus as a left JOIN xman_auth_rule as r on r.id=a.rule_id  WHERE a.pid = '2'  [ RunTime:0.0005s ]
SQL: SELECT a.*,r.name as href FROM xman_auth_menus as a left JOIN xman_auth_rule as r on r.id=a.rule_id  WHERE a.pid = '14'  [ RunTime:0.0003s ]
SQL: SELECT a.*,r.name as href FROM xman_auth_menus as a left JOIN xman_auth_rule as r on r.id=a.rule_id  WHERE a.pid = '27'  [ RunTime:0.0004s ]

[ 2018-07-09T22:31:57+08:00 ] 127.0.0.1 /admin/index/getmenu/id/3
INFO: [ app_init ] --START--
INFO: Run Behavior\BuildLiteBehavior [ RunTime:0.000025s ]
INFO: [ app_init ] --END-- [ RunTime:0.000711s ]
INFO: [ app_begin ] --START--
INFO: Run Behavior\ReadHtmlCacheBehavior [ RunTime:0.001009s ]
INFO: [ app_begin ] --END-- [ RunTime:0.001179s ]
SQL: SELECT COUNT(*) AS tp_count FROM `xman_auth_rule` WHERE `status` = 1 AND `name` = 'admin/index/getmenu' LIMIT 1   [ RunTime:0.0004s ]
SQL: SHOW COLUMNS FROM `xman_auth_group_access` [ RunTime:0.0147s ]
SQL: SELECT `uid`,`group_id`,`title`,`rules` FROM xman_auth_group_access a INNER JOIN xman_auth_group g on a.group_id=g.id  WHERE ( a.uid='2' and g.status='1' )  [ RunTime:0.0004s ]
SQL: SELECT a.*,r.name as href,r.is_url FROM xman_auth_menus as a left JOIN xman_auth_rule as r on r.id=a.rule_id  WHERE a.pid = '3'  [ RunTime:0.0013s ]
SQL: SELECT a.*,r.name as href FROM xman_auth_menus as a left JOIN xman_auth_rule as r on r.id=a.rule_id  WHERE a.pid = '5'  [ RunTime:0.0004s ]
SQL: SELECT a.*,r.name as href FROM xman_auth_menus as a left JOIN xman_auth_rule as r on r.id=a.rule_id  WHERE a.pid = '18'  [ RunTime:0.0004s ]
SQL: SELECT a.*,r.name as href FROM xman_auth_menus as a left JOIN xman_auth_rule as r on r.id=a.rule_id  WHERE a.pid = '19'  [ RunTime:0.0003s ]
SQL: SELECT a.*,r.name as href FROM xman_auth_menus as a left JOIN xman_auth_rule as r on r.id=a.rule_id  WHERE a.pid = '20'  [ RunTime:0.0003s ]
SQL: SELECT a.*,r.name as href FROM xman_auth_menus as a left JOIN xman_auth_rule as r on r.id=a.rule_id  WHERE a.pid = '21'  [ RunTime:0.0004s ]
SQL: SELECT a.*,r.name as href FROM xman_auth_menus as a left JOIN xman_auth_rule as r on r.id=a.rule_id  WHERE a.pid = '22'  [ RunTime:0.0009s ]

[ 2018-07-09T22:31:58+08:00 ] 127.0.0.1 /admin/index/getmenu/id/4
INFO: [ app_init ] --START--
INFO: Run Behavior\BuildLiteBehavior [ RunTime:0.000026s ]
INFO: [ app_init ] --END-- [ RunTime:0.001237s ]
INFO: [ app_begin ] --START--
INFO: Run Behavior\ReadHtmlCacheBehavior [ RunTime:0.000895s ]
INFO: [ app_begin ] --END-- [ RunTime:0.001005s ]
SQL: SELECT COUNT(*) AS tp_count FROM `xman_auth_rule` WHERE `status` = 1 AND `name` = 'admin/index/getmenu' LIMIT 1   [ RunTime:0.0003s ]
SQL: SHOW COLUMNS FROM `xman_auth_group_access` [ RunTime:0.0134s ]
SQL: SELECT `uid`,`group_id`,`title`,`rules` FROM xman_auth_group_access a INNER JOIN xman_auth_group g on a.group_id=g.id  WHERE ( a.uid='2' and g.status='1' )  [ RunTime:0.0004s ]
SQL: SELECT a.*,r.name as href,r.is_url FROM xman_auth_menus as a left JOIN xman_auth_rule as r on r.id=a.rule_id  WHERE a.pid = '4'  [ RunTime:0.0005s ]
SQL: SELECT a.*,r.name as href FROM xman_auth_menus as a left JOIN xman_auth_rule as r on r.id=a.rule_id  WHERE a.pid = '23'  [ RunTime:0.0004s ]
SQL: SELECT a.*,r.name as href FROM xman_auth_menus as a left JOIN xman_auth_rule as r on r.id=a.rule_id  WHERE a.pid = '24'  [ RunTime:0.0005s ]
SQL: SELECT a.*,r.name as href FROM xman_auth_menus as a left JOIN xman_auth_rule as r on r.id=a.rule_id  WHERE a.pid = '25'  [ RunTime:0.0018s ]

[ 2018-07-09T22:31:58+08:00 ] 127.0.0.1 /admin/index/getmenu/id/3
INFO: [ app_init ] --START--
INFO: Run Behavior\BuildLiteBehavior [ RunTime:0.000030s ]
INFO: [ app_init ] --END-- [ RunTime:0.000757s ]
INFO: [ app_begin ] --START--
INFO: Run Behavior\ReadHtmlCacheBehavior [ RunTime:0.002817s ]
INFO: [ app_begin ] --END-- [ RunTime:0.002970s ]
SQL: SELECT COUNT(*) AS tp_count FROM `xman_auth_rule` WHERE `status` = 1 AND `name` = 'admin/index/getmenu' LIMIT 1   [ RunTime:0.0004s ]
SQL: SHOW COLUMNS FROM `xman_auth_group_access` [ RunTime:0.0178s ]
SQL: SELECT `uid`,`group_id`,`title`,`rules` FROM xman_auth_group_access a INNER JOIN xman_auth_group g on a.group_id=g.id  WHERE ( a.uid='2' and g.status='1' )  [ RunTime:0.0005s ]
SQL: SELECT a.*,r.name as href,r.is_url FROM xman_auth_menus as a left JOIN xman_auth_rule as r on r.id=a.rule_id  WHERE a.pid = '3'  [ RunTime:0.0005s ]
SQL: SELECT a.*,r.name as href FROM xman_auth_menus as a left JOIN xman_auth_rule as r on r.id=a.rule_id  WHERE a.pid = '5'  [ RunTime:0.0004s ]
SQL: SELECT a.*,r.name as href FROM xman_auth_menus as a left JOIN xman_auth_rule as r on r.id=a.rule_id  WHERE a.pid = '18'  [ RunTime:0.0004s ]
SQL: SELECT a.*,r.name as href FROM xman_auth_menus as a left JOIN xman_auth_rule as r on r.id=a.rule_id  WHERE a.pid = '19'  [ RunTime:0.0005s ]
SQL: SELECT a.*,r.name as href FROM xman_auth_menus as a left JOIN xman_auth_rule as r on r.id=a.rule_id  WHERE a.pid = '20'  [ RunTime:0.0028s ]
SQL: SELECT a.*,r.name as href FROM xman_auth_menus as a left JOIN xman_auth_rule as r on r.id=a.rule_id  WHERE a.pid = '21'  [ RunTime:0.0009s ]
SQL: SELECT a.*,r.name as href FROM xman_auth_menus as a left JOIN xman_auth_rule as r on r.id=a.rule_id  WHERE a.pid = '22'  [ RunTime:0.0004s ]

[ 2018-07-09T22:32:00+08:00 ] 127.0.0.1 /admin/auth/rule
INFO: [ app_init ] --START--
INFO: Run Behavior\BuildLiteBehavior [ RunTime:0.000026s ]
INFO: [ app_init ] --END-- [ RunTime:0.000647s ]
INFO: [ app_begin ] --START--
INFO: Run Behavior\ReadHtmlCacheBehavior [ RunTime:0.000955s ]
INFO: [ app_begin ] --END-- [ RunTime:0.001152s ]
SQL: SELECT COUNT(*) AS tp_count FROM `xman_auth_rule` WHERE `status` = 1 AND `name` = 'admin/auth/rule' LIMIT 1   [ RunTime:0.0008s ]
SQL: SHOW COLUMNS FROM `xman_auth_group_access` [ RunTime:0.0155s ]
SQL: SELECT `uid`,`group_id`,`title`,`rules` FROM xman_auth_group_access a INNER JOIN xman_auth_group g on a.group_id=g.id  WHERE ( a.uid='2' and g.status='1' )  [ RunTime:0.0005s ]
SQL: SHOW COLUMNS FROM `xman_auth_rule` [ RunTime:0.0170s ]
SQL: SELECT `condition`,`name` FROM `xman_auth_rule` WHERE `id` IN ('1','2','5','6','10','11','12','13','14','15','16','17','18','19','20','21','22','23','24','25','26','27','28','29','30','31','32','37','38','39','40','41','42','43','44','45','46','47','57') AND `type` = 1 AND `status` = 1  [ RunTime:0.0005s ]
SQL: SELECT `title`,`id`,`pid` FROM `xman_auth_rule` WHERE `status` = 1  [ RunTime:0.0005s ]
NOTIC: [8] Undefined index: weight C:\E\PHPIDE\VertrigoServ\www\xinyadmin\ThinkPHP\Library\Org\Util\Data.class.php 第 130 行.
NOTIC: [8] Undefined index: weight C:\E\PHPIDE\VertrigoServ\www\xinyadmin\ThinkPHP\Library\Org\Util\Data.class.php 第 133 行.
NOTIC: [8] Undefined index: weight C:\E\PHPIDE\VertrigoServ\www\xinyadmin\ThinkPHP\Library\Org\Util\Data.class.php 第 133 行.
NOTIC: [8] Undefined index: weight C:\E\PHPIDE\VertrigoServ\www\xinyadmin\ThinkPHP\Library\Org\Util\Data.class.php 第 133 行.
NOTIC: [8] Undefined index: weight C:\E\PHPIDE\VertrigoServ\www\xinyadmin\ThinkPHP\Library\Org\Util\Data.class.php 第 136 行.
NOTIC: [8] Undefined index: weight C:\E\PHPIDE\VertrigoServ\www\xinyadmin\ThinkPHP\Library\Org\Util\Data.class.php 第 136 行.
NOTIC: [8] Undefined index: weight C:\E\PHPIDE\VertrigoServ\www\xinyadmin\ThinkPHP\Library\Org\Util\Data.class.php 第 130 行.
NOTIC: [8] Undefined index: weight C:\E\PHPIDE\VertrigoServ\www\xinyadmin\ThinkPHP\Library\Org\Util\Data.class.php 第 133 行.
NOTIC: [8] Undefined index: weight C:\E\PHPIDE\VertrigoServ\www\xinyadmin\ThinkPHP\Library\Org\Util\Data.class.php 第 133 行.
NOTIC: [8] Undefined index: weight C:\E\PHPIDE\VertrigoServ\www\xinyadmin\ThinkPHP\Library\Org\Util\Data.class.php 第 130 行.
NOTIC: [8] Undefined index: weight C:\E\PHPIDE\VertrigoServ\www\xinyadmin\ThinkPHP\Library\Org\Util\Data.class.php 第 133 行.
NOTIC: [8] Undefined index: weight C:\E\PHPIDE\VertrigoServ\www\xinyadmin\ThinkPHP\Library\Org\Util\Data.class.php 第 133 行.
NOTIC: [8] Undefined index: weight C:\E\PHPIDE\VertrigoServ\www\xinyadmin\ThinkPHP\Library\Org\Util\Data.class.php 第 133 行.
NOTIC: [8] Undefined index: weight C:\E\PHPIDE\VertrigoServ\www\xinyadmin\ThinkPHP\Library\Org\Util\Data.class.php 第 133 行.
NOTIC: [8] Undefined index: weight C:\E\PHPIDE\VertrigoServ\www\xinyadmin\ThinkPHP\Library\Org\Util\Data.class.php 第 133 行.
NOTIC: [8] Undefined index: weight C:\E\PHPIDE\VertrigoServ\www\xinyadmin\ThinkPHP\Library\Org\Util\Data.class.php 第 136 行.
NOTIC: [8] Undefined index: weight C:\E\PHPIDE\VertrigoServ\www\xinyadmin\ThinkPHP\Library\Org\Util\Data.class.php 第 136 行.
NOTIC: [8] Undefined index: weight C:\E\PHPIDE\VertrigoServ\www\xinyadmin\ThinkPHP\Library\Org\Util\Data.class.php 第 136 行.
NOTIC: [8] Undefined index: weight C:\E\PHPIDE\VertrigoServ\www\xinyadmin\ThinkPHP\Library\Org\Util\Data.class.php 第 133 行.
NOTIC: [8] Undefined index: weight C:\E\PHPIDE\VertrigoServ\www\xinyadmin\ThinkPHP\Library\Org\Util\Data.class.php 第 136 行.
NOTIC: [8] Undefined index: weight C:\E\PHPIDE\VertrigoServ\www\xinyadmin\ThinkPHP\Library\Org\Util\Data.class.php 第 136 行.
NOTIC: [8] Undefined index: weight C:\E\PHPIDE\VertrigoServ\www\xinyadmin\ThinkPHP\Library\Org\Util\Data.class.php 第 136 行.
NOTIC: [8] Undefined index: weight C:\E\PHPIDE\VertrigoServ\www\xinyadmin\ThinkPHP\Library\Org\Util\Data.class.php 第 136 行.
NOTIC: [8] Undefined index: weight C:\E\PHPIDE\VertrigoServ\www\xinyadmin\ThinkPHP\Library\Org\Util\Data.class.php 第 130 行.
NOTIC: [8] Undefined index: weight C:\E\PHPIDE\VertrigoServ\www\xinyadmin\ThinkPHP\Library\Org\Util\Data.class.php 第 133 行.
NOTIC: [8] Undefined index: weight C:\E\PHPIDE\VertrigoServ\www\xinyadmin\ThinkPHP\Library\Org\Util\Data.class.php 第 133 行.
NOTIC: [8] Undefined index: weight C:\E\PHPIDE\VertrigoServ\www\xinyadmin\ThinkPHP\Library\Org\Util\Data.class.php 第 133 行.
INFO: [ view_parse ] --START--
INFO: [ template_filter ] --START--
INFO: Run Behavior\ContentReplaceBehavior [ RunTime:0.000189s ]
INFO: [ template_filter ] --END-- [ RunTime:0.000595s ]
INFO: Run Behavior\ParseTemplateBehavior [ RunTime:0.015795s ]
INFO: [ view_parse ] --END-- [ RunTime:0.015935s ]
INFO: [ view_filter ] --START--
INFO: Run Behavior\WriteHtmlCacheBehavior [ RunTime:0.000897s ]
INFO: [ view_filter ] --END-- [ RunTime:0.001009s ]
INFO: [ app_end ] --START--
INFO: Run Behavior\ShowPageTraceBehavior [ RunTime:0.001251s ]
INFO: [ app_end ] --END-- [ RunTime:0.001515s ]

[ 2018-07-09T22:32:00+08:00 ] 127.0.0.1 /admin/auth/rule
INFO: [ app_init ] --START--
INFO: Run Behavior\BuildLiteBehavior [ RunTime:0.000028s ]
INFO: [ app_init ] --END-- [ RunTime:0.000649s ]
INFO: [ app_begin ] --START--
INFO: Run Behavior\ReadHtmlCacheBehavior [ RunTime:0.001515s ]
INFO: [ app_begin ] --END-- [ RunTime:0.001775s ]
SQL: SELECT COUNT(*) AS tp_count FROM `xman_auth_rule` WHERE `status` = 1 AND `name` = 'admin/auth/rule' LIMIT 1   [ RunTime:0.0004s ]
SQL: SHOW COLUMNS FROM `xman_auth_group_access` [ RunTime:0.0122s ]
SQL: SELECT `uid`,`group_id`,`title`,`rules` FROM xman_auth_group_access a INNER JOIN xman_auth_group g on a.group_id=g.id  WHERE ( a.uid='2' and g.status='1' )  [ RunTime:0.0016s ]
SQL: SHOW COLUMNS FROM `xman_auth_rule` [ RunTime:0.0139s ]
SQL: SELECT `condition`,`name` FROM `xman_auth_rule` WHERE `id` IN ('1','2','5','6','10','11','12','13','14','15','16','17','18','19','20','21','22','23','24','25','26','27','28','29','30','31','32','37','38','39','40','41','42','43','44','45','46','47','57') AND `type` = 1 AND `status` = 1  [ RunTime:0.0008s ]
NOTIC: [8] Undefined index: keyword C:\E\PHPIDE\VertrigoServ\www\xinyadmin\Application\Admin\Controller\AuthController.class.php 第 49 行.
SQL: SELECT * FROM `xman_auth_rule` WHERE (  1  )  [ RunTime:0.0006s ]
SQL: SELECT COUNT(*) AS tp_count FROM `xman_auth_rule` WHERE (  1  ) LIMIT 1   [ RunTime:0.0004s ]
NOTIC: [8] Undefined index: weight C:\E\PHPIDE\VertrigoServ\www\xinyadmin\ThinkPHP\Library\Org\Util\Data.class.php 第 130 行.
NOTIC: [8] Undefined index: weight C:\E\PHPIDE\VertrigoServ\www\xinyadmin\ThinkPHP\Library\Org\Util\Data.class.php 第 133 行.
NOTIC: [8] Undefined index: weight C:\E\PHPIDE\VertrigoServ\www\xinyadmin\ThinkPHP\Library\Org\Util\Data.class.php 第 133 行.
NOTIC: [8] Undefined index: weight C:\E\PHPIDE\VertrigoServ\www\xinyadmin\ThinkPHP\Library\Org\Util\Data.class.php 第 133 行.
NOTIC: [8] Undefined index: weight C:\E\PHPIDE\VertrigoServ\www\xinyadmin\ThinkPHP\Library\Org\Util\Data.class.php 第 136 行.
NOTIC: [8] Undefined index: weight C:\E\PHPIDE\VertrigoServ\www\xinyadmin\ThinkPHP\Library\Org\Util\Data.class.php 第 136 行.
NOTIC: [8] Undefined index: weight C:\E\PHPIDE\VertrigoServ\www\xinyadmin\ThinkPHP\Library\Org\Util\Data.class.php 第 130 行.
NOTIC: [8] Undefined index: weight C:\E\PHPIDE\VertrigoServ\www\xinyadmin\ThinkPHP\Library\Org\Util\Data.class.php 第 133 行.
NOTIC: [8] Undefined index: weight C:\E\PHPIDE\VertrigoServ\www\xinyadmin\ThinkPHP\Library\Org\Util\Data.class.php 第 133 行.
NOTIC: [8] Undefined index: weight C:\E\PHPIDE\VertrigoServ\www\xinyadmin\ThinkPHP\Library\Org\Util\Data.class.php 第 130 行.
NOTIC: [8] Undefined index: weight C:\E\PHPIDE\VertrigoServ\www\xinyadmin\ThinkPHP\Library\Org\Util\Data.class.php 第 133 行.
NOTIC: [8] Undefined index: weight C:\E\PHPIDE\VertrigoServ\www\xinyadmin\ThinkPHP\Library\Org\Util\Data.class.php 第 133 行.
NOTIC: [8] Undefined index: weight C:\E\PHPIDE\VertrigoServ\www\xinyadmin\ThinkPHP\Library\Org\Util\Data.class.php 第 133 行.
NOTIC: [8] Undefined index: weight C:\E\PHPIDE\VertrigoServ\www\xinyadmin\ThinkPHP\Library\Org\Util\Data.class.php 第 133 行.
NOTIC: [8] Undefined index: weight C:\E\PHPIDE\VertrigoServ\www\xinyadmin\ThinkPHP\Library\Org\Util\Data.class.php 第 133 行.
NOTIC: [8] Undefined index: weight C:\E\PHPIDE\VertrigoServ\www\xinyadmin\ThinkPHP\Library\Org\Util\Data.class.php 第 136 行.
NOTIC: [8] Undefined index: weight C:\E\PHPIDE\VertrigoServ\www\xinyadmin\ThinkPHP\Library\Org\Util\Data.class.php 第 136 行.
NOTIC: [8] Undefined index: weight C:\E\PHPIDE\VertrigoServ\www\xinyadmin\ThinkPHP\Library\Org\Util\Data.class.php 第 136 行.
NOTIC: [8] Undefined index: weight C:\E\PHPIDE\VertrigoServ\www\xinyadmin\ThinkPHP\Library\Org\Util\Data.class.php 第 133 行.
NOTIC: [8] Undefined index: weight C:\E\PHPIDE\VertrigoServ\www\xinyadmin\ThinkPHP\Library\Org\Util\Data.class.php 第 136 行.
NOTIC: [8] Undefined index: weight C:\E\PHPIDE\VertrigoServ\www\xinyadmin\ThinkPHP\Library\Org\Util\Data.class.php 第 136 行.
NOTIC: [8] Undefined index: weight C:\E\PHPIDE\VertrigoServ\www\xinyadmin\ThinkPHP\Library\Org\Util\Data.class.php 第 136 行.
NOTIC: [8] Undefined index: weight C:\E\PHPIDE\VertrigoServ\www\xinyadmin\ThinkPHP\Library\Org\Util\Data.class.php 第 136 行.
NOTIC: [8] Undefined index: weight C:\E\PHPIDE\VertrigoServ\www\xinyadmin\ThinkPHP\Library\Org\Util\Data.class.php 第 130 行.
NOTIC: [8] Undefined index: weight C:\E\PHPIDE\VertrigoServ\www\xinyadmin\ThinkPHP\Library\Org\Util\Data.class.php 第 133 行.
NOTIC: [8] Undefined index: weight C:\E\PHPIDE\VertrigoServ\www\xinyadmin\ThinkPHP\Library\Org\Util\Data.class.php 第 133 行.
NOTIC: [8] Undefined index: weight C:\E\PHPIDE\VertrigoServ\www\xinyadmin\ThinkPHP\Library\Org\Util\Data.class.php 第 133 行.

[ 2018-07-09T22:32:01+08:00 ] 127.0.0.1 /admin/auth/group
INFO: [ app_init ] --START--
INFO: Run Behavior\BuildLiteBehavior [ RunTime:0.000028s ]
INFO: [ app_init ] --END-- [ RunTime:0.000766s ]
INFO: [ app_begin ] --START--
INFO: Run Behavior\ReadHtmlCacheBehavior [ RunTime:0.000870s ]
INFO: [ app_begin ] --END-- [ RunTime:0.001024s ]
SQL: SELECT COUNT(*) AS tp_count FROM `xman_auth_rule` WHERE `status` = 1 AND `name` = 'admin/auth/group' LIMIT 1   [ RunTime:0.0012s ]
SQL: SHOW COLUMNS FROM `xman_auth_group_access` [ RunTime:0.0179s ]
SQL: SELECT `uid`,`group_id`,`title`,`rules` FROM xman_auth_group_access a INNER JOIN xman_auth_group g on a.group_id=g.id  WHERE ( a.uid='2' and g.status='1' )  [ RunTime:0.0005s ]
SQL: SHOW COLUMNS FROM `xman_auth_rule` [ RunTime:0.0168s ]
SQL: SELECT `condition`,`name` FROM `xman_auth_rule` WHERE `id` IN ('1','2','5','6','10','11','12','13','14','15','16','17','18','19','20','21','22','23','24','25','26','27','28','29','30','31','32','37','38','39','40','41','42','43','44','45','46','47','57') AND `type` = 1 AND `status` = 1  [ RunTime:0.0005s ]
INFO: [ view_parse ] --START--
INFO: [ template_filter ] --START--
INFO: Run Behavior\ContentReplaceBehavior [ RunTime:0.000089s ]
INFO: [ template_filter ] --END-- [ RunTime:0.000211s ]
INFO: Run Behavior\ParseTemplateBehavior [ RunTime:0.013277s ]
INFO: [ view_parse ] --END-- [ RunTime:0.013472s ]
INFO: [ view_filter ] --START--
INFO: Run Behavior\WriteHtmlCacheBehavior [ RunTime:0.002508s ]
INFO: [ view_filter ] --END-- [ RunTime:0.002672s ]
INFO: [ app_end ] --START--
INFO: Run Behavior\ShowPageTraceBehavior [ RunTime:0.001341s ]
INFO: [ app_end ] --END-- [ RunTime:0.001509s ]

[ 2018-07-09T22:32:01+08:00 ] 127.0.0.1 /admin/auth/group
INFO: [ app_init ] --START--
INFO: Run Behavior\BuildLiteBehavior [ RunTime:0.000042s ]
INFO: [ app_init ] --END-- [ RunTime:0.017543s ]
INFO: [ app_begin ] --START--
INFO: Run Behavior\ReadHtmlCacheBehavior [ RunTime:0.001233s ]
INFO: [ app_begin ] --END-- [ RunTime:0.001488s ]
SQL: SELECT COUNT(*) AS tp_count FROM `xman_auth_rule` WHERE `status` = 1 AND `name` = 'admin/auth/group' LIMIT 1   [ RunTime:0.0004s ]
SQL: SHOW COLUMNS FROM `xman_auth_group_access` [ RunTime:0.0193s ]
SQL: SELECT `uid`,`group_id`,`title`,`rules` FROM xman_auth_group_access a INNER JOIN xman_auth_group g on a.group_id=g.id  WHERE ( a.uid='2' and g.status='1' )  [ RunTime:0.0011s ]
SQL: SHOW COLUMNS FROM `xman_auth_rule` [ RunTime:0.0198s ]
SQL: SELECT `condition`,`name` FROM `xman_auth_rule` WHERE `id` IN ('1','2','5','6','10','11','12','13','14','15','16','17','18','19','20','21','22','23','24','25','26','27','28','29','30','31','32','37','38','39','40','41','42','43','44','45','46','47','57') AND `type` = 1 AND `status` = 1  [ RunTime:0.0008s ]
NOTIC: [8] Undefined index: keyword C:\E\PHPIDE\VertrigoServ\www\xinyadmin\Application\Admin\Controller\AuthController.class.php 第 209 行.
SQL: SELECT * FROM `xman_auth_group` WHERE (  1  ) ORDER BY id asc LIMIT 0,10   [ RunTime:0.0004s ]
SQL: SELECT COUNT(*) AS tp_count FROM `xman_auth_group` WHERE (  1  ) LIMIT 1   [ RunTime:0.0002s ]

[ 2018-07-09T22:32:02+08:00 ] 127.0.0.1 /admin/auth/admin_user
INFO: [ app_init ] --START--
INFO: Run Behavior\BuildLiteBehavior [ RunTime:0.000026s ]
INFO: [ app_init ] --END-- [ RunTime:0.000697s ]
INFO: [ app_begin ] --START--
INFO: Run Behavior\ReadHtmlCacheBehavior [ RunTime:0.000914s ]
INFO: [ app_begin ] --END-- [ RunTime:0.001043s ]
SQL: SELECT COUNT(*) AS tp_count FROM `xman_auth_rule` WHERE `status` = 1 AND `name` = 'admin/auth/admin_user' LIMIT 1   [ RunTime:0.0018s ]
SQL: SHOW COLUMNS FROM `xman_auth_group_access` [ RunTime:0.0116s ]
SQL: SELECT `uid`,`group_id`,`title`,`rules` FROM xman_auth_group_access a INNER JOIN xman_auth_group g on a.group_id=g.id  WHERE ( a.uid='2' and g.status='1' )  [ RunTime:0.0026s ]
SQL: SHOW COLUMNS FROM `xman_auth_rule` [ RunTime:0.0135s ]
SQL: SELECT `condition`,`name` FROM `xman_auth_rule` WHERE `id` IN ('1','2','5','6','10','11','12','13','14','15','16','17','18','19','20','21','22','23','24','25','26','27','28','29','30','31','32','37','38','39','40','41','42','43','44','45','46','47','57') AND `type` = 1 AND `status` = 1  [ RunTime:0.0020s ]
INFO: [ view_parse ] --START--
INFO: [ template_filter ] --START--
INFO: Run Behavior\ContentReplaceBehavior [ RunTime:0.000081s ]
INFO: [ template_filter ] --END-- [ RunTime:0.000198s ]
INFO: Run Behavior\ParseTemplateBehavior [ RunTime:0.013287s ]
INFO: [ view_parse ] --END-- [ RunTime:0.013486s ]
INFO: [ view_filter ] --START--
INFO: Run Behavior\WriteHtmlCacheBehavior [ RunTime:0.001846s ]
INFO: [ view_filter ] --END-- [ RunTime:0.002037s ]
INFO: [ app_end ] --START--
INFO: Run Behavior\ShowPageTraceBehavior [ RunTime:0.001092s ]
INFO: [ app_end ] --END-- [ RunTime:0.001222s ]

[ 2018-07-09T22:32:02+08:00 ] 127.0.0.1 /admin/auth/admin_user
INFO: [ app_init ] --START--
INFO: Run Behavior\BuildLiteBehavior [ RunTime:0.000044s ]
INFO: [ app_init ] --END-- [ RunTime:0.002391s ]
INFO: [ app_begin ] --START--
INFO: Run Behavior\ReadHtmlCacheBehavior [ RunTime:0.002719s ]
INFO: [ app_begin ] --END-- [ RunTime:0.003709s ]
SQL: SELECT COUNT(*) AS tp_count FROM `xman_auth_rule` WHERE `status` = 1 AND `name` = 'admin/auth/admin_user' LIMIT 1   [ RunTime:0.0004s ]
SQL: SHOW COLUMNS FROM `xman_auth_group_access` [ RunTime:0.0171s ]
SQL: SELECT `uid`,`group_id`,`title`,`rules` FROM xman_auth_group_access a INNER JOIN xman_auth_group g on a.group_id=g.id  WHERE ( a.uid='2' and g.status='1' )  [ RunTime:0.0004s ]
SQL: SHOW COLUMNS FROM `xman_auth_rule` [ RunTime:0.0188s ]
SQL: SELECT `condition`,`name` FROM `xman_auth_rule` WHERE `id` IN ('1','2','5','6','10','11','12','13','14','15','16','17','18','19','20','21','22','23','24','25','26','27','28','29','30','31','32','37','38','39','40','41','42','43','44','45','46','47','57') AND `type` = 1 AND `status` = 1  [ RunTime:0.0023s ]
NOTIC: [8] Undefined index: keyword C:\E\PHPIDE\VertrigoServ\www\xinyadmin\Application\Admin\Controller\AuthController.class.php 第 352 行.
SQL: SELECT * FROM `xman_admin_user` WHERE (  1  ) ORDER BY id asc LIMIT 0,10   [ RunTime:0.0005s ]
SQL: SELECT ag.title FROM xman_auth_group_access as ga INNER JOIN xman_auth_group as ag on ag.id=ga.group_id  WHERE `uid` = '1'  [ RunTime:0.0005s ]
SQL: SELECT ag.title FROM xman_auth_group_access as ga INNER JOIN xman_auth_group as ag on ag.id=ga.group_id  WHERE `uid` = '2'  [ RunTime:0.0011s ]
SQL: SELECT ag.title FROM xman_auth_group_access as ga INNER JOIN xman_auth_group as ag on ag.id=ga.group_id  WHERE `uid` = '16'  [ RunTime:0.0004s ]
SQL: SELECT ag.title FROM xman_auth_group_access as ga INNER JOIN xman_auth_group as ag on ag.id=ga.group_id  WHERE `uid` = '19'  [ RunTime:0.0004s ]
SQL: SELECT COUNT(*) AS tp_count FROM `xman_admin_user` WHERE (  1  ) LIMIT 1   [ RunTime:0.0004s ]

