[ 2018-07-16T11:05:07+08:00 ] 127.0.0.1 /admin
INFO: [ app_init ] --START--
INFO: Run Behavior\BuildLiteBehavior [ RunTime:0.000047s ]
INFO: [ app_init ] --END-- [ RunTime:0.001451s ]
INFO: [ app_begin ] --START--
INFO: Run Behavior\ReadHtmlCacheBehavior [ RunTime:0.001843s ]
INFO: [ app_begin ] --END-- [ RunTime:0.002106s ]

[ 2018-07-16T11:05:07+08:00 ] 127.0.0.1 /index.php/admin/login/index/jumpLink/http%253A%252F%252F127.0.0.24%252Fadmin.html
INFO: [ app_init ] --START--
INFO: Run Behavior\BuildLiteBehavior [ RunTime:0.000029s ]
INFO: [ app_init ] --END-- [ RunTime:0.000576s ]
INFO: [ app_begin ] --START--
INFO: Run Behavior\ReadHtmlCacheBehavior [ RunTime:0.000992s ]
INFO: [ app_begin ] --END-- [ RunTime:0.001180s ]
INFO: [ view_parse ] --START--
INFO: [ template_filter ] --START--
INFO: Run Behavior\ContentReplaceBehavior [ RunTime:0.000076s ]
INFO: [ template_filter ] --END-- [ RunTime:0.000198s ]
INFO: Run Behavior\ParseTemplateBehavior [ RunTime:0.010778s ]
INFO: [ view_parse ] --END-- [ RunTime:0.010920s ]
INFO: [ view_filter ] --START--
INFO: Run Behavior\WriteHtmlCacheBehavior [ RunTime:0.001297s ]
INFO: [ view_filter ] --END-- [ RunTime:0.001430s ]
INFO: [ app_end ] --START--
INFO: Run Behavior\ShowPageTraceBehavior [ RunTime:0.001108s ]
INFO: [ app_end ] --END-- [ RunTime:0.001230s ]

[ 2018-07-16T11:05:08+08:00 ] 127.0.0.1 /admin
INFO: [ app_init ] --START--
INFO: Run Behavior\BuildLiteBehavior [ RunTime:0.000042s ]
INFO: [ app_init ] --END-- [ RunTime:0.000949s ]
INFO: [ app_begin ] --START--
INFO: Run Behavior\ReadHtmlCacheBehavior [ RunTime:0.000957s ]
INFO: [ app_begin ] --END-- [ RunTime:0.001127s ]

[ 2018-07-16T11:05:08+08:00 ] 127.0.0.1 /admin/login/getCodeImg?imageH=35&imageW=115&length=4&fontSize=17
INFO: [ app_init ] --START--
INFO: Run Behavior\BuildLiteBehavior [ RunTime:0.000041s ]
INFO: [ app_init ] --END-- [ RunTime:0.000890s ]
INFO: [ app_begin ] --START--
INFO: Run Behavior\ReadHtmlCacheBehavior [ RunTime:0.001198s ]
INFO: [ app_begin ] --END-- [ RunTime:0.001422s ]
INFO: [ app_end ] --START--
INFO: Run Behavior\ShowPageTraceBehavior [ RunTime:0.001504s ]
INFO: [ app_end ] --END-- [ RunTime:0.001734s ]

[ 2018-07-16T11:05:14+08:00 ] 127.0.0.1 /admin/login/getCodeImg?imageH=35&imageW=115&length=4&fontSize=17&rand=Mon%20Jul%2016%202018%2011:05:14%20GMT+0800%20(%E4%B8%AD%E5%9B%BD%E6%A0%87%E5%87%86%E6%97%B6%E9%97%B4)
INFO: [ app_init ] --START--
INFO: Run Behavior\BuildLiteBehavior [ RunTime:0.000049s ]
INFO: [ app_init ] --END-- [ RunTime:0.001119s ]
INFO: [ app_begin ] --START--
INFO: Run Behavior\ReadHtmlCacheBehavior [ RunTime:0.001051s ]
INFO: [ app_begin ] --END-- [ RunTime:0.001350s ]
INFO: [ app_end ] --START--
INFO: Run Behavior\ShowPageTraceBehavior [ RunTime:0.001084s ]
INFO: [ app_end ] --END-- [ RunTime:0.001213s ]

[ 2018-07-16T11:05:18+08:00 ] 127.0.0.1 /admin/login/check
INFO: [ app_init ] --START--
INFO: Run Behavior\BuildLiteBehavior [ RunTime:0.000042s ]
INFO: [ app_init ] --END-- [ RunTime:0.000863s ]
INFO: [ app_begin ] --START--
INFO: Run Behavior\ReadHtmlCacheBehavior [ RunTime:0.000968s ]
INFO: [ app_begin ] --END-- [ RunTime:0.001096s ]
SQL: SELECT * FROM `xman_admin_user` WHERE `username` = 'admin' LIMIT 1   [ RunTime:0.0113s ]

[ 2018-07-16T11:05:18+08:00 ] 127.0.0.1 /admin/login/getCodeImg?imageH=35&imageW=115&length=4&fontSize=17&rand=Mon%20Jul%2016%202018%2011:05:18%20GMT+0800%20(%E4%B8%AD%E5%9B%BD%E6%A0%87%E5%87%86%E6%97%B6%E9%97%B4)
INFO: [ app_init ] --START--
INFO: Run Behavior\BuildLiteBehavior [ RunTime:0.000047s ]
INFO: [ app_init ] --END-- [ RunTime:0.001263s ]
INFO: [ app_begin ] --START--
INFO: Run Behavior\ReadHtmlCacheBehavior [ RunTime:0.001346s ]
INFO: [ app_begin ] --END-- [ RunTime:0.001622s ]
INFO: [ app_end ] --START--
INFO: Run Behavior\ShowPageTraceBehavior [ RunTime:0.001146s ]
INFO: [ app_end ] --END-- [ RunTime:0.001344s ]

[ 2018-07-16T11:05:24+08:00 ] 127.0.0.1 /admin/login/getCodeImg?imageH=35&imageW=115&length=4&fontSize=17&rand=Mon%20Jul%2016%202018%2011:05:24%20GMT+0800%20(%E4%B8%AD%E5%9B%BD%E6%A0%87%E5%87%86%E6%97%B6%E9%97%B4)
INFO: [ app_init ] --START--
INFO: Run Behavior\BuildLiteBehavior [ RunTime:0.000068s ]
INFO: [ app_init ] --END-- [ RunTime:0.001015s ]
INFO: [ app_begin ] --START--
INFO: Run Behavior\ReadHtmlCacheBehavior [ RunTime:0.001336s ]
INFO: [ app_begin ] --END-- [ RunTime:0.001551s ]
INFO: [ app_end ] --START--
INFO: Run Behavior\ShowPageTraceBehavior [ RunTime:0.002513s ]
INFO: [ app_end ] --END-- [ RunTime:0.002848s ]

[ 2018-07-16T11:05:31+08:00 ] 127.0.0.1 /admin/login/check
INFO: [ app_init ] --START--
INFO: Run Behavior\BuildLiteBehavior [ RunTime:0.000041s ]
INFO: [ app_init ] --END-- [ RunTime:0.000791s ]
INFO: [ app_begin ] --START--
INFO: Run Behavior\ReadHtmlCacheBehavior [ RunTime:0.001008s ]
INFO: [ app_begin ] --END-- [ RunTime:0.001217s ]
SQL: SELECT * FROM `xman_admin_user` WHERE `username` = 'admin11' LIMIT 1   [ RunTime:0.0013s ]

[ 2018-07-16T11:05:31+08:00 ] 127.0.0.1 /admin/login/getCodeImg?imageH=35&imageW=115&length=4&fontSize=17&rand=Mon%20Jul%2016%202018%2011:05:31%20GMT+0800%20(%E4%B8%AD%E5%9B%BD%E6%A0%87%E5%87%86%E6%97%B6%E9%97%B4)
INFO: [ app_init ] --START--
INFO: Run Behavior\BuildLiteBehavior [ RunTime:0.000061s ]
INFO: [ app_init ] --END-- [ RunTime:0.002140s ]
INFO: [ app_begin ] --START--
INFO: Run Behavior\ReadHtmlCacheBehavior [ RunTime:0.001165s ]
INFO: [ app_begin ] --END-- [ RunTime:0.001369s ]
INFO: [ app_end ] --START--
INFO: Run Behavior\ShowPageTraceBehavior [ RunTime:0.000973s ]
INFO: [ app_end ] --END-- [ RunTime:0.001163s ]

[ 2018-07-16T11:05:42+08:00 ] 127.0.0.1 /admin/login/getCodeImg?imageH=35&imageW=115&length=4&fontSize=17&rand=Mon%20Jul%2016%202018%2011:05:42%20GMT+0800%20(%E4%B8%AD%E5%9B%BD%E6%A0%87%E5%87%86%E6%97%B6%E9%97%B4)
INFO: [ app_init ] --START--
INFO: Run Behavior\BuildLiteBehavior [ RunTime:0.000028s ]
INFO: [ app_init ] --END-- [ RunTime:0.000559s ]
INFO: [ app_begin ] --START--
INFO: Run Behavior\ReadHtmlCacheBehavior [ RunTime:0.000877s ]
INFO: [ app_begin ] --END-- [ RunTime:0.001017s ]
INFO: [ app_end ] --START--
INFO: Run Behavior\ShowPageTraceBehavior [ RunTime:0.004074s ]
INFO: [ app_end ] --END-- [ RunTime:0.004276s ]

[ 2018-07-16T11:05:49+08:00 ] 127.0.0.1 /admin/login/check
INFO: [ app_init ] --START--
INFO: Run Behavior\BuildLiteBehavior [ RunTime:0.000042s ]
INFO: [ app_init ] --END-- [ RunTime:0.000875s ]
INFO: [ app_begin ] --START--
INFO: Run Behavior\ReadHtmlCacheBehavior [ RunTime:0.000781s ]
INFO: [ app_begin ] --END-- [ RunTime:0.000900s ]
SQL: SELECT * FROM `xman_admin_user` WHERE `username` = 'admin11' LIMIT 1   [ RunTime:0.0003s ]
SQL: SHOW COLUMNS FROM `xman_auth_group_access` [ RunTime:0.0203s ]
SQL: SELECT * FROM `xman_auth_group_access` WHERE `uid` = 2  [ RunTime:0.0014s ]

[ 2018-07-16T11:05:49+08:00 ] 127.0.0.1 /admin/login/getCodeImg?imageH=35&imageW=115&length=4&fontSize=17&rand=Mon%20Jul%2016%202018%2011:05:49%20GMT+0800%20(%E4%B8%AD%E5%9B%BD%E6%A0%87%E5%87%86%E6%97%B6%E9%97%B4)
INFO: [ app_init ] --START--
INFO: Run Behavior\BuildLiteBehavior [ RunTime:0.000034s ]
INFO: [ app_init ] --END-- [ RunTime:0.000595s ]
INFO: [ app_begin ] --START--
INFO: Run Behavior\ReadHtmlCacheBehavior [ RunTime:0.001260s ]
INFO: [ app_begin ] --END-- [ RunTime:0.001743s ]
INFO: [ app_end ] --START--
INFO: Run Behavior\ShowPageTraceBehavior [ RunTime:0.002174s ]
INFO: [ app_end ] --END-- [ RunTime:0.002575s ]

[ 2018-07-16T11:05:51+08:00 ] 127.0.0.1 /admin
INFO: [ app_init ] --START--
INFO: Run Behavior\BuildLiteBehavior [ RunTime:0.000032s ]
INFO: [ app_init ] --END-- [ RunTime:0.000664s ]
INFO: [ app_begin ] --START--
INFO: Run Behavior\ReadHtmlCacheBehavior [ RunTime:0.000921s ]
INFO: [ app_begin ] --END-- [ RunTime:0.001065s ]
SQL: SELECT COUNT(*) AS tp_count FROM `xman_auth_rule` WHERE `status` = 1 AND `name` = 'admin/index/index' LIMIT 1   [ RunTime:0.0063s ]
SQL: SHOW COLUMNS FROM `xman_auth_group_access` [ RunTime:0.0147s ]
SQL: SELECT `uid`,`group_id`,`title`,`rules` FROM xman_auth_group_access a INNER JOIN xman_auth_group g on a.group_id=g.id  WHERE ( a.uid='2' and g.status='1' )  [ RunTime:0.0056s ]
SQL: SELECT * FROM `xman_auth_menus` WHERE `pid` = 0  [ RunTime:0.0024s ]
SQL: SELECT * FROM `xman_admin_user` WHERE `id` = 2 LIMIT 1   [ RunTime:0.0005s ]
INFO: [ view_parse ] --START--
INFO: [ template_filter ] --START--
INFO: Run Behavior\ContentReplaceBehavior [ RunTime:0.000095s ]
INFO: [ template_filter ] --END-- [ RunTime:0.000234s ]
INFO: Run Behavior\ParseTemplateBehavior [ RunTime:0.023033s ]
INFO: [ view_parse ] --END-- [ RunTime:0.023640s ]
INFO: [ view_filter ] --START--
INFO: Run Behavior\WriteHtmlCacheBehavior [ RunTime:0.001004s ]
INFO: [ view_filter ] --END-- [ RunTime:0.001162s ]
INFO: [ app_end ] --START--
INFO: Run Behavior\ShowPageTraceBehavior [ RunTime:0.001725s ]
INFO: [ app_end ] --END-- [ RunTime:0.001957s ]

[ 2018-07-16T11:05:53+08:00 ] 127.0.0.1 /admin/index/getmenu/id/1
INFO: [ app_init ] --START--
INFO: Run Behavior\BuildLiteBehavior [ RunTime:0.000044s ]
INFO: [ app_init ] --END-- [ RunTime:0.000760s ]
INFO: [ app_begin ] --START--
INFO: Run Behavior\ReadHtmlCacheBehavior [ RunTime:0.001315s ]
INFO: [ app_begin ] --END-- [ RunTime:0.001492s ]
SQL: SELECT COUNT(*) AS tp_count FROM `xman_auth_rule` WHERE `status` = 1 AND `name` = 'admin/index/getmenu' LIMIT 1   [ RunTime:0.0003s ]
SQL: SHOW COLUMNS FROM `xman_auth_group_access` [ RunTime:0.0117s ]
SQL: SELECT `uid`,`group_id`,`title`,`rules` FROM xman_auth_group_access a INNER JOIN xman_auth_group g on a.group_id=g.id  WHERE ( a.uid='2' and g.status='1' )  [ RunTime:0.0006s ]
SQL: SELECT a.*,r.name as href,r.is_url FROM xman_auth_menus as a left JOIN xman_auth_rule as r on r.id=a.rule_id  WHERE a.pid = '1'  [ RunTime:0.0010s ]
SQL: SELECT a.*,r.name as href FROM xman_auth_menus as a left JOIN xman_auth_rule as r on r.id=a.rule_id  WHERE a.pid = '9'  [ RunTime:0.0016s ]
SQL: SELECT a.*,r.name as href FROM xman_auth_menus as a left JOIN xman_auth_rule as r on r.id=a.rule_id  WHERE a.pid = '10'  [ RunTime:0.0005s ]
SQL: SELECT a.*,r.name as href FROM xman_auth_menus as a left JOIN xman_auth_rule as r on r.id=a.rule_id  WHERE a.pid = '11'  [ RunTime:0.0005s ]

[ 2018-07-16T11:06:32+08:00 ] 127.0.0.1 /admin/login/index
INFO: [ app_init ] --START--
INFO: Run Behavior\BuildLiteBehavior [ RunTime:0.000029s ]
INFO: [ app_init ] --END-- [ RunTime:0.000597s ]
INFO: [ app_begin ] --START--
INFO: Run Behavior\ReadHtmlCacheBehavior [ RunTime:0.000812s ]
INFO: [ app_begin ] --END-- [ RunTime:0.000954s ]
INFO: [ view_parse ] --START--
INFO: [ template_filter ] --START--
INFO: Run Behavior\ContentReplaceBehavior [ RunTime:0.000070s ]
INFO: [ template_filter ] --END-- [ RunTime:0.000194s ]
NOTIC: [8] Undefined index: jumpLink C:\E\PHPIDE\VertrigoServ\www\xinyadmin\Application\Runtime\Cache\Admin\2762b3687bbab4540577d99de024d37b.php 第 60 行.
NOTIC: [8] Undefined index: jumpLink C:\E\PHPIDE\VertrigoServ\www\xinyadmin\Application\Runtime\Cache\Admin\2762b3687bbab4540577d99de024d37b.php 第 60 行.
INFO: Run Behavior\ParseTemplateBehavior [ RunTime:0.011136s ]
INFO: [ view_parse ] --END-- [ RunTime:0.011297s ]
INFO: [ view_filter ] --START--
INFO: Run Behavior\WriteHtmlCacheBehavior [ RunTime:0.000933s ]
INFO: [ view_filter ] --END-- [ RunTime:0.001047s ]
INFO: [ app_end ] --START--
INFO: Run Behavior\ShowPageTraceBehavior [ RunTime:0.000909s ]
INFO: [ app_end ] --END-- [ RunTime:0.001041s ]

[ 2018-07-16T11:06:32+08:00 ] 127.0.0.1 /admin/login/getCodeImg?imageH=35&imageW=115&length=4&fontSize=17
INFO: [ app_init ] --START--
INFO: Run Behavior\BuildLiteBehavior [ RunTime:0.000028s ]
INFO: [ app_init ] --END-- [ RunTime:0.000575s ]
INFO: [ app_begin ] --START--
INFO: Run Behavior\ReadHtmlCacheBehavior [ RunTime:0.003373s ]
INFO: [ app_begin ] --END-- [ RunTime:0.003595s ]
INFO: [ app_end ] --START--
INFO: Run Behavior\ShowPageTraceBehavior [ RunTime:0.001051s ]
INFO: [ app_end ] --END-- [ RunTime:0.001203s ]

[ 2018-07-16T11:06:52+08:00 ] 127.0.0.1 /admin/index/getmenu/id/3
INFO: [ app_init ] --START--
INFO: Run Behavior\BuildLiteBehavior [ RunTime:0.000024s ]
INFO: [ app_init ] --END-- [ RunTime:0.000658s ]
INFO: [ app_begin ] --START--
INFO: Run Behavior\ReadHtmlCacheBehavior [ RunTime:0.000936s ]
INFO: [ app_begin ] --END-- [ RunTime:0.001044s ]
SQL: SELECT COUNT(*) AS tp_count FROM `xman_auth_rule` WHERE `status` = 1 AND `name` = 'admin/index/getmenu' LIMIT 1   [ RunTime:0.0004s ]
SQL: SHOW COLUMNS FROM `xman_auth_group_access` [ RunTime:0.0300s ]
SQL: SELECT `uid`,`group_id`,`title`,`rules` FROM xman_auth_group_access a INNER JOIN xman_auth_group g on a.group_id=g.id  WHERE ( a.uid='2' and g.status='1' )  [ RunTime:0.0018s ]
SQL: SELECT a.*,r.name as href,r.is_url FROM xman_auth_menus as a left JOIN xman_auth_rule as r on r.id=a.rule_id  WHERE a.pid = '3'  [ RunTime:0.0005s ]
SQL: SELECT a.*,r.name as href FROM xman_auth_menus as a left JOIN xman_auth_rule as r on r.id=a.rule_id  WHERE a.pid = '5'  [ RunTime:0.0007s ]
SQL: SELECT a.*,r.name as href FROM xman_auth_menus as a left JOIN xman_auth_rule as r on r.id=a.rule_id  WHERE a.pid = '18'  [ RunTime:0.0005s ]
SQL: SELECT a.*,r.name as href FROM xman_auth_menus as a left JOIN xman_auth_rule as r on r.id=a.rule_id  WHERE a.pid = '19'  [ RunTime:0.0005s ]
SQL: SELECT a.*,r.name as href FROM xman_auth_menus as a left JOIN xman_auth_rule as r on r.id=a.rule_id  WHERE a.pid = '20'  [ RunTime:0.0005s ]
SQL: SELECT a.*,r.name as href FROM xman_auth_menus as a left JOIN xman_auth_rule as r on r.id=a.rule_id  WHERE a.pid = '21'  [ RunTime:0.0006s ]
SQL: SELECT a.*,r.name as href FROM xman_auth_menus as a left JOIN xman_auth_rule as r on r.id=a.rule_id  WHERE a.pid = '22'  [ RunTime:0.0005s ]
SQL: SELECT a.*,r.name as href FROM xman_auth_menus as a left JOIN xman_auth_rule as r on r.id=a.rule_id  WHERE a.pid = '28'  [ RunTime:0.0003s ]
SQL: SELECT a.*,r.name as href FROM xman_auth_menus as a left JOIN xman_auth_rule as r on r.id=a.rule_id  WHERE a.pid = '29'  [ RunTime:0.0003s ]

[ 2018-07-16T11:06:57+08:00 ] 127.0.0.1 /admin/makecode/index
INFO: [ app_init ] --START--
INFO: Run Behavior\BuildLiteBehavior [ RunTime:0.000029s ]
INFO: [ app_init ] --END-- [ RunTime:0.000858s ]
INFO: [ app_begin ] --START--
INFO: Run Behavior\ReadHtmlCacheBehavior [ RunTime:0.000934s ]
INFO: [ app_begin ] --END-- [ RunTime:0.001068s ]
SQL: SELECT COUNT(*) AS tp_count FROM `xman_auth_rule` WHERE `status` = 1 AND `name` = 'admin/makecode/index' LIMIT 1   [ RunTime:0.0017s ]
SQL: SHOW COLUMNS FROM `xman_auth_group_access` [ RunTime:0.0127s ]
SQL: SELECT `uid`,`group_id`,`title`,`rules` FROM xman_auth_group_access a INNER JOIN xman_auth_group g on a.group_id=g.id  WHERE ( a.uid='2' and g.status='1' )  [ RunTime:0.0008s ]
SQL: SHOW COLUMNS FROM `xman_auth_rule` [ RunTime:0.0159s ]
SQL: SELECT `condition`,`name` FROM `xman_auth_rule` WHERE `id` IN ('27','15','16','31','20','21','28','22','23','29','11','12','13','14','17','1','2','5','6','10','18','41','42','43','32','37','38','39','40','19','44','45','46','47','48','50','49','30','24','25','26') AND `type` = 1 AND `status` = 1  [ RunTime:0.0008s ]
SQL: show tables [ RunTime:0.0019s ]
INFO: [ view_parse ] --START--
INFO: [ template_filter ] --START--
INFO: Run Behavior\ContentReplaceBehavior [ RunTime:0.000085s ]
INFO: [ template_filter ] --END-- [ RunTime:0.000218s ]
INFO: Run Behavior\ParseTemplateBehavior [ RunTime:0.015829s ]
INFO: [ view_parse ] --END-- [ RunTime:0.015973s ]
INFO: [ view_filter ] --START--
INFO: Run Behavior\WriteHtmlCacheBehavior [ RunTime:0.000782s ]
INFO: [ view_filter ] --END-- [ RunTime:0.000898s ]
INFO: [ app_end ] --START--
INFO: Run Behavior\ShowPageTraceBehavior [ RunTime:0.000794s ]
INFO: [ app_end ] --END-- [ RunTime:0.000910s ]

[ 2018-07-16T11:07:45+08:00 ] 127.0.0.1 /admin/user/index
INFO: [ app_init ] --START--
INFO: Run Behavior\BuildLiteBehavior [ RunTime:0.000045s ]
INFO: [ app_init ] --END-- [ RunTime:0.001186s ]
INFO: [ app_begin ] --START--
INFO: Run Behavior\ReadHtmlCacheBehavior [ RunTime:0.000977s ]
INFO: [ app_begin ] --END-- [ RunTime:0.001119s ]
SQL: SELECT COUNT(*) AS tp_count FROM `xman_auth_rule` WHERE `status` = 1 AND `name` = 'admin/user/index' LIMIT 1   [ RunTime:0.0004s ]
SQL: SHOW COLUMNS FROM `xman_auth_group_access` [ RunTime:0.0122s ]
SQL: SELECT `uid`,`group_id`,`title`,`rules` FROM xman_auth_group_access a INNER JOIN xman_auth_group g on a.group_id=g.id  WHERE ( a.uid='2' and g.status='1' )  [ RunTime:0.0004s ]
SQL: SHOW COLUMNS FROM `xman_auth_rule` [ RunTime:0.0169s ]
SQL: SELECT `condition`,`name` FROM `xman_auth_rule` WHERE `id` IN ('27','15','16','31','20','21','28','22','23','29','11','12','13','14','17','1','2','5','6','10','18','41','42','43','32','37','38','39','40','19','44','45','46','47','48','50','49','30','24','25','26') AND `type` = 1 AND `status` = 1  [ RunTime:0.0009s ]
INFO: [ view_parse ] --START--
INFO: [ template_filter ] --START--
INFO: Run Behavior\ContentReplaceBehavior [ RunTime:0.000086s ]
INFO: [ template_filter ] --END-- [ RunTime:0.000239s ]
INFO: Run Behavior\ParseTemplateBehavior [ RunTime:0.010218s ]
INFO: [ view_parse ] --END-- [ RunTime:0.010440s ]
INFO: [ view_filter ] --START--
INFO: Run Behavior\WriteHtmlCacheBehavior [ RunTime:0.000970s ]
INFO: [ view_filter ] --END-- [ RunTime:0.001116s ]
INFO: [ app_end ] --START--
INFO: Run Behavior\ShowPageTraceBehavior [ RunTime:0.000952s ]
INFO: [ app_end ] --END-- [ RunTime:0.001103s ]

[ 2018-07-16T11:07:45+08:00 ] 127.0.0.1 /admin/User/index
INFO: [ app_init ] --START--
INFO: Run Behavior\BuildLiteBehavior [ RunTime:0.000028s ]
INFO: [ app_init ] --END-- [ RunTime:0.000563s ]
INFO: [ app_begin ] --START--
INFO: Run Behavior\ReadHtmlCacheBehavior [ RunTime:0.001009s ]
INFO: [ app_begin ] --END-- [ RunTime:0.001203s ]
SQL: SELECT COUNT(*) AS tp_count FROM `xman_auth_rule` WHERE `status` = 1 AND `name` = 'admin/user/index' LIMIT 1   [ RunTime:0.0003s ]
SQL: SHOW COLUMNS FROM `xman_auth_group_access` [ RunTime:0.0250s ]
SQL: SELECT `uid`,`group_id`,`title`,`rules` FROM xman_auth_group_access a INNER JOIN xman_auth_group g on a.group_id=g.id  WHERE ( a.uid='2' and g.status='1' )  [ RunTime:0.0005s ]
SQL: SHOW COLUMNS FROM `xman_auth_rule` [ RunTime:0.0210s ]
SQL: SELECT `condition`,`name` FROM `xman_auth_rule` WHERE `id` IN ('27','15','16','31','20','21','28','22','23','29','11','12','13','14','17','1','2','5','6','10','18','41','42','43','32','37','38','39','40','19','44','45','46','47','48','50','49','30','24','25','26') AND `type` = 1 AND `status` = 1  [ RunTime:0.0009s ]
NOTIC: [8] Undefined index: para C:\E\PHPIDE\VertrigoServ\www\xinyadmin\Application\Admin\Controller\UserController.class.php 第 20 行.
SQL: SELECT * FROM `xman_user` WHERE (  1  ) LIMIT 0,10   [ RunTime:0.0036s ]
SQL: SELECT COUNT(*) AS tp_count FROM `xman_user` WHERE (  1  ) LIMIT 1   [ RunTime:0.0003s ]

[ 2018-07-16T11:07:54+08:00 ] 127.0.0.1 /admin/User/add
INFO: [ app_init ] --START--
INFO: Run Behavior\BuildLiteBehavior [ RunTime:0.000026s ]
INFO: [ app_init ] --END-- [ RunTime:0.000661s ]
INFO: [ app_begin ] --START--
INFO: Run Behavior\ReadHtmlCacheBehavior [ RunTime:0.002147s ]
INFO: [ app_begin ] --END-- [ RunTime:0.002352s ]
SQL: SELECT COUNT(*) AS tp_count FROM `xman_auth_rule` WHERE `status` = 1 AND `name` = 'admin/user/add' LIMIT 1   [ RunTime:0.0004s ]
INFO: [ view_parse ] --START--
INFO: [ template_filter ] --START--
INFO: Run Behavior\ContentReplaceBehavior [ RunTime:0.000077s ]
INFO: [ template_filter ] --END-- [ RunTime:0.000204s ]
INFO: Run Behavior\ParseTemplateBehavior [ RunTime:0.015113s ]
INFO: [ view_parse ] --END-- [ RunTime:0.015247s ]
INFO: [ view_filter ] --START--
INFO: Run Behavior\WriteHtmlCacheBehavior [ RunTime:0.000958s ]
INFO: [ view_filter ] --END-- [ RunTime:0.001080s ]
INFO: [ app_end ] --START--
INFO: Run Behavior\ShowPageTraceBehavior [ RunTime:0.001017s ]
INFO: [ app_end ] --END-- [ RunTime:0.001144s ]

[ 2018-07-16T11:08:13+08:00 ] 127.0.0.1 /admin/FileUpload/upload
INFO: [ app_init ] --START--
INFO: Run Behavior\BuildLiteBehavior [ RunTime:0.000026s ]
INFO: [ app_init ] --END-- [ RunTime:0.000573s ]
INFO: [ app_begin ] --START--
INFO: Run Behavior\ReadHtmlCacheBehavior [ RunTime:0.000829s ]
INFO: [ app_begin ] --END-- [ RunTime:0.000975s ]
NOTIC: [2] call_user_func() expects parameter 1 to be a valid callback, no array or string given C:\E\PHPIDE\VertrigoServ\www\xinyadmin\ThinkPHP\Library\Think\Upload.class.php 第 170 行.

[ 2018-07-16T11:08:34+08:00 ] 127.0.0.1 /admin/Makecode/make
INFO: [ app_init ] --START--
INFO: Run Behavior\BuildLiteBehavior [ RunTime:0.000029s ]
INFO: [ app_init ] --END-- [ RunTime:0.003598s ]
INFO: [ app_begin ] --START--
INFO: Run Behavior\ReadHtmlCacheBehavior [ RunTime:0.001804s ]
INFO: [ app_begin ] --END-- [ RunTime:0.001915s ]
SQL: SELECT COUNT(*) AS tp_count FROM `xman_auth_rule` WHERE `status` = 1 AND `name` = 'admin/makecode/make' LIMIT 1   [ RunTime:0.0008s ]
SQL: SHOW COLUMNS FROM `xman_auth_group_access` [ RunTime:0.0156s ]
SQL: SELECT `uid`,`group_id`,`title`,`rules` FROM xman_auth_group_access a INNER JOIN xman_auth_group g on a.group_id=g.id  WHERE ( a.uid='2' and g.status='1' )  [ RunTime:0.0006s ]
SQL: SHOW COLUMNS FROM `xman_auth_rule` [ RunTime:0.0145s ]
SQL: SELECT `condition`,`name` FROM `xman_auth_rule` WHERE `id` IN ('27','15','16','31','20','21','28','22','23','29','11','12','13','14','17','1','2','5','6','10','18','41','42','43','32','37','38','39','40','19','44','45','46','47','48','50','49','30','24','25','26') AND `type` = 1 AND `status` = 1  [ RunTime:0.0008s ]
SQL: SELECT  * FROM `information_schema`.`columns` WHERE TABLE_SCHEMA = 'xinyadmin' AND table_name = 'xman_test' ORDER BY ORDINAL_POSITION [ RunTime:0.0180s ]

[ 2018-07-16T11:08:39+08:00 ] 127.0.0.1 /admin/Makecode/make
INFO: [ app_init ] --START--
INFO: Run Behavior\BuildLiteBehavior [ RunTime:0.000097s ]
INFO: [ app_init ] --END-- [ RunTime:0.004908s ]
INFO: [ app_begin ] --START--
INFO: Run Behavior\ReadHtmlCacheBehavior [ RunTime:0.003774s ]
INFO: [ app_begin ] --END-- [ RunTime:0.004002s ]
SQL: SELECT COUNT(*) AS tp_count FROM `xman_auth_rule` WHERE `status` = 1 AND `name` = 'admin/makecode/make' LIMIT 1   [ RunTime:0.0006s ]
SQL: SHOW COLUMNS FROM `xman_auth_group_access` [ RunTime:0.0245s ]
SQL: SELECT `uid`,`group_id`,`title`,`rules` FROM xman_auth_group_access a INNER JOIN xman_auth_group g on a.group_id=g.id  WHERE ( a.uid='2' and g.status='1' )  [ RunTime:0.0029s ]
SQL: SHOW COLUMNS FROM `xman_auth_rule` [ RunTime:0.0274s ]
SQL: SELECT `condition`,`name` FROM `xman_auth_rule` WHERE `id` IN ('27','15','16','31','20','21','28','22','23','29','11','12','13','14','17','1','2','5','6','10','18','41','42','43','32','37','38','39','40','19','44','45','46','47','48','50','49','30','24','25','26') AND `type` = 1 AND `status` = 1  [ RunTime:0.0012s ]
SQL: SELECT  * FROM `information_schema`.`columns` WHERE TABLE_SCHEMA = 'xinyadmin' AND table_name = 'xman_test' ORDER BY ORDINAL_POSITION [ RunTime:0.0268s ]

[ 2018-07-16T11:08:46+08:00 ] 127.0.0.1 /admin/auth/rule
INFO: [ app_init ] --START--
INFO: Run Behavior\BuildLiteBehavior [ RunTime:0.000029s ]
INFO: [ app_init ] --END-- [ RunTime:0.000990s ]
INFO: [ app_begin ] --START--
INFO: Run Behavior\ReadHtmlCacheBehavior [ RunTime:0.001699s ]
INFO: [ app_begin ] --END-- [ RunTime:0.001827s ]
SQL: SELECT COUNT(*) AS tp_count FROM `xman_auth_rule` WHERE `status` = 1 AND `name` = 'admin/auth/rule' LIMIT 1   [ RunTime:0.0004s ]
SQL: SHOW COLUMNS FROM `xman_auth_group_access` [ RunTime:0.0169s ]
SQL: SELECT `uid`,`group_id`,`title`,`rules` FROM xman_auth_group_access a INNER JOIN xman_auth_group g on a.group_id=g.id  WHERE ( a.uid='2' and g.status='1' )  [ RunTime:0.0005s ]
SQL: SHOW COLUMNS FROM `xman_auth_rule` [ RunTime:0.0182s ]
SQL: SELECT `condition`,`name` FROM `xman_auth_rule` WHERE `id` IN ('27','15','16','31','20','21','28','22','23','29','11','12','13','14','17','1','2','5','6','10','18','41','42','43','32','37','38','39','40','19','44','45','46','47','48','50','49','30','24','25','26') AND `type` = 1 AND `status` = 1  [ RunTime:0.0006s ]
SQL: SELECT `title`,`id`,`pid` FROM `xman_auth_rule` WHERE `status` = 1  [ RunTime:0.0005s ]
NOTIC: [8] Undefined index: weight C:\E\PHPIDE\VertrigoServ\www\xinyadmin\ThinkPHP\Library\Org\Util\Data.class.php 第 130 行.
NOTIC: [8] Undefined index: weight C:\E\PHPIDE\VertrigoServ\www\xinyadmin\ThinkPHP\Library\Org\Util\Data.class.php 第 133 行.
NOTIC: [8] Undefined index: weight C:\E\PHPIDE\VertrigoServ\www\xinyadmin\ThinkPHP\Library\Org\Util\Data.class.php 第 133 行.
NOTIC: [8] Undefined index: weight C:\E\PHPIDE\VertrigoServ\www\xinyadmin\ThinkPHP\Library\Org\Util\Data.class.php 第 133 行.
NOTIC: [8] Undefined index: weight C:\E\PHPIDE\VertrigoServ\www\xinyadmin\ThinkPHP\Library\Org\Util\Data.class.php 第 136 行.
NOTIC: [8] Undefined index: weight C:\E\PHPIDE\VertrigoServ\www\xinyadmin\ThinkPHP\Library\Org\Util\Data.class.php 第 136 行.
NOTIC: [8] Undefined index: weight C:\E\PHPIDE\VertrigoServ\www\xinyadmin\ThinkPHP\Library\Org\Util\Data.class.php 第 130 行.
NOTIC: [8] Undefined index: weight C:\E\PHPIDE\VertrigoServ\www\xinyadmin\ThinkPHP\Library\Org\Util\Data.class.php 第 133 行.
NOTIC: [8] Undefined index: weight C:\E\PHPIDE\VertrigoServ\www\xinyadmin\ThinkPHP\Library\Org\Util\Data.class.php 第 133 行.
NOTIC: [8] Undefined index: weight C:\E\PHPIDE\VertrigoServ\www\xinyadmin\ThinkPHP\Library\Org\Util\Data.class.php 第 130 行.
NOTIC: [8] Undefined index: weight C:\E\PHPIDE\VertrigoServ\www\xinyadmin\ThinkPHP\Library\Org\Util\Data.class.php 第 133 行.
NOTIC: [8] Undefined index: weight C:\E\PHPIDE\VertrigoServ\www\xinyadmin\ThinkPHP\Library\Org\Util\Data.class.php 第 133 行.
NOTIC: [8] Undefined index: weight C:\E\PHPIDE\VertrigoServ\www\xinyadmin\ThinkPHP\Library\Org\Util\Data.class.php 第 133 行.
NOTIC: [8] Undefined index: weight C:\E\PHPIDE\VertrigoServ\www\xinyadmin\ThinkPHP\Library\Org\Util\Data.class.php 第 133 行.
NOTIC: [8] Undefined index: weight C:\E\PHPIDE\VertrigoServ\www\xinyadmin\ThinkPHP\Library\Org\Util\Data.class.php 第 133 行.
NOTIC: [8] Undefined index: weight C:\E\PHPIDE\VertrigoServ\www\xinyadmin\ThinkPHP\Library\Org\Util\Data.class.php 第 136 行.
NOTIC: [8] Undefined index: weight C:\E\PHPIDE\VertrigoServ\www\xinyadmin\ThinkPHP\Library\Org\Util\Data.class.php 第 136 行.
NOTIC: [8] Undefined index: weight C:\E\PHPIDE\VertrigoServ\www\xinyadmin\ThinkPHP\Library\Org\Util\Data.class.php 第 136 行.
NOTIC: [8] Undefined index: weight C:\E\PHPIDE\VertrigoServ\www\xinyadmin\ThinkPHP\Library\Org\Util\Data.class.php 第 133 行.
NOTIC: [8] Undefined index: weight C:\E\PHPIDE\VertrigoServ\www\xinyadmin\ThinkPHP\Library\Org\Util\Data.class.php 第 136 行.
NOTIC: [8] Undefined index: weight C:\E\PHPIDE\VertrigoServ\www\xinyadmin\ThinkPHP\Library\Org\Util\Data.class.php 第 136 行.
NOTIC: [8] Undefined index: weight C:\E\PHPIDE\VertrigoServ\www\xinyadmin\ThinkPHP\Library\Org\Util\Data.class.php 第 136 行.
NOTIC: [8] Undefined index: weight C:\E\PHPIDE\VertrigoServ\www\xinyadmin\ThinkPHP\Library\Org\Util\Data.class.php 第 136 行.
NOTIC: [8] Undefined index: weight C:\E\PHPIDE\VertrigoServ\www\xinyadmin\ThinkPHP\Library\Org\Util\Data.class.php 第 133 行.
NOTIC: [8] Undefined index: weight C:\E\PHPIDE\VertrigoServ\www\xinyadmin\ThinkPHP\Library\Org\Util\Data.class.php 第 136 行.
NOTIC: [8] Undefined index: weight C:\E\PHPIDE\VertrigoServ\www\xinyadmin\ThinkPHP\Library\Org\Util\Data.class.php 第 133 行.
NOTIC: [8] Undefined index: weight C:\E\PHPIDE\VertrigoServ\www\xinyadmin\ThinkPHP\Library\Org\Util\Data.class.php 第 130 行.
NOTIC: [8] Undefined index: weight C:\E\PHPIDE\VertrigoServ\www\xinyadmin\ThinkPHP\Library\Org\Util\Data.class.php 第 133 行.
NOTIC: [8] Undefined index: weight C:\E\PHPIDE\VertrigoServ\www\xinyadmin\ThinkPHP\Library\Org\Util\Data.class.php 第 133 行.
NOTIC: [8] Undefined index: weight C:\E\PHPIDE\VertrigoServ\www\xinyadmin\ThinkPHP\Library\Org\Util\Data.class.php 第 133 行.
INFO: [ view_parse ] --START--
INFO: [ template_filter ] --START--
INFO: Run Behavior\ContentReplaceBehavior [ RunTime:0.000218s ]
INFO: [ template_filter ] --END-- [ RunTime:0.000414s ]
INFO: Run Behavior\ParseTemplateBehavior [ RunTime:0.021073s ]
INFO: [ view_parse ] --END-- [ RunTime:0.021235s ]
INFO: [ view_filter ] --START--
INFO: Run Behavior\WriteHtmlCacheBehavior [ RunTime:0.001597s ]
INFO: [ view_filter ] --END-- [ RunTime:0.001715s ]
INFO: [ app_end ] --START--
INFO: Run Behavior\ShowPageTraceBehavior [ RunTime:0.006987s ]
INFO: [ app_end ] --END-- [ RunTime:0.007311s ]

[ 2018-07-16T11:08:47+08:00 ] 127.0.0.1 /admin/auth/rule
INFO: [ app_init ] --START--
INFO: Run Behavior\BuildLiteBehavior [ RunTime:0.000041s ]
INFO: [ app_init ] --END-- [ RunTime:0.000883s ]
INFO: [ app_begin ] --START--
INFO: Run Behavior\ReadHtmlCacheBehavior [ RunTime:0.002651s ]
INFO: [ app_begin ] --END-- [ RunTime:0.002813s ]
SQL: SELECT COUNT(*) AS tp_count FROM `xman_auth_rule` WHERE `status` = 1 AND `name` = 'admin/auth/rule' LIMIT 1   [ RunTime:0.0005s ]
SQL: SHOW COLUMNS FROM `xman_auth_group_access` [ RunTime:0.0220s ]
SQL: SELECT `uid`,`group_id`,`title`,`rules` FROM xman_auth_group_access a INNER JOIN xman_auth_group g on a.group_id=g.id  WHERE ( a.uid='2' and g.status='1' )  [ RunTime:0.0004s ]
SQL: SHOW COLUMNS FROM `xman_auth_rule` [ RunTime:0.0167s ]
SQL: SELECT `condition`,`name` FROM `xman_auth_rule` WHERE `id` IN ('27','15','16','31','20','21','28','22','23','29','11','12','13','14','17','1','2','5','6','10','18','41','42','43','32','37','38','39','40','19','44','45','46','47','48','50','49','30','24','25','26') AND `type` = 1 AND `status` = 1  [ RunTime:0.0007s ]
NOTIC: [8] Undefined index: keyword C:\E\PHPIDE\VertrigoServ\www\xinyadmin\Application\Admin\Controller\AuthController.class.php 第 48 行.
SQL: SELECT * FROM `xman_auth_rule` WHERE (  1  )  [ RunTime:0.0016s ]
SQL: SELECT COUNT(*) AS tp_count FROM `xman_auth_rule` WHERE (  1  ) LIMIT 1   [ RunTime:0.0003s ]
NOTIC: [8] Undefined index: weight C:\E\PHPIDE\VertrigoServ\www\xinyadmin\ThinkPHP\Library\Org\Util\Data.class.php 第 130 行.
NOTIC: [8] Undefined index: weight C:\E\PHPIDE\VertrigoServ\www\xinyadmin\ThinkPHP\Library\Org\Util\Data.class.php 第 133 行.
NOTIC: [8] Undefined index: weight C:\E\PHPIDE\VertrigoServ\www\xinyadmin\ThinkPHP\Library\Org\Util\Data.class.php 第 133 行.
NOTIC: [8] Undefined index: weight C:\E\PHPIDE\VertrigoServ\www\xinyadmin\ThinkPHP\Library\Org\Util\Data.class.php 第 133 行.
NOTIC: [8] Undefined index: weight C:\E\PHPIDE\VertrigoServ\www\xinyadmin\ThinkPHP\Library\Org\Util\Data.class.php 第 136 行.
NOTIC: [8] Undefined index: weight C:\E\PHPIDE\VertrigoServ\www\xinyadmin\ThinkPHP\Library\Org\Util\Data.class.php 第 136 行.
NOTIC: [8] Undefined index: weight C:\E\PHPIDE\VertrigoServ\www\xinyadmin\ThinkPHP\Library\Org\Util\Data.class.php 第 130 行.
NOTIC: [8] Undefined index: weight C:\E\PHPIDE\VertrigoServ\www\xinyadmin\ThinkPHP\Library\Org\Util\Data.class.php 第 133 行.
NOTIC: [8] Undefined index: weight C:\E\PHPIDE\VertrigoServ\www\xinyadmin\ThinkPHP\Library\Org\Util\Data.class.php 第 133 行.
NOTIC: [8] Undefined index: weight C:\E\PHPIDE\VertrigoServ\www\xinyadmin\ThinkPHP\Library\Org\Util\Data.class.php 第 130 行.
NOTIC: [8] Undefined index: weight C:\E\PHPIDE\VertrigoServ\www\xinyadmin\ThinkPHP\Library\Org\Util\Data.class.php 第 133 行.
NOTIC: [8] Undefined index: weight C:\E\PHPIDE\VertrigoServ\www\xinyadmin\ThinkPHP\Library\Org\Util\Data.class.php 第 133 行.
NOTIC: [8] Undefined index: weight C:\E\PHPIDE\VertrigoServ\www\xinyadmin\ThinkPHP\Library\Org\Util\Data.class.php 第 133 行.
NOTIC: [8] Undefined index: weight C:\E\PHPIDE\VertrigoServ\www\xinyadmin\ThinkPHP\Library\Org\Util\Data.class.php 第 133 行.
NOTIC: [8] Undefined index: weight C:\E\PHPIDE\VertrigoServ\www\xinyadmin\ThinkPHP\Library\Org\Util\Data.class.php 第 133 行.
NOTIC: [8] Undefined index: weight C:\E\PHPIDE\VertrigoServ\www\xinyadmin\ThinkPHP\Library\Org\Util\Data.class.php 第 136 行.
NOTIC: [8] Undefined index: weight C:\E\PHPIDE\VertrigoServ\www\xinyadmin\ThinkPHP\Library\Org\Util\Data.class.php 第 136 行.
NOTIC: [8] Undefined index: weight C:\E\PHPIDE\VertrigoServ\www\xinyadmin\ThinkPHP\Library\Org\Util\Data.class.php 第 136 行.
NOTIC: [8] Undefined index: weight C:\E\PHPIDE\VertrigoServ\www\xinyadmin\ThinkPHP\Library\Org\Util\Data.class.php 第 133 行.
NOTIC: [8] Undefined index: weight C:\E\PHPIDE\VertrigoServ\www\xinyadmin\ThinkPHP\Library\Org\Util\Data.class.php 第 136 行.
NOTIC: [8] Undefined index: weight C:\E\PHPIDE\VertrigoServ\www\xinyadmin\ThinkPHP\Library\Org\Util\Data.class.php 第 136 行.
NOTIC: [8] Undefined index: weight C:\E\PHPIDE\VertrigoServ\www\xinyadmin\ThinkPHP\Library\Org\Util\Data.class.php 第 136 行.
NOTIC: [8] Undefined index: weight C:\E\PHPIDE\VertrigoServ\www\xinyadmin\ThinkPHP\Library\Org\Util\Data.class.php 第 136 行.
NOTIC: [8] Undefined index: weight C:\E\PHPIDE\VertrigoServ\www\xinyadmin\ThinkPHP\Library\Org\Util\Data.class.php 第 133 行.
NOTIC: [8] Undefined index: weight C:\E\PHPIDE\VertrigoServ\www\xinyadmin\ThinkPHP\Library\Org\Util\Data.class.php 第 136 行.
NOTIC: [8] Undefined index: weight C:\E\PHPIDE\VertrigoServ\www\xinyadmin\ThinkPHP\Library\Org\Util\Data.class.php 第 133 行.
NOTIC: [8] Undefined index: weight C:\E\PHPIDE\VertrigoServ\www\xinyadmin\ThinkPHP\Library\Org\Util\Data.class.php 第 130 行.
NOTIC: [8] Undefined index: weight C:\E\PHPIDE\VertrigoServ\www\xinyadmin\ThinkPHP\Library\Org\Util\Data.class.php 第 133 行.
NOTIC: [8] Undefined index: weight C:\E\PHPIDE\VertrigoServ\www\xinyadmin\ThinkPHP\Library\Org\Util\Data.class.php 第 133 行.
NOTIC: [8] Undefined index: weight C:\E\PHPIDE\VertrigoServ\www\xinyadmin\ThinkPHP\Library\Org\Util\Data.class.php 第 133 行.

[ 2018-07-16T11:08:51+08:00 ] 127.0.0.1 /admin/auth/edit_rule/id/49
INFO: [ app_init ] --START--
INFO: Run Behavior\BuildLiteBehavior [ RunTime:0.000028s ]
INFO: [ app_init ] --END-- [ RunTime:0.000817s ]
INFO: [ app_begin ] --START--
INFO: Run Behavior\ReadHtmlCacheBehavior [ RunTime:0.001725s ]
INFO: [ app_begin ] --END-- [ RunTime:0.001865s ]
SQL: SELECT COUNT(*) AS tp_count FROM `xman_auth_rule` WHERE `status` = 1 AND `name` = 'admin/auth/edit_rule' LIMIT 1   [ RunTime:0.0005s ]
SQL: SHOW COLUMNS FROM `xman_auth_group_access` [ RunTime:0.0136s ]
SQL: SELECT `uid`,`group_id`,`title`,`rules` FROM xman_auth_group_access a INNER JOIN xman_auth_group g on a.group_id=g.id  WHERE ( a.uid='2' and g.status='1' )  [ RunTime:0.0004s ]
SQL: SHOW COLUMNS FROM `xman_auth_rule` [ RunTime:0.0158s ]
SQL: SELECT `condition`,`name` FROM `xman_auth_rule` WHERE `id` IN ('27','15','16','31','20','21','28','22','23','29','11','12','13','14','17','1','2','5','6','10','18','41','42','43','32','37','38','39','40','19','44','45','46','47','48','50','49','30','24','25','26') AND `type` = 1 AND `status` = 1  [ RunTime:0.0005s ]
SQL: SELECT * FROM `xman_auth_rule` WHERE `id` = 49 LIMIT 1   [ RunTime:0.0011s ]
INFO: [ view_parse ] --START--
INFO: [ template_filter ] --START--
INFO: Run Behavior\ContentReplaceBehavior [ RunTime:0.000077s ]
INFO: [ template_filter ] --END-- [ RunTime:0.000210s ]
INFO: Run Behavior\ParseTemplateBehavior [ RunTime:0.016472s ]
INFO: [ view_parse ] --END-- [ RunTime:0.016663s ]
INFO: [ view_filter ] --START--
INFO: Run Behavior\WriteHtmlCacheBehavior [ RunTime:0.001991s ]
INFO: [ view_filter ] --END-- [ RunTime:0.002117s ]
INFO: [ app_end ] --START--
INFO: Run Behavior\ShowPageTraceBehavior [ RunTime:0.001859s ]
INFO: [ app_end ] --END-- [ RunTime:0.001997s ]

[ 2018-07-16T11:08:56+08:00 ] 127.0.0.1 /admin/auth/edit_rule
INFO: [ app_init ] --START--
INFO: Run Behavior\BuildLiteBehavior [ RunTime:0.000043s ]
INFO: [ app_init ] --END-- [ RunTime:0.001547s ]
INFO: [ app_begin ] --START--
INFO: Run Behavior\ReadHtmlCacheBehavior [ RunTime:0.003089s ]
INFO: [ app_begin ] --END-- [ RunTime:0.003366s ]
SQL: SELECT COUNT(*) AS tp_count FROM `xman_auth_rule` WHERE `status` = 1 AND `name` = 'admin/auth/edit_rule' LIMIT 1   [ RunTime:0.0004s ]
SQL: SHOW COLUMNS FROM `xman_auth_group_access` [ RunTime:0.0156s ]
SQL: SELECT `uid`,`group_id`,`title`,`rules` FROM xman_auth_group_access a INNER JOIN xman_auth_group g on a.group_id=g.id  WHERE ( a.uid='2' and g.status='1' )  [ RunTime:0.0005s ]
SQL: SHOW COLUMNS FROM `xman_auth_rule` [ RunTime:0.0163s ]
SQL: SELECT `condition`,`name` FROM `xman_auth_rule` WHERE `id` IN ('27','15','16','31','20','21','28','22','23','29','11','12','13','14','17','1','2','5','6','10','18','41','42','43','32','37','38','39','40','19','44','45','46','47','48','50','49','30','24','25','26') AND `type` = 1 AND `status` = 1  [ RunTime:0.0008s ]
SQL: SELECT COUNT(*) AS tp_count FROM `xman_auth_rule` WHERE ( `id` != 49 and `name`='admin/test/index' ) LIMIT 1   [ RunTime:0.0004s ]
SQL: UPDATE `xman_auth_rule` SET `name`='admin/test/index',`title`='测试控制器',`status`='1',`type`='1',`is_url`='1',`condition`='' WHERE `id` = 49 [ RunTime:0.0109s ]

[ 2018-07-16T11:08:56+08:00 ] 127.0.0.1 /admin/auth/rule
INFO: [ app_init ] --START--
INFO: Run Behavior\BuildLiteBehavior [ RunTime:0.000035s ]
INFO: [ app_init ] --END-- [ RunTime:0.001087s ]
INFO: [ app_begin ] --START--
INFO: Run Behavior\ReadHtmlCacheBehavior [ RunTime:0.001690s ]
INFO: [ app_begin ] --END-- [ RunTime:0.001808s ]
SQL: SELECT COUNT(*) AS tp_count FROM `xman_auth_rule` WHERE `status` = 1 AND `name` = 'admin/auth/rule' LIMIT 1   [ RunTime:0.0005s ]
SQL: SHOW COLUMNS FROM `xman_auth_group_access` [ RunTime:0.0231s ]
SQL: SELECT `uid`,`group_id`,`title`,`rules` FROM xman_auth_group_access a INNER JOIN xman_auth_group g on a.group_id=g.id  WHERE ( a.uid='2' and g.status='1' )  [ RunTime:0.0005s ]
SQL: SHOW COLUMNS FROM `xman_auth_rule` [ RunTime:0.0184s ]
SQL: SELECT `condition`,`name` FROM `xman_auth_rule` WHERE `id` IN ('27','15','16','31','20','21','28','22','23','29','11','12','13','14','17','1','2','5','6','10','18','41','42','43','32','37','38','39','40','19','44','45','46','47','48','50','49','30','24','25','26') AND `type` = 1 AND `status` = 1  [ RunTime:0.0005s ]
NOTIC: [8] Undefined index: keyword C:\E\PHPIDE\VertrigoServ\www\xinyadmin\Application\Admin\Controller\AuthController.class.php 第 48 行.
SQL: SELECT * FROM `xman_auth_rule` WHERE (  1  )  [ RunTime:0.0019s ]
SQL: SELECT COUNT(*) AS tp_count FROM `xman_auth_rule` WHERE (  1  ) LIMIT 1   [ RunTime:0.0004s ]
NOTIC: [8] Undefined index: weight C:\E\PHPIDE\VertrigoServ\www\xinyadmin\ThinkPHP\Library\Org\Util\Data.class.php 第 130 行.
NOTIC: [8] Undefined index: weight C:\E\PHPIDE\VertrigoServ\www\xinyadmin\ThinkPHP\Library\Org\Util\Data.class.php 第 133 行.
NOTIC: [8] Undefined index: weight C:\E\PHPIDE\VertrigoServ\www\xinyadmin\ThinkPHP\Library\Org\Util\Data.class.php 第 133 行.
NOTIC: [8] Undefined index: weight C:\E\PHPIDE\VertrigoServ\www\xinyadmin\ThinkPHP\Library\Org\Util\Data.class.php 第 133 行.
NOTIC: [8] Undefined index: weight C:\E\PHPIDE\VertrigoServ\www\xinyadmin\ThinkPHP\Library\Org\Util\Data.class.php 第 136 行.
NOTIC: [8] Undefined index: weight C:\E\PHPIDE\VertrigoServ\www\xinyadmin\ThinkPHP\Library\Org\Util\Data.class.php 第 136 行.
NOTIC: [8] Undefined index: weight C:\E\PHPIDE\VertrigoServ\www\xinyadmin\ThinkPHP\Library\Org\Util\Data.class.php 第 130 行.
NOTIC: [8] Undefined index: weight C:\E\PHPIDE\VertrigoServ\www\xinyadmin\ThinkPHP\Library\Org\Util\Data.class.php 第 133 行.
NOTIC: [8] Undefined index: weight C:\E\PHPIDE\VertrigoServ\www\xinyadmin\ThinkPHP\Library\Org\Util\Data.class.php 第 133 行.
NOTIC: [8] Undefined index: weight C:\E\PHPIDE\VertrigoServ\www\xinyadmin\ThinkPHP\Library\Org\Util\Data.class.php 第 130 行.
NOTIC: [8] Undefined index: weight C:\E\PHPIDE\VertrigoServ\www\xinyadmin\ThinkPHP\Library\Org\Util\Data.class.php 第 133 行.
NOTIC: [8] Undefined index: weight C:\E\PHPIDE\VertrigoServ\www\xinyadmin\ThinkPHP\Library\Org\Util\Data.class.php 第 133 行.
NOTIC: [8] Undefined index: weight C:\E\PHPIDE\VertrigoServ\www\xinyadmin\ThinkPHP\Library\Org\Util\Data.class.php 第 133 行.
NOTIC: [8] Undefined index: weight C:\E\PHPIDE\VertrigoServ\www\xinyadmin\ThinkPHP\Library\Org\Util\Data.class.php 第 133 行.
NOTIC: [8] Undefined index: weight C:\E\PHPIDE\VertrigoServ\www\xinyadmin\ThinkPHP\Library\Org\Util\Data.class.php 第 133 行.
NOTIC: [8] Undefined index: weight C:\E\PHPIDE\VertrigoServ\www\xinyadmin\ThinkPHP\Library\Org\Util\Data.class.php 第 136 行.
NOTIC: [8] Undefined index: weight C:\E\PHPIDE\VertrigoServ\www\xinyadmin\ThinkPHP\Library\Org\Util\Data.class.php 第 136 行.
NOTIC: [8] Undefined index: weight C:\E\PHPIDE\VertrigoServ\www\xinyadmin\ThinkPHP\Library\Org\Util\Data.class.php 第 136 行.
NOTIC: [8] Undefined index: weight C:\E\PHPIDE\VertrigoServ\www\xinyadmin\ThinkPHP\Library\Org\Util\Data.class.php 第 133 行.
NOTIC: [8] Undefined index: weight C:\E\PHPIDE\VertrigoServ\www\xinyadmin\ThinkPHP\Library\Org\Util\Data.class.php 第 136 行.
NOTIC: [8] Undefined index: weight C:\E\PHPIDE\VertrigoServ\www\xinyadmin\ThinkPHP\Library\Org\Util\Data.class.php 第 136 行.
NOTIC: [8] Undefined index: weight C:\E\PHPIDE\VertrigoServ\www\xinyadmin\ThinkPHP\Library\Org\Util\Data.class.php 第 136 行.
NOTIC: [8] Undefined index: weight C:\E\PHPIDE\VertrigoServ\www\xinyadmin\ThinkPHP\Library\Org\Util\Data.class.php 第 136 行.
NOTIC: [8] Undefined index: weight C:\E\PHPIDE\VertrigoServ\www\xinyadmin\ThinkPHP\Library\Org\Util\Data.class.php 第 133 行.
NOTIC: [8] Undefined index: weight C:\E\PHPIDE\VertrigoServ\www\xinyadmin\ThinkPHP\Library\Org\Util\Data.class.php 第 136 行.
NOTIC: [8] Undefined index: weight C:\E\PHPIDE\VertrigoServ\www\xinyadmin\ThinkPHP\Library\Org\Util\Data.class.php 第 133 行.
NOTIC: [8] Undefined index: weight C:\E\PHPIDE\VertrigoServ\www\xinyadmin\ThinkPHP\Library\Org\Util\Data.class.php 第 130 行.
NOTIC: [8] Undefined index: weight C:\E\PHPIDE\VertrigoServ\www\xinyadmin\ThinkPHP\Library\Org\Util\Data.class.php 第 133 行.
NOTIC: [8] Undefined index: weight C:\E\PHPIDE\VertrigoServ\www\xinyadmin\ThinkPHP\Library\Org\Util\Data.class.php 第 133 行.
NOTIC: [8] Undefined index: weight C:\E\PHPIDE\VertrigoServ\www\xinyadmin\ThinkPHP\Library\Org\Util\Data.class.php 第 133 行.

[ 2018-07-16T11:09:03+08:00 ] 127.0.0.1 /admin/user/index
INFO: [ app_init ] --START--
INFO: Run Behavior\BuildLiteBehavior [ RunTime:0.000124s ]
INFO: [ app_init ] --END-- [ RunTime:0.001923s ]
INFO: [ app_begin ] --START--
INFO: Run Behavior\ReadHtmlCacheBehavior [ RunTime:0.006586s ]
INFO: [ app_begin ] --END-- [ RunTime:0.006846s ]
SQL: SELECT COUNT(*) AS tp_count FROM `xman_auth_rule` WHERE `status` = 1 AND `name` = 'admin/user/index' LIMIT 1   [ RunTime:0.0003s ]
INFO: [ view_parse ] --START--
INFO: [ template_filter ] --START--
INFO: Run Behavior\ContentReplaceBehavior [ RunTime:0.000107s ]
INFO: [ template_filter ] --END-- [ RunTime:0.000279s ]
INFO: Run Behavior\ParseTemplateBehavior [ RunTime:0.020165s ]
INFO: [ view_parse ] --END-- [ RunTime:0.020411s ]
INFO: [ view_filter ] --START--
INFO: Run Behavior\WriteHtmlCacheBehavior [ RunTime:0.003004s ]
INFO: [ view_filter ] --END-- [ RunTime:0.003222s ]
INFO: [ app_end ] --START--
INFO: Run Behavior\ShowPageTraceBehavior [ RunTime:0.002292s ]
INFO: [ app_end ] --END-- [ RunTime:0.002454s ]

[ 2018-07-16T11:09:03+08:00 ] 127.0.0.1 /admin/User/index
INFO: [ app_init ] --START--
INFO: Run Behavior\BuildLiteBehavior [ RunTime:0.000057s ]
INFO: [ app_init ] --END-- [ RunTime:0.001718s ]
INFO: [ app_begin ] --START--
INFO: Run Behavior\ReadHtmlCacheBehavior [ RunTime:0.003273s ]
INFO: [ app_begin ] --END-- [ RunTime:0.004463s ]
SQL: SELECT COUNT(*) AS tp_count FROM `xman_auth_rule` WHERE `status` = 1 AND `name` = 'admin/user/index' LIMIT 1   [ RunTime:0.0003s ]
NOTIC: [8] Undefined index: para C:\E\PHPIDE\VertrigoServ\www\xinyadmin\Application\Admin\Controller\UserController.class.php 第 20 行.
SQL: SELECT * FROM `xman_user` WHERE (  1  ) LIMIT 0,10   [ RunTime:0.0003s ]
SQL: SELECT COUNT(*) AS tp_count FROM `xman_user` WHERE (  1  ) LIMIT 1   [ RunTime:0.0002s ]

[ 2018-07-16T11:09:06+08:00 ] 127.0.0.1 /admin/user/index
INFO: [ app_init ] --START--
INFO: Run Behavior\BuildLiteBehavior [ RunTime:0.000049s ]
INFO: [ app_init ] --END-- [ RunTime:0.002182s ]
INFO: [ app_begin ] --START--
INFO: Run Behavior\ReadHtmlCacheBehavior [ RunTime:0.002602s ]
INFO: [ app_begin ] --END-- [ RunTime:0.002839s ]
SQL: SELECT COUNT(*) AS tp_count FROM `xman_auth_rule` WHERE `status` = 1 AND `name` = 'admin/user/index' LIMIT 1   [ RunTime:0.0005s ]
INFO: [ view_parse ] --START--
INFO: [ template_filter ] --START--
INFO: Run Behavior\ContentReplaceBehavior [ RunTime:0.000183s ]
INFO: [ template_filter ] --END-- [ RunTime:0.000486s ]
INFO: Run Behavior\ParseTemplateBehavior [ RunTime:0.027666s ]
INFO: [ view_parse ] --END-- [ RunTime:0.028037s ]
INFO: [ view_filter ] --START--
INFO: Run Behavior\WriteHtmlCacheBehavior [ RunTime:0.004085s ]
INFO: [ view_filter ] --END-- [ RunTime:0.004379s ]
INFO: [ app_end ] --START--
INFO: Run Behavior\ShowPageTraceBehavior [ RunTime:0.004217s ]
INFO: [ app_end ] --END-- [ RunTime:0.004729s ]

[ 2018-07-16T11:09:06+08:00 ] 127.0.0.1 /admin/User/index
INFO: [ app_init ] --START--
INFO: Run Behavior\BuildLiteBehavior [ RunTime:0.000044s ]
INFO: [ app_init ] --END-- [ RunTime:0.027268s ]
INFO: [ app_begin ] --START--
INFO: Run Behavior\ReadHtmlCacheBehavior [ RunTime:0.007385s ]
INFO: [ app_begin ] --END-- [ RunTime:0.007574s ]
SQL: SELECT COUNT(*) AS tp_count FROM `xman_auth_rule` WHERE `status` = 1 AND `name` = 'admin/user/index' LIMIT 1   [ RunTime:0.0003s ]
NOTIC: [8] Undefined index: para C:\E\PHPIDE\VertrigoServ\www\xinyadmin\Application\Admin\Controller\UserController.class.php 第 20 行.
SQL: SELECT * FROM `xman_user` WHERE (  1  ) LIMIT 0,10   [ RunTime:0.0004s ]
SQL: SELECT COUNT(*) AS tp_count FROM `xman_user` WHERE (  1  ) LIMIT 1   [ RunTime:0.0002s ]

[ 2018-07-16T11:09:11+08:00 ] 127.0.0.1 /admin/index/clearcache
INFO: [ app_init ] --START--
INFO: Run Behavior\BuildLiteBehavior [ RunTime:0.000029s ]
INFO: [ app_init ] --END-- [ RunTime:0.001040s ]
INFO: [ app_begin ] --START--
INFO: Run Behavior\ReadHtmlCacheBehavior [ RunTime:0.002717s ]
INFO: [ app_begin ] --END-- [ RunTime:0.002887s ]
SQL: SELECT COUNT(*) AS tp_count FROM `xman_auth_rule` WHERE `status` = 1 AND `name` = 'admin/index/clearcache' LIMIT 1   [ RunTime:0.0004s ]
INFO: [ app_end ] --START--
INFO: Run Behavior\ShowPageTraceBehavior [ RunTime:0.001541s ]
INFO: [ app_end ] --END-- [ RunTime:0.001713s ]

[ 2018-07-16T11:09:12+08:00 ] 127.0.0.1 /admin/index/getmenu/id/3
INFO: [ app_init ] --START--
INFO: Run Behavior\BuildLiteBehavior [ RunTime:0.000025s ]
INFO: [ app_init ] --END-- [ RunTime:0.000706s ]
INFO: [ app_begin ] --START--
INFO: Run Behavior\ReadHtmlCacheBehavior [ RunTime:0.001081s ]
INFO: [ app_begin ] --END-- [ RunTime:0.001190s ]
SQL: SHOW COLUMNS FROM `xman_auth_rule` [ RunTime:0.0119s ]
SQL: SELECT COUNT(*) AS tp_count FROM `xman_auth_rule` WHERE `status` = 1 AND `name` = 'admin/index/getmenu' LIMIT 1   [ RunTime:0.0004s ]
SQL: SHOW COLUMNS FROM `xman_auth_group_access` [ RunTime:0.0116s ]
SQL: SELECT `uid`,`group_id`,`title`,`rules` FROM xman_auth_group_access a INNER JOIN xman_auth_group g on a.group_id=g.id  WHERE ( a.uid='2' and g.status='1' )  [ RunTime:0.0005s ]
SQL: SHOW COLUMNS FROM `xman_auth_menus` [ RunTime:0.0113s ]
SQL: SELECT a.*,r.name as href,r.is_url FROM xman_auth_menus as a left JOIN xman_auth_rule as r on r.id=a.rule_id  WHERE a.pid = '3'  [ RunTime:0.0006s ]
SQL: SELECT a.*,r.name as href FROM xman_auth_menus as a left JOIN xman_auth_rule as r on r.id=a.rule_id  WHERE a.pid = '5'  [ RunTime:0.0005s ]
SQL: SELECT a.*,r.name as href FROM xman_auth_menus as a left JOIN xman_auth_rule as r on r.id=a.rule_id  WHERE a.pid = '18'  [ RunTime:0.0004s ]
SQL: SELECT a.*,r.name as href FROM xman_auth_menus as a left JOIN xman_auth_rule as r on r.id=a.rule_id  WHERE a.pid = '19'  [ RunTime:0.0003s ]
SQL: SELECT a.*,r.name as href FROM xman_auth_menus as a left JOIN xman_auth_rule as r on r.id=a.rule_id  WHERE a.pid = '20'  [ RunTime:0.0004s ]
SQL: SELECT a.*,r.name as href FROM xman_auth_menus as a left JOIN xman_auth_rule as r on r.id=a.rule_id  WHERE a.pid = '21'  [ RunTime:0.0004s ]
SQL: SELECT a.*,r.name as href FROM xman_auth_menus as a left JOIN xman_auth_rule as r on r.id=a.rule_id  WHERE a.pid = '22'  [ RunTime:0.0003s ]
SQL: SELECT a.*,r.name as href FROM xman_auth_menus as a left JOIN xman_auth_rule as r on r.id=a.rule_id  WHERE a.pid = '28'  [ RunTime:0.0004s ]
SQL: SELECT a.*,r.name as href FROM xman_auth_menus as a left JOIN xman_auth_rule as r on r.id=a.rule_id  WHERE a.pid = '29'  [ RunTime:0.0003s ]

[ 2018-07-16T11:09:16+08:00 ] 127.0.0.1 /admin/test/index
INFO: [ app_init ] --START--
INFO: Run Behavior\BuildLiteBehavior [ RunTime:0.000028s ]
INFO: [ app_init ] --END-- [ RunTime:0.001867s ]
INFO: [ app_begin ] --START--
INFO: Run Behavior\ReadHtmlCacheBehavior [ RunTime:0.001711s ]
INFO: [ app_begin ] --END-- [ RunTime:0.002322s ]
SQL: SELECT COUNT(*) AS tp_count FROM `xman_auth_rule` WHERE `status` = 1 AND `name` = 'admin/test/index' LIMIT 1   [ RunTime:0.0006s ]
SQL: SHOW COLUMNS FROM `xman_auth_group_access` [ RunTime:0.0222s ]
SQL: SELECT `uid`,`group_id`,`title`,`rules` FROM xman_auth_group_access a INNER JOIN xman_auth_group g on a.group_id=g.id  WHERE ( a.uid='2' and g.status='1' )  [ RunTime:0.0004s ]
SQL: SHOW COLUMNS FROM `xman_auth_rule` [ RunTime:0.0159s ]
SQL: SELECT `condition`,`name` FROM `xman_auth_rule` WHERE `id` IN ('27','15','16','31','20','21','28','22','23','29','11','12','13','14','17','1','2','5','6','10','18','41','42','43','32','37','38','39','40','19','44','45','46','47','48','50','49','30','24','25','26') AND `type` = 1 AND `status` = 1  [ RunTime:0.0006s ]
INFO: [ view_parse ] --START--
INFO: [ template_filter ] --START--
INFO: Run Behavior\ContentReplaceBehavior [ RunTime:0.000106s ]
INFO: [ template_filter ] --END-- [ RunTime:0.000235s ]
INFO: Run Behavior\ParseTemplateBehavior [ RunTime:0.019743s ]
INFO: [ view_parse ] --END-- [ RunTime:0.019963s ]
INFO: [ view_filter ] --START--
INFO: Run Behavior\WriteHtmlCacheBehavior [ RunTime:0.001330s ]
INFO: [ view_filter ] --END-- [ RunTime:0.001474s ]
INFO: [ app_end ] --START--
INFO: Run Behavior\ShowPageTraceBehavior [ RunTime:0.003161s ]
INFO: [ app_end ] --END-- [ RunTime:0.003307s ]

[ 2018-07-16T11:09:16+08:00 ] 127.0.0.1 /admin/Test/index
INFO: [ app_init ] --START--
INFO: Run Behavior\BuildLiteBehavior [ RunTime:0.000044s ]
INFO: [ app_init ] --END-- [ RunTime:0.000814s ]
INFO: [ app_begin ] --START--
INFO: Run Behavior\ReadHtmlCacheBehavior [ RunTime:0.000840s ]
INFO: [ app_begin ] --END-- [ RunTime:0.000962s ]
SQL: SELECT COUNT(*) AS tp_count FROM `xman_auth_rule` WHERE `status` = 1 AND `name` = 'admin/test/index' LIMIT 1   [ RunTime:0.0004s ]
SQL: SHOW COLUMNS FROM `xman_auth_group_access` [ RunTime:0.0177s ]
SQL: SELECT `uid`,`group_id`,`title`,`rules` FROM xman_auth_group_access a INNER JOIN xman_auth_group g on a.group_id=g.id  WHERE ( a.uid='2' and g.status='1' )  [ RunTime:0.0005s ]
SQL: SHOW COLUMNS FROM `xman_auth_rule` [ RunTime:0.0159s ]
SQL: SELECT `condition`,`name` FROM `xman_auth_rule` WHERE `id` IN ('27','15','16','31','20','21','28','22','23','29','11','12','13','14','17','1','2','5','6','10','18','41','42','43','32','37','38','39','40','19','44','45','46','47','48','50','49','30','24','25','26') AND `type` = 1 AND `status` = 1  [ RunTime:0.0025s ]
NOTIC: [8] Undefined index: para C:\E\PHPIDE\VertrigoServ\www\xinyadmin\Application\Admin\Controller\TestController.class.php 第 20 行.
SQL: SHOW COLUMNS FROM `xman_test` [ RunTime:0.0179s ]
SQL: SELECT * FROM `xman_test` WHERE (  1  ) LIMIT 0,10   [ RunTime:0.0008s ]
SQL: SELECT COUNT(*) AS tp_count FROM `xman_test` WHERE (  1  ) LIMIT 1   [ RunTime:0.0004s ]

[ 2018-07-16T11:09:21+08:00 ] 127.0.0.1 /admin/Test/add
INFO: [ app_init ] --START--
INFO: Run Behavior\BuildLiteBehavior [ RunTime:0.000026s ]
INFO: [ app_init ] --END-- [ RunTime:0.000636s ]
INFO: [ app_begin ] --START--
INFO: Run Behavior\ReadHtmlCacheBehavior [ RunTime:0.001149s ]
INFO: [ app_begin ] --END-- [ RunTime:0.001380s ]
SQL: SELECT COUNT(*) AS tp_count FROM `xman_auth_rule` WHERE `status` = 1 AND `name` = 'admin/test/add' LIMIT 1   [ RunTime:0.0005s ]
INFO: [ view_parse ] --START--
INFO: [ template_filter ] --START--
INFO: Run Behavior\ContentReplaceBehavior [ RunTime:0.000111s ]
INFO: [ template_filter ] --END-- [ RunTime:0.000241s ]
INFO: Run Behavior\ParseTemplateBehavior [ RunTime:0.020416s ]
INFO: [ view_parse ] --END-- [ RunTime:0.020616s ]
INFO: [ view_filter ] --START--
INFO: Run Behavior\WriteHtmlCacheBehavior [ RunTime:0.001099s ]
INFO: [ view_filter ] --END-- [ RunTime:0.001229s ]
INFO: [ app_end ] --START--
INFO: Run Behavior\ShowPageTraceBehavior [ RunTime:0.001780s ]
INFO: [ app_end ] --END-- [ RunTime:0.002089s ]

[ 2018-07-16T11:09:32+08:00 ] 127.0.0.1 /admin/FileUpload/upload
INFO: [ app_init ] --START--
INFO: Run Behavior\BuildLiteBehavior [ RunTime:0.000027s ]
INFO: [ app_init ] --END-- [ RunTime:0.000694s ]
INFO: [ app_begin ] --START--
INFO: Run Behavior\ReadHtmlCacheBehavior [ RunTime:0.001581s ]
INFO: [ app_begin ] --END-- [ RunTime:0.001813s ]
NOTIC: [2] call_user_func() expects parameter 1 to be a valid callback, no array or string given C:\E\PHPIDE\VertrigoServ\www\xinyadmin\ThinkPHP\Library\Think\Upload.class.php 第 170 行.

[ 2018-07-16T11:12:16+08:00 ] 127.0.0.1 /admin/Test/add
INFO: [ app_init ] --START--
INFO: Run Behavior\BuildLiteBehavior [ RunTime:0.000027s ]
INFO: [ app_init ] --END-- [ RunTime:0.000929s ]
INFO: [ app_begin ] --START--
INFO: Run Behavior\ReadHtmlCacheBehavior [ RunTime:0.000996s ]
INFO: [ app_begin ] --END-- [ RunTime:0.001124s ]
SQL: SELECT COUNT(*) AS tp_count FROM `xman_auth_rule` WHERE `status` = 1 AND `name` = 'admin/test/add' LIMIT 1   [ RunTime:0.0005s ]
INFO: [ view_parse ] --START--
INFO: [ template_filter ] --START--
INFO: Run Behavior\ContentReplaceBehavior [ RunTime:0.000118s ]
INFO: [ template_filter ] --END-- [ RunTime:0.000255s ]
INFO: Run Behavior\ParseTemplateBehavior [ RunTime:0.014140s ]
INFO: [ view_parse ] --END-- [ RunTime:0.014308s ]
INFO: [ view_filter ] --START--
INFO: Run Behavior\WriteHtmlCacheBehavior [ RunTime:0.000964s ]
INFO: [ view_filter ] --END-- [ RunTime:0.001148s ]
INFO: [ app_end ] --START--
INFO: Run Behavior\ShowPageTraceBehavior [ RunTime:0.002575s ]
INFO: [ app_end ] --END-- [ RunTime:0.002797s ]

[ 2018-07-16T11:12:23+08:00 ] 127.0.0.1 /admin/Test/edit/id/4
INFO: [ app_init ] --START--
INFO: Run Behavior\BuildLiteBehavior [ RunTime:0.000032s ]
INFO: [ app_init ] --END-- [ RunTime:0.000795s ]
INFO: [ app_begin ] --START--
INFO: Run Behavior\ReadHtmlCacheBehavior [ RunTime:0.000875s ]
INFO: [ app_begin ] --END-- [ RunTime:0.001028s ]
SQL: SELECT COUNT(*) AS tp_count FROM `xman_auth_rule` WHERE `status` = 1 AND `name` = 'admin/test/edit' LIMIT 1   [ RunTime:0.0004s ]
SQL: SELECT * FROM `xman_test` WHERE `id` = 4 LIMIT 1   [ RunTime:0.0006s ]
INFO: [ view_parse ] --START--
INFO: [ template_filter ] --START--
INFO: Run Behavior\ContentReplaceBehavior [ RunTime:0.000253s ]
INFO: [ template_filter ] --END-- [ RunTime:0.000509s ]
INFO: Run Behavior\ParseTemplateBehavior [ RunTime:0.018017s ]
INFO: [ view_parse ] --END-- [ RunTime:0.018162s ]
INFO: [ view_filter ] --START--
INFO: Run Behavior\WriteHtmlCacheBehavior [ RunTime:0.000905s ]
INFO: [ view_filter ] --END-- [ RunTime:0.001026s ]
INFO: [ app_end ] --START--
INFO: Run Behavior\ShowPageTraceBehavior [ RunTime:0.001419s ]
INFO: [ app_end ] --END-- [ RunTime:0.001613s ]

[ 2018-07-16T11:14:13+08:00 ] 127.0.0.1 /admin/test/index
INFO: [ app_init ] --START--
INFO: Run Behavior\BuildLiteBehavior [ RunTime:0.000026s ]
INFO: [ app_init ] --END-- [ RunTime:0.000575s ]
INFO: [ app_begin ] --START--
INFO: Run Behavior\ReadHtmlCacheBehavior [ RunTime:0.001556s ]
INFO: [ app_begin ] --END-- [ RunTime:0.001853s ]
SQL: SELECT COUNT(*) AS tp_count FROM `xman_auth_rule` WHERE `status` = 1 AND `name` = 'admin/test/index' LIMIT 1   [ RunTime:0.0003s ]
SQL: SHOW COLUMNS FROM `xman_auth_group_access` [ RunTime:0.0270s ]
SQL: SELECT `uid`,`group_id`,`title`,`rules` FROM xman_auth_group_access a INNER JOIN xman_auth_group g on a.group_id=g.id  WHERE ( a.uid='2' and g.status='1' )  [ RunTime:0.0004s ]
SQL: SHOW COLUMNS FROM `xman_auth_rule` [ RunTime:0.0169s ]
SQL: SELECT `condition`,`name` FROM `xman_auth_rule` WHERE `id` IN ('27','15','16','31','20','21','28','22','23','29','11','12','13','14','17','1','2','5','6','10','18','41','42','43','32','37','38','39','40','19','44','45','46','47','48','50','49','30','24','25','26') AND `type` = 1 AND `status` = 1  [ RunTime:0.0006s ]
INFO: [ view_parse ] --START--
INFO: [ template_filter ] --START--
INFO: Run Behavior\ContentReplaceBehavior [ RunTime:0.000112s ]
INFO: [ template_filter ] --END-- [ RunTime:0.000252s ]
INFO: Run Behavior\ParseTemplateBehavior [ RunTime:0.013362s ]
INFO: [ view_parse ] --END-- [ RunTime:0.013573s ]
INFO: [ view_filter ] --START--
INFO: Run Behavior\WriteHtmlCacheBehavior [ RunTime:0.001032s ]
INFO: [ view_filter ] --END-- [ RunTime:0.001184s ]
INFO: [ app_end ] --START--
INFO: Run Behavior\ShowPageTraceBehavior [ RunTime:0.001282s ]
INFO: [ app_end ] --END-- [ RunTime:0.001460s ]

[ 2018-07-16T11:14:13+08:00 ] 127.0.0.1 /admin/Test/index
INFO: [ app_init ] --START--
INFO: Run Behavior\BuildLiteBehavior [ RunTime:0.000044s ]
INFO: [ app_init ] --END-- [ RunTime:0.000906s ]
INFO: [ app_begin ] --START--
INFO: Run Behavior\ReadHtmlCacheBehavior [ RunTime:0.001668s ]
INFO: [ app_begin ] --END-- [ RunTime:0.001893s ]
SQL: SELECT COUNT(*) AS tp_count FROM `xman_auth_rule` WHERE `status` = 1 AND `name` = 'admin/test/index' LIMIT 1   [ RunTime:0.0005s ]
SQL: SHOW COLUMNS FROM `xman_auth_group_access` [ RunTime:0.0160s ]
SQL: SELECT `uid`,`group_id`,`title`,`rules` FROM xman_auth_group_access a INNER JOIN xman_auth_group g on a.group_id=g.id  WHERE ( a.uid='2' and g.status='1' )  [ RunTime:0.0007s ]
SQL: SHOW COLUMNS FROM `xman_auth_rule` [ RunTime:0.0237s ]
SQL: SELECT `condition`,`name` FROM `xman_auth_rule` WHERE `id` IN ('27','15','16','31','20','21','28','22','23','29','11','12','13','14','17','1','2','5','6','10','18','41','42','43','32','37','38','39','40','19','44','45','46','47','48','50','49','30','24','25','26') AND `type` = 1 AND `status` = 1  [ RunTime:0.0013s ]
NOTIC: [8] Undefined index: para C:\E\PHPIDE\VertrigoServ\www\xinyadmin\Application\Admin\Controller\TestController.class.php 第 20 行.
SQL: SELECT * FROM `xman_test` WHERE (  1  ) LIMIT 0,10   [ RunTime:0.0008s ]
SQL: SELECT COUNT(*) AS tp_count FROM `xman_test` WHERE (  1  ) LIMIT 1   [ RunTime:0.0004s ]

[ 2018-07-16T11:14:16+08:00 ] 127.0.0.1 /admin/index/clearcache
INFO: [ app_init ] --START--
INFO: Run Behavior\BuildLiteBehavior [ RunTime:0.000026s ]
INFO: [ app_init ] --END-- [ RunTime:0.000711s ]
INFO: [ app_begin ] --START--
INFO: Run Behavior\ReadHtmlCacheBehavior [ RunTime:0.000842s ]
INFO: [ app_begin ] --END-- [ RunTime:0.000958s ]
SQL: SELECT COUNT(*) AS tp_count FROM `xman_auth_rule` WHERE `status` = 1 AND `name` = 'admin/index/clearcache' LIMIT 1   [ RunTime:0.0004s ]
INFO: [ app_end ] --START--
INFO: Run Behavior\ShowPageTraceBehavior [ RunTime:0.001452s ]
INFO: [ app_end ] --END-- [ RunTime:0.001601s ]

[ 2018-07-16T11:14:17+08:00 ] 127.0.0.1 /admin/test/index
INFO: [ app_init ] --START--
INFO: Run Behavior\BuildLiteBehavior [ RunTime:0.000029s ]
INFO: [ app_init ] --END-- [ RunTime:0.000795s ]
INFO: [ app_begin ] --START--
INFO: Run Behavior\ReadHtmlCacheBehavior [ RunTime:0.000900s ]
INFO: [ app_begin ] --END-- [ RunTime:0.001034s ]
SQL: SHOW COLUMNS FROM `xman_auth_rule` [ RunTime:0.0130s ]
SQL: SELECT COUNT(*) AS tp_count FROM `xman_auth_rule` WHERE `status` = 1 AND `name` = 'admin/test/index' LIMIT 1   [ RunTime:0.0004s ]
SQL: SHOW COLUMNS FROM `xman_auth_group_access` [ RunTime:0.0160s ]
SQL: SELECT `uid`,`group_id`,`title`,`rules` FROM xman_auth_group_access a INNER JOIN xman_auth_group g on a.group_id=g.id  WHERE ( a.uid='2' and g.status='1' )  [ RunTime:0.0006s ]
SQL: SHOW COLUMNS FROM `xman_auth_rule` [ RunTime:0.0162s ]
SQL: SELECT `condition`,`name` FROM `xman_auth_rule` WHERE `id` IN ('27','15','16','31','20','21','28','22','23','29','11','12','13','14','17','1','2','5','6','10','18','41','42','43','32','37','38','39','40','19','44','45','46','47','48','50','49','30','24','25','26') AND `type` = 1 AND `status` = 1  [ RunTime:0.0006s ]
INFO: [ view_parse ] --START--
INFO: [ template_filter ] --START--
INFO: Run Behavior\ContentReplaceBehavior [ RunTime:0.000159s ]
INFO: [ template_filter ] --END-- [ RunTime:0.000403s ]
INFO: Run Behavior\ParseTemplateBehavior [ RunTime:0.017878s ]
INFO: [ view_parse ] --END-- [ RunTime:0.018026s ]
INFO: [ view_filter ] --START--
INFO: Run Behavior\WriteHtmlCacheBehavior [ RunTime:0.000806s ]
INFO: [ view_filter ] --END-- [ RunTime:0.000927s ]
INFO: [ app_end ] --START--
INFO: Run Behavior\ShowPageTraceBehavior [ RunTime:0.002795s ]
INFO: [ app_end ] --END-- [ RunTime:0.003002s ]

[ 2018-07-16T11:14:17+08:00 ] 127.0.0.1 /admin/Test/index
INFO: [ app_init ] --START--
INFO: Run Behavior\BuildLiteBehavior [ RunTime:0.000027s ]
INFO: [ app_init ] --END-- [ RunTime:0.000574s ]
INFO: [ app_begin ] --START--
INFO: Run Behavior\ReadHtmlCacheBehavior [ RunTime:0.001534s ]
INFO: [ app_begin ] --END-- [ RunTime:0.001769s ]
SQL: SELECT COUNT(*) AS tp_count FROM `xman_auth_rule` WHERE `status` = 1 AND `name` = 'admin/test/index' LIMIT 1   [ RunTime:0.0003s ]
SQL: SHOW COLUMNS FROM `xman_auth_group_access` [ RunTime:0.0159s ]
SQL: SELECT `uid`,`group_id`,`title`,`rules` FROM xman_auth_group_access a INNER JOIN xman_auth_group g on a.group_id=g.id  WHERE ( a.uid='2' and g.status='1' )  [ RunTime:0.0004s ]
SQL: SHOW COLUMNS FROM `xman_auth_rule` [ RunTime:0.0161s ]
SQL: SELECT `condition`,`name` FROM `xman_auth_rule` WHERE `id` IN ('27','15','16','31','20','21','28','22','23','29','11','12','13','14','17','1','2','5','6','10','18','41','42','43','32','37','38','39','40','19','44','45','46','47','48','50','49','30','24','25','26') AND `type` = 1 AND `status` = 1  [ RunTime:0.0006s ]
NOTIC: [8] Undefined index: para C:\E\PHPIDE\VertrigoServ\www\xinyadmin\Application\Admin\Controller\TestController.class.php 第 20 行.
SQL: SHOW COLUMNS FROM `xman_test` [ RunTime:0.0191s ]
SQL: SELECT * FROM `xman_test` WHERE (  1  ) LIMIT 0,10   [ RunTime:0.0006s ]
SQL: SELECT COUNT(*) AS tp_count FROM `xman_test` WHERE (  1  ) LIMIT 1   [ RunTime:0.0002s ]

[ 2018-07-16T11:14:24+08:00 ] 127.0.0.1 /admin/auth/edit_rule/id/49
INFO: [ app_init ] --START--
INFO: Run Behavior\BuildLiteBehavior [ RunTime:0.000073s ]
INFO: [ app_init ] --END-- [ RunTime:0.001061s ]
INFO: [ app_begin ] --START--
INFO: Run Behavior\ReadHtmlCacheBehavior [ RunTime:0.001117s ]
INFO: [ app_begin ] --END-- [ RunTime:0.001284s ]
SQL: SELECT COUNT(*) AS tp_count FROM `xman_auth_rule` WHERE `status` = 1 AND `name` = 'admin/auth/edit_rule' LIMIT 1   [ RunTime:0.0003s ]
SQL: SHOW COLUMNS FROM `xman_auth_group_access` [ RunTime:0.0238s ]
SQL: SELECT `uid`,`group_id`,`title`,`rules` FROM xman_auth_group_access a INNER JOIN xman_auth_group g on a.group_id=g.id  WHERE ( a.uid='2' and g.status='1' )  [ RunTime:0.0006s ]
SQL: SHOW COLUMNS FROM `xman_auth_rule` [ RunTime:0.0146s ]
SQL: SELECT `condition`,`name` FROM `xman_auth_rule` WHERE `id` IN ('27','15','16','31','20','21','28','22','23','29','11','12','13','14','17','1','2','5','6','10','18','41','42','43','32','37','38','39','40','19','44','45','46','47','48','50','49','30','24','25','26') AND `type` = 1 AND `status` = 1  [ RunTime:0.0006s ]
SQL: SELECT * FROM `xman_auth_rule` WHERE `id` = 49 LIMIT 1   [ RunTime:0.0022s ]
INFO: [ view_parse ] --START--
INFO: [ template_filter ] --START--
INFO: Run Behavior\ContentReplaceBehavior [ RunTime:0.000087s ]
INFO: [ template_filter ] --END-- [ RunTime:0.000227s ]
INFO: Run Behavior\ParseTemplateBehavior [ RunTime:0.013790s ]
INFO: [ view_parse ] --END-- [ RunTime:0.013979s ]
INFO: [ view_filter ] --START--
INFO: Run Behavior\WriteHtmlCacheBehavior [ RunTime:0.001072s ]
INFO: [ view_filter ] --END-- [ RunTime:0.001215s ]
INFO: [ app_end ] --START--
INFO: Run Behavior\ShowPageTraceBehavior [ RunTime:0.001002s ]
INFO: [ app_end ] --END-- [ RunTime:0.001129s ]

[ 2018-07-16T11:14:31+08:00 ] 127.0.0.1 /admin/auth/menus
INFO: [ app_init ] --START--
INFO: Run Behavior\BuildLiteBehavior [ RunTime:0.000028s ]
INFO: [ app_init ] --END-- [ RunTime:0.000590s ]
INFO: [ app_begin ] --START--
INFO: Run Behavior\ReadHtmlCacheBehavior [ RunTime:0.000800s ]
INFO: [ app_begin ] --END-- [ RunTime:0.000939s ]
SQL: SELECT COUNT(*) AS tp_count FROM `xman_auth_rule` WHERE `status` = 1 AND `name` = 'admin/auth/menus' LIMIT 1   [ RunTime:0.0005s ]
SQL: SHOW COLUMNS FROM `xman_auth_group_access` [ RunTime:0.0180s ]
SQL: SELECT `uid`,`group_id`,`title`,`rules` FROM xman_auth_group_access a INNER JOIN xman_auth_group g on a.group_id=g.id  WHERE ( a.uid='2' and g.status='1' )  [ RunTime:0.0005s ]
SQL: SHOW COLUMNS FROM `xman_auth_rule` [ RunTime:0.0220s ]
SQL: SELECT `condition`,`name` FROM `xman_auth_rule` WHERE `id` IN ('27','15','16','31','20','21','28','22','23','29','11','12','13','14','17','1','2','5','6','10','18','41','42','43','32','37','38','39','40','19','44','45','46','47','48','50','49','30','24','25','26') AND `type` = 1 AND `status` = 1  [ RunTime:0.0007s ]
INFO: [ view_parse ] --START--
INFO: [ template_filter ] --START--
INFO: Run Behavior\ContentReplaceBehavior [ RunTime:0.000098s ]
INFO: [ template_filter ] --END-- [ RunTime:0.000229s ]
INFO: Run Behavior\ParseTemplateBehavior [ RunTime:0.016106s ]
INFO: [ view_parse ] --END-- [ RunTime:0.016321s ]
INFO: [ view_filter ] --START--
INFO: Run Behavior\WriteHtmlCacheBehavior [ RunTime:0.001372s ]
INFO: [ view_filter ] --END-- [ RunTime:0.001519s ]
INFO: [ app_end ] --START--
INFO: Run Behavior\ShowPageTraceBehavior [ RunTime:0.002234s ]
INFO: [ app_end ] --END-- [ RunTime:0.002554s ]

[ 2018-07-16T11:14:31+08:00 ] 127.0.0.1 /admin/auth/menus
INFO: [ app_init ] --START--
INFO: Run Behavior\BuildLiteBehavior [ RunTime:0.000030s ]
INFO: [ app_init ] --END-- [ RunTime:0.001757s ]
INFO: [ app_begin ] --START--
INFO: Run Behavior\ReadHtmlCacheBehavior [ RunTime:0.000836s ]
INFO: [ app_begin ] --END-- [ RunTime:0.000951s ]
SQL: SELECT COUNT(*) AS tp_count FROM `xman_auth_rule` WHERE `status` = 1 AND `name` = 'admin/auth/menus' LIMIT 1   [ RunTime:0.0003s ]
SQL: SHOW COLUMNS FROM `xman_auth_group_access` [ RunTime:0.0161s ]
SQL: SELECT `uid`,`group_id`,`title`,`rules` FROM xman_auth_group_access a INNER JOIN xman_auth_group g on a.group_id=g.id  WHERE ( a.uid='2' and g.status='1' )  [ RunTime:0.0004s ]
SQL: SHOW COLUMNS FROM `xman_auth_rule` [ RunTime:0.0156s ]
SQL: SELECT `condition`,`name` FROM `xman_auth_rule` WHERE `id` IN ('27','15','16','31','20','21','28','22','23','29','11','12','13','14','17','1','2','5','6','10','18','41','42','43','32','37','38','39','40','19','44','45','46','47','48','50','49','30','24','25','26') AND `type` = 1 AND `status` = 1  [ RunTime:0.0005s ]
SQL: SHOW COLUMNS FROM `xman_auth_menus` [ RunTime:0.0160s ]
SQL: SELECT a.*,r.name as link FROM xman_auth_menus a left JOIN xman_auth_rule as r on r.id=a.rule_id   [ RunTime:0.0006s ]

[ 2018-07-16T11:14:37+08:00 ] 127.0.0.1 /admin/auth/add_menu/pid/1
INFO: [ app_init ] --START--
INFO: Run Behavior\BuildLiteBehavior [ RunTime:0.000025s ]
INFO: [ app_init ] --END-- [ RunTime:0.000731s ]
INFO: [ app_begin ] --START--
INFO: Run Behavior\ReadHtmlCacheBehavior [ RunTime:0.000865s ]
INFO: [ app_begin ] --END-- [ RunTime:0.000992s ]
SQL: SELECT COUNT(*) AS tp_count FROM `xman_auth_rule` WHERE `status` = 1 AND `name` = 'admin/auth/add_menu' LIMIT 1   [ RunTime:0.0004s ]
SQL: SHOW COLUMNS FROM `xman_auth_group_access` [ RunTime:0.0226s ]
SQL: SELECT `uid`,`group_id`,`title`,`rules` FROM xman_auth_group_access a INNER JOIN xman_auth_group g on a.group_id=g.id  WHERE ( a.uid='2' and g.status='1' )  [ RunTime:0.0007s ]
SQL: SHOW COLUMNS FROM `xman_auth_rule` [ RunTime:0.0130s ]
SQL: SELECT `condition`,`name` FROM `xman_auth_rule` WHERE `id` IN ('27','15','16','31','20','21','28','22','23','29','11','12','13','14','17','1','2','5','6','10','18','41','42','43','32','37','38','39','40','19','44','45','46','47','48','50','49','30','24','25','26') AND `type` = 1 AND `status` = 1  [ RunTime:0.0006s ]
SQL: SELECT * FROM `xman_auth_rule`  [ RunTime:0.0018s ]
NOTIC: [8] Undefined offset: 276 C:\E\PHPIDE\VertrigoServ\www\xinyadmin\Application\Common\Controller\AdminBaseController.class.php 第 50 行.
NOTIC: [8] Undefined offset: 277 C:\E\PHPIDE\VertrigoServ\www\xinyadmin\Application\Common\Controller\AdminBaseController.class.php 第 50 行.
NOTIC: [8] Undefined offset: 278 C:\E\PHPIDE\VertrigoServ\www\xinyadmin\Application\Common\Controller\AdminBaseController.class.php 第 50 行.
NOTIC: [8] Undefined offset: 279 C:\E\PHPIDE\VertrigoServ\www\xinyadmin\Application\Common\Controller\AdminBaseController.class.php 第 50 行.
INFO: [ view_parse ] --START--
INFO: [ template_filter ] --START--
INFO: Run Behavior\ContentReplaceBehavior [ RunTime:0.000079s ]
INFO: [ template_filter ] --END-- [ RunTime:0.000204s ]
INFO: Run Behavior\ParseTemplateBehavior [ RunTime:0.015507s ]
INFO: [ view_parse ] --END-- [ RunTime:0.015688s ]
INFO: [ view_filter ] --START--
INFO: Run Behavior\WriteHtmlCacheBehavior [ RunTime:0.001160s ]
INFO: [ view_filter ] --END-- [ RunTime:0.001339s ]
INFO: [ app_end ] --START--
INFO: Run Behavior\ShowPageTraceBehavior [ RunTime:0.001537s ]
INFO: [ app_end ] --END-- [ RunTime:0.001768s ]

[ 2018-07-16T11:15:08+08:00 ] 127.0.0.1 /admin/auth/change_menu_sort
INFO: [ app_init ] --START--
INFO: Run Behavior\BuildLiteBehavior [ RunTime:0.000047s ]
INFO: [ app_init ] --END-- [ RunTime:0.000786s ]
INFO: [ app_begin ] --START--
INFO: Run Behavior\ReadHtmlCacheBehavior [ RunTime:0.002367s ]
INFO: [ app_begin ] --END-- [ RunTime:0.002657s ]
SQL: SELECT COUNT(*) AS tp_count FROM `xman_auth_rule` WHERE `status` = 1 AND `name` = 'admin/auth/change_menu_sort' LIMIT 1   [ RunTime:0.0004s ]
SQL: SHOW COLUMNS FROM `xman_auth_group_access` [ RunTime:0.0174s ]
SQL: SELECT `uid`,`group_id`,`title`,`rules` FROM xman_auth_group_access a INNER JOIN xman_auth_group g on a.group_id=g.id  WHERE ( a.uid='2' and g.status='1' )  [ RunTime:0.0005s ]
SQL: SHOW COLUMNS FROM `xman_auth_rule` [ RunTime:0.0166s ]
SQL: SELECT `condition`,`name` FROM `xman_auth_rule` WHERE `id` IN ('27','15','16','31','20','21','28','22','23','29','11','12','13','14','17','1','2','5','6','10','18','41','42','43','32','37','38','39','40','19','44','45','46','47','48','50','49','30','24','25','26') AND `type` = 1 AND `status` = 1  [ RunTime:0.0010s ]
SQL: SHOW COLUMNS FROM `xman_auth_menus` [ RunTime:0.0151s ]
SQL: SELECT * FROM `xman_auth_menus` WHERE `id` = 14 LIMIT 1   [ RunTime:0.0004s ]
SQL: SELECT `id` FROM `xman_auth_menus` WHERE `pid` = 14  [ RunTime:0.0003s ]
SQL: DELETE FROM `xman_auth_menus` WHERE `id` = 14 [ RunTime:0.0012s ]
SQL: SELECT * FROM `xman_auth_menus` WHERE `id` = 27 LIMIT 1   [ RunTime:0.0004s ]
SQL: SELECT `id` FROM `xman_auth_menus` WHERE `pid` = 27  [ RunTime:0.0003s ]
SQL: DELETE FROM `xman_auth_menus` WHERE `id` = 27 [ RunTime:0.0008s ]
SQL: INSERT INTO `xman_auth_menus` (`id`,`name`,`pid`,`rule_id`,`weight`,`icon`,`target`) VALUES ('14','会员等级','2','23','33','layui-icon layui-icon-diamond','default') [ RunTime:0.0044s ]
SQL: INSERT INTO `xman_auth_menus` (`id`,`name`,`pid`,`rule_id`,`weight`,`icon`,`target`) VALUES ('27','用户中心','2','22','1','iconfont icon-addressbook_fill','default') [ RunTime:0.0007s ]

[ 2018-07-16T11:15:08+08:00 ] 127.0.0.1 /admin/auth/menus
INFO: [ app_init ] --START--
INFO: Run Behavior\BuildLiteBehavior [ RunTime:0.000026s ]
INFO: [ app_init ] --END-- [ RunTime:0.000662s ]
INFO: [ app_begin ] --START--
INFO: Run Behavior\ReadHtmlCacheBehavior [ RunTime:0.001336s ]
INFO: [ app_begin ] --END-- [ RunTime:0.001508s ]
SQL: SELECT COUNT(*) AS tp_count FROM `xman_auth_rule` WHERE `status` = 1 AND `name` = 'admin/auth/menus' LIMIT 1   [ RunTime:0.0004s ]
SQL: SHOW COLUMNS FROM `xman_auth_group_access` [ RunTime:0.0145s ]
SQL: SELECT `uid`,`group_id`,`title`,`rules` FROM xman_auth_group_access a INNER JOIN xman_auth_group g on a.group_id=g.id  WHERE ( a.uid='2' and g.status='1' )  [ RunTime:0.0005s ]
SQL: SHOW COLUMNS FROM `xman_auth_rule` [ RunTime:0.0160s ]
SQL: SELECT `condition`,`name` FROM `xman_auth_rule` WHERE `id` IN ('27','15','16','31','20','21','28','22','23','29','11','12','13','14','17','1','2','5','6','10','18','41','42','43','32','37','38','39','40','19','44','45','46','47','48','50','49','30','24','25','26') AND `type` = 1 AND `status` = 1  [ RunTime:0.0006s ]
SQL: SELECT a.*,r.name as link FROM xman_auth_menus a left JOIN xman_auth_rule as r on r.id=a.rule_id   [ RunTime:0.0007s ]

[ 2018-07-16T11:15:40+08:00 ] 127.0.0.1 /admin/Makecode/make
INFO: [ app_init ] --START--
INFO: Run Behavior\BuildLiteBehavior [ RunTime:0.000025s ]
INFO: [ app_init ] --END-- [ RunTime:0.000645s ]
INFO: [ app_begin ] --START--
INFO: Run Behavior\ReadHtmlCacheBehavior [ RunTime:0.000871s ]
INFO: [ app_begin ] --END-- [ RunTime:0.000992s ]
SQL: SELECT COUNT(*) AS tp_count FROM `xman_auth_rule` WHERE `status` = 1 AND `name` = 'admin/makecode/make' LIMIT 1   [ RunTime:0.0003s ]
SQL: SHOW COLUMNS FROM `xman_auth_group_access` [ RunTime:0.0227s ]
SQL: SELECT `uid`,`group_id`,`title`,`rules` FROM xman_auth_group_access a INNER JOIN xman_auth_group g on a.group_id=g.id  WHERE ( a.uid='2' and g.status='1' )  [ RunTime:0.0005s ]
SQL: SHOW COLUMNS FROM `xman_auth_rule` [ RunTime:0.0153s ]
SQL: SELECT `condition`,`name` FROM `xman_auth_rule` WHERE `id` IN ('27','15','16','31','20','21','28','22','23','29','11','12','13','14','17','1','2','5','6','10','18','41','42','43','32','37','38','39','40','19','44','45','46','47','48','50','49','30','24','25','26') AND `type` = 1 AND `status` = 1  [ RunTime:0.0011s ]
SQL: SELECT  * FROM `information_schema`.`columns` WHERE TABLE_SCHEMA = 'xinyadmin' AND table_name = 'xman_test' ORDER BY ORDINAL_POSITION [ RunTime:0.0130s ]

[ 2018-07-16T11:15:56+08:00 ] 127.0.0.1 /admin/auth/group
INFO: [ app_init ] --START--
INFO: Run Behavior\BuildLiteBehavior [ RunTime:0.000030s ]
INFO: [ app_init ] --END-- [ RunTime:0.000712s ]
INFO: [ app_begin ] --START--
INFO: Run Behavior\ReadHtmlCacheBehavior [ RunTime:0.001685s ]
INFO: [ app_begin ] --END-- [ RunTime:0.002040s ]
SQL: SELECT COUNT(*) AS tp_count FROM `xman_auth_rule` WHERE `status` = 1 AND `name` = 'admin/auth/group' LIMIT 1   [ RunTime:0.0014s ]
SQL: SHOW COLUMNS FROM `xman_auth_group_access` [ RunTime:0.0154s ]
SQL: SELECT `uid`,`group_id`,`title`,`rules` FROM xman_auth_group_access a INNER JOIN xman_auth_group g on a.group_id=g.id  WHERE ( a.uid='2' and g.status='1' )  [ RunTime:0.0006s ]
SQL: SHOW COLUMNS FROM `xman_auth_rule` [ RunTime:0.0160s ]
SQL: SELECT `condition`,`name` FROM `xman_auth_rule` WHERE `id` IN ('27','15','16','31','20','21','28','22','23','29','11','12','13','14','17','1','2','5','6','10','18','41','42','43','32','37','38','39','40','19','44','45','46','47','48','50','49','30','24','25','26') AND `type` = 1 AND `status` = 1  [ RunTime:0.0006s ]
INFO: [ view_parse ] --START--
INFO: [ template_filter ] --START--
INFO: Run Behavior\ContentReplaceBehavior [ RunTime:0.000158s ]
INFO: [ template_filter ] --END-- [ RunTime:0.000415s ]
INFO: Run Behavior\ParseTemplateBehavior [ RunTime:0.014956s ]
INFO: [ view_parse ] --END-- [ RunTime:0.015121s ]
INFO: [ view_filter ] --START--
INFO: Run Behavior\WriteHtmlCacheBehavior [ RunTime:0.000832s ]
INFO: [ view_filter ] --END-- [ RunTime:0.000959s ]
INFO: [ app_end ] --START--
INFO: Run Behavior\ShowPageTraceBehavior [ RunTime:0.000808s ]
INFO: [ app_end ] --END-- [ RunTime:0.000928s ]

[ 2018-07-16T11:15:57+08:00 ] 127.0.0.1 /admin/auth/group
INFO: [ app_init ] --START--
INFO: Run Behavior\BuildLiteBehavior [ RunTime:0.000028s ]
INFO: [ app_init ] --END-- [ RunTime:0.000829s ]
INFO: [ app_begin ] --START--
INFO: Run Behavior\ReadHtmlCacheBehavior [ RunTime:0.003332s ]
INFO: [ app_begin ] --END-- [ RunTime:0.003535s ]
SQL: SELECT COUNT(*) AS tp_count FROM `xman_auth_rule` WHERE `status` = 1 AND `name` = 'admin/auth/group' LIMIT 1   [ RunTime:0.0004s ]
SQL: SHOW COLUMNS FROM `xman_auth_group_access` [ RunTime:0.0196s ]
SQL: SELECT `uid`,`group_id`,`title`,`rules` FROM xman_auth_group_access a INNER JOIN xman_auth_group g on a.group_id=g.id  WHERE ( a.uid='2' and g.status='1' )  [ RunTime:0.0016s ]
SQL: SHOW COLUMNS FROM `xman_auth_rule` [ RunTime:0.0219s ]
SQL: SELECT `condition`,`name` FROM `xman_auth_rule` WHERE `id` IN ('27','15','16','31','20','21','28','22','23','29','11','12','13','14','17','1','2','5','6','10','18','41','42','43','32','37','38','39','40','19','44','45','46','47','48','50','49','30','24','25','26') AND `type` = 1 AND `status` = 1  [ RunTime:0.0005s ]
NOTIC: [8] Undefined index: keyword C:\E\PHPIDE\VertrigoServ\www\xinyadmin\Application\Admin\Controller\AuthController.class.php 第 208 行.
SQL: SHOW COLUMNS FROM `xman_auth_group` [ RunTime:0.0163s ]
SQL: SELECT * FROM `xman_auth_group` WHERE (  1  ) ORDER BY id asc LIMIT 0,10   [ RunTime:0.0005s ]
SQL: SELECT COUNT(*) AS tp_count FROM `xman_auth_group` WHERE (  1  ) LIMIT 1   [ RunTime:0.0005s ]

[ 2018-07-16T11:15:58+08:00 ] 127.0.0.1 /admin/auth/edit_group/id/1
INFO: [ app_init ] --START--
INFO: Run Behavior\BuildLiteBehavior [ RunTime:0.000025s ]
INFO: [ app_init ] --END-- [ RunTime:0.000688s ]
INFO: [ app_begin ] --START--
INFO: Run Behavior\ReadHtmlCacheBehavior [ RunTime:0.000910s ]
INFO: [ app_begin ] --END-- [ RunTime:0.001037s ]
SQL: SELECT COUNT(*) AS tp_count FROM `xman_auth_rule` WHERE `status` = 1 AND `name` = 'admin/auth/edit_group' LIMIT 1   [ RunTime:0.0004s ]
SQL: SHOW COLUMNS FROM `xman_auth_group_access` [ RunTime:0.0151s ]
SQL: SELECT `uid`,`group_id`,`title`,`rules` FROM xman_auth_group_access a INNER JOIN xman_auth_group g on a.group_id=g.id  WHERE ( a.uid='2' and g.status='1' )  [ RunTime:0.0004s ]
SQL: SHOW COLUMNS FROM `xman_auth_rule` [ RunTime:0.0155s ]
SQL: SELECT `condition`,`name` FROM `xman_auth_rule` WHERE `id` IN ('27','15','16','31','20','21','28','22','23','29','11','12','13','14','17','1','2','5','6','10','18','41','42','43','32','37','38','39','40','19','44','45','46','47','48','50','49','30','24','25','26') AND `type` = 1 AND `status` = 1  [ RunTime:0.0005s ]
SQL: SELECT * FROM `xman_auth_group` WHERE `id` = 1 LIMIT 1   [ RunTime:0.0004s ]
SQL: SELECT * FROM `xman_auth_rule` WHERE `status` = 1  [ RunTime:0.0005s ]
INFO: [ view_parse ] --START--
INFO: [ template_filter ] --START--
INFO: Run Behavior\ContentReplaceBehavior [ RunTime:0.000075s ]
INFO: [ template_filter ] --END-- [ RunTime:0.000198s ]
INFO: Run Behavior\ParseTemplateBehavior [ RunTime:0.015855s ]
INFO: [ view_parse ] --END-- [ RunTime:0.016008s ]
INFO: [ view_filter ] --START--
INFO: Run Behavior\WriteHtmlCacheBehavior [ RunTime:0.000834s ]
INFO: [ view_filter ] --END-- [ RunTime:0.000959s ]
INFO: [ app_end ] --START--
INFO: Run Behavior\ShowPageTraceBehavior [ RunTime:0.003260s ]
INFO: [ app_end ] --END-- [ RunTime:0.003540s ]

[ 2018-07-16T11:16:05+08:00 ] 127.0.0.1 /admin/auth/edit_group
INFO: [ app_init ] --START--
INFO: Run Behavior\BuildLiteBehavior [ RunTime:0.000026s ]
INFO: [ app_init ] --END-- [ RunTime:0.000813s ]
INFO: [ app_begin ] --START--
INFO: Run Behavior\ReadHtmlCacheBehavior [ RunTime:0.000923s ]
INFO: [ app_begin ] --END-- [ RunTime:0.001030s ]
SQL: SELECT COUNT(*) AS tp_count FROM `xman_auth_rule` WHERE `status` = 1 AND `name` = 'admin/auth/edit_group' LIMIT 1   [ RunTime:0.0004s ]
SQL: SHOW COLUMNS FROM `xman_auth_group_access` [ RunTime:0.0227s ]
SQL: SELECT `uid`,`group_id`,`title`,`rules` FROM xman_auth_group_access a INNER JOIN xman_auth_group g on a.group_id=g.id  WHERE ( a.uid='2' and g.status='1' )  [ RunTime:0.0021s ]
SQL: SHOW COLUMNS FROM `xman_auth_rule` [ RunTime:0.0171s ]
SQL: SELECT `condition`,`name` FROM `xman_auth_rule` WHERE `id` IN ('27','15','16','31','20','21','28','22','23','29','11','12','13','14','17','1','2','5','6','10','18','41','42','43','32','37','38','39','40','19','44','45','46','47','48','50','49','30','24','25','26') AND `type` = 1 AND `status` = 1  [ RunTime:0.0010s ]
SQL: SELECT COUNT(*) AS tp_count FROM `xman_auth_group` WHERE ( `id` != 1 and `title`='超级管理员' ) LIMIT 1   [ RunTime:0.0010s ]
SQL: UPDATE `xman_auth_group` SET `title`='超级管理员',`status`='1',`description`='拥有所有权限',`rules`='27,15,16,31,20,21,28,22,23,29,11,12,13,14,17,1,2,5,6,10,18,41,42,43,32,37,38,39,40,19,44,45,46,47,48,49,30,24,25,26' WHERE `id` = 1 [ RunTime:0.0070s ]

[ 2018-07-16T11:16:05+08:00 ] 127.0.0.1 /admin/index/getmenu/id/3
INFO: [ app_init ] --START--
INFO: Run Behavior\BuildLiteBehavior [ RunTime:0.000113s ]
INFO: [ app_init ] --END-- [ RunTime:0.002089s ]
INFO: [ app_begin ] --START--
INFO: Run Behavior\ReadHtmlCacheBehavior [ RunTime:0.001302s ]
INFO: [ app_begin ] --END-- [ RunTime:0.001507s ]
SQL: SELECT COUNT(*) AS tp_count FROM `xman_auth_rule` WHERE `status` = 1 AND `name` = 'admin/index/getmenu' LIMIT 1   [ RunTime:0.0003s ]
SQL: SHOW COLUMNS FROM `xman_auth_group_access` [ RunTime:0.0153s ]
SQL: SELECT `uid`,`group_id`,`title`,`rules` FROM xman_auth_group_access a INNER JOIN xman_auth_group g on a.group_id=g.id  WHERE ( a.uid='2' and g.status='1' )  [ RunTime:0.0004s ]
SQL: SHOW COLUMNS FROM `xman_auth_menus` [ RunTime:0.0230s ]
SQL: SELECT a.*,r.name as href,r.is_url FROM xman_auth_menus as a left JOIN xman_auth_rule as r on r.id=a.rule_id  WHERE a.pid = '3'  [ RunTime:0.0007s ]
SQL: SELECT a.*,r.name as href FROM xman_auth_menus as a left JOIN xman_auth_rule as r on r.id=a.rule_id  WHERE a.pid = '5'  [ RunTime:0.0005s ]
SQL: SELECT a.*,r.name as href FROM xman_auth_menus as a left JOIN xman_auth_rule as r on r.id=a.rule_id  WHERE a.pid = '18'  [ RunTime:0.0007s ]
SQL: SELECT a.*,r.name as href FROM xman_auth_menus as a left JOIN xman_auth_rule as r on r.id=a.rule_id  WHERE a.pid = '19'  [ RunTime:0.0006s ]
SQL: SELECT a.*,r.name as href FROM xman_auth_menus as a left JOIN xman_auth_rule as r on r.id=a.rule_id  WHERE a.pid = '20'  [ RunTime:0.0004s ]
SQL: SELECT a.*,r.name as href FROM xman_auth_menus as a left JOIN xman_auth_rule as r on r.id=a.rule_id  WHERE a.pid = '21'  [ RunTime:0.0005s ]
SQL: SELECT a.*,r.name as href FROM xman_auth_menus as a left JOIN xman_auth_rule as r on r.id=a.rule_id  WHERE a.pid = '22'  [ RunTime:0.0004s ]
SQL: SELECT a.*,r.name as href FROM xman_auth_menus as a left JOIN xman_auth_rule as r on r.id=a.rule_id  WHERE a.pid = '28'  [ RunTime:0.0003s ]
SQL: SELECT a.*,r.name as href FROM xman_auth_menus as a left JOIN xman_auth_rule as r on r.id=a.rule_id  WHERE a.pid = '29'  [ RunTime:0.0003s ]

[ 2018-07-16T11:16:05+08:00 ] 127.0.0.1 /admin/auth/group
INFO: [ app_init ] --START--
INFO: Run Behavior\BuildLiteBehavior [ RunTime:0.000049s ]
INFO: [ app_init ] --END-- [ RunTime:0.000912s ]
INFO: [ app_begin ] --START--
INFO: Run Behavior\ReadHtmlCacheBehavior [ RunTime:0.001737s ]
INFO: [ app_begin ] --END-- [ RunTime:0.001953s ]
SQL: SELECT COUNT(*) AS tp_count FROM `xman_auth_rule` WHERE `status` = 1 AND `name` = 'admin/auth/group' LIMIT 1   [ RunTime:0.0004s ]
SQL: SHOW COLUMNS FROM `xman_auth_group_access` [ RunTime:0.0199s ]
SQL: SELECT `uid`,`group_id`,`title`,`rules` FROM xman_auth_group_access a INNER JOIN xman_auth_group g on a.group_id=g.id  WHERE ( a.uid='2' and g.status='1' )  [ RunTime:0.0008s ]
SQL: SHOW COLUMNS FROM `xman_auth_rule` [ RunTime:0.0241s ]
SQL: SELECT `condition`,`name` FROM `xman_auth_rule` WHERE `id` IN ('27','15','16','31','20','21','28','22','23','29','11','12','13','14','17','1','2','5','6','10','18','41','42','43','32','37','38','39','40','19','44','45','46','47','48','49','30','24','25','26') AND `type` = 1 AND `status` = 1  [ RunTime:0.0009s ]
NOTIC: [8] Undefined index: keyword C:\E\PHPIDE\VertrigoServ\www\xinyadmin\Application\Admin\Controller\AuthController.class.php 第 208 行.
SQL: SELECT * FROM `xman_auth_group` WHERE (  1  ) ORDER BY id asc LIMIT 0,10   [ RunTime:0.0006s ]
SQL: SELECT COUNT(*) AS tp_count FROM `xman_auth_group` WHERE (  1  ) LIMIT 1   [ RunTime:0.0024s ]

[ 2018-07-16T11:16:11+08:00 ] 127.0.0.1 /admin/Makecode/make
INFO: [ app_init ] --START--
INFO: Run Behavior\BuildLiteBehavior [ RunTime:0.000031s ]
INFO: [ app_init ] --END-- [ RunTime:0.000926s ]
INFO: [ app_begin ] --START--
INFO: Run Behavior\ReadHtmlCacheBehavior [ RunTime:0.000866s ]
INFO: [ app_begin ] --END-- [ RunTime:0.000975s ]
SQL: SELECT COUNT(*) AS tp_count FROM `xman_auth_rule` WHERE `status` = 1 AND `name` = 'admin/makecode/make' LIMIT 1   [ RunTime:0.0005s ]
SQL: SHOW COLUMNS FROM `xman_auth_group_access` [ RunTime:0.0186s ]
SQL: SELECT `uid`,`group_id`,`title`,`rules` FROM xman_auth_group_access a INNER JOIN xman_auth_group g on a.group_id=g.id  WHERE ( a.uid='2' and g.status='1' )  [ RunTime:0.0005s ]
SQL: SHOW COLUMNS FROM `xman_auth_rule` [ RunTime:0.0168s ]
SQL: SELECT `condition`,`name` FROM `xman_auth_rule` WHERE `id` IN ('27','15','16','31','20','21','28','22','23','29','11','12','13','14','17','1','2','5','6','10','18','41','42','43','32','37','38','39','40','19','44','45','46','47','48','49','30','24','25','26') AND `type` = 1 AND `status` = 1  [ RunTime:0.0006s ]

[ 2018-07-16T13:54:25+08:00 ] 127.0.0.1 /admin
INFO: [ app_init ] --START--
INFO: Run Behavior\BuildLiteBehavior [ RunTime:0.000029s ]
INFO: [ app_init ] --END-- [ RunTime:0.000921s ]
INFO: [ app_begin ] --START--
INFO: Run Behavior\ReadHtmlCacheBehavior [ RunTime:0.002534s ]
INFO: [ app_begin ] --END-- [ RunTime:0.002997s ]

[ 2018-07-16T13:54:25+08:00 ] 127.0.0.1 /admin
INFO: [ app_init ] --START--
INFO: Run Behavior\BuildLiteBehavior [ RunTime:0.000027s ]
INFO: [ app_init ] --END-- [ RunTime:0.000929s ]
INFO: [ app_begin ] --START--
INFO: Run Behavior\ReadHtmlCacheBehavior [ RunTime:0.002159s ]
INFO: [ app_begin ] --END-- [ RunTime:0.002397s ]

[ 2018-07-16T13:54:26+08:00 ] 127.0.0.1 /index.php/admin/login/index/jumpLink/http%253A%252F%252F127.0.0.24%252Fadmin.html
INFO: [ app_init ] --START--
INFO: Run Behavior\BuildLiteBehavior [ RunTime:0.000027s ]
INFO: [ app_init ] --END-- [ RunTime:0.000771s ]
INFO: [ app_begin ] --START--
INFO: Run Behavior\ReadHtmlCacheBehavior [ RunTime:0.001934s ]
INFO: [ app_begin ] --END-- [ RunTime:0.002163s ]
INFO: [ view_parse ] --START--
INFO: [ template_filter ] --START--
INFO: Run Behavior\ContentReplaceBehavior [ RunTime:0.000076s ]
INFO: [ template_filter ] --END-- [ RunTime:0.000206s ]
INFO: Run Behavior\ParseTemplateBehavior [ RunTime:0.015161s ]
INFO: [ view_parse ] --END-- [ RunTime:0.015335s ]
INFO: [ view_filter ] --START--
INFO: Run Behavior\WriteHtmlCacheBehavior [ RunTime:0.002593s ]
INFO: [ view_filter ] --END-- [ RunTime:0.002922s ]
INFO: [ app_end ] --START--
INFO: Run Behavior\ShowPageTraceBehavior [ RunTime:0.006101s ]
INFO: [ app_end ] --END-- [ RunTime:0.006357s ]

[ 2018-07-16T13:54:26+08:00 ] 127.0.0.1 /admin/login/getCodeImg?imageH=35&imageW=115&length=4&fontSize=17
INFO: [ app_init ] --START--
INFO: Run Behavior\BuildLiteBehavior [ RunTime:0.000057s ]
INFO: [ app_init ] --END-- [ RunTime:0.001464s ]
INFO: [ app_begin ] --START--
INFO: Run Behavior\ReadHtmlCacheBehavior [ RunTime:0.002233s ]
INFO: [ app_begin ] --END-- [ RunTime:0.002471s ]
INFO: [ app_end ] --START--
INFO: Run Behavior\ShowPageTraceBehavior [ RunTime:0.002708s ]
INFO: [ app_end ] --END-- [ RunTime:0.002983s ]

